running egg_info
writing ../../build/autonav/autonav.egg-info/PKG-INFO
writing dependency_links to ../../build/autonav/autonav.egg-info/dependency_links.txt
writing entry points to ../../build/autonav/autonav.egg-info/entry_points.txt
writing requirements to ../../build/autonav/autonav.egg-info/requires.txt
writing top-level names to ../../build/autonav/autonav.egg-info/top_level.txt
reading manifest file '../../build/autonav/autonav.egg-info/SOURCES.txt'
writing manifest file '../../build/autonav/autonav.egg-info/SOURCES.txt'
running build
running build_py
running install
running install_lib
running install_data
creating /home/w-ok-e/autonav/install/autonav/share/autonav/launch
copying launch/robot.launch.py -> /home/w-ok-e/autonav/install/autonav/share/autonav/launch
running install_egg_info
removing '/home/w-ok-e/autonav/install/autonav/lib/python3.10/site-packages/autonav-0.0.0-py3.10.egg-info' (and everything under it)
Copying ../../build/autonav/autonav.egg-info to /home/w-ok-e/autonav/install/autonav/lib/python3.10/site-packages/autonav-0.0.0-py3.10.egg-info
running install_scripts
writing list of installed files to '/home/w-ok-e/autonav/build/autonav/install.log'
