[0.734s] Invoking command in '/home/w-ok-e/autonav/src/autonav': CONDA_PROMPT_MODIFIER=(base) PYTHONPATH=/home/w-ok-e/autonav/build/autonav/prefix_override:/usr/lib/python3/dist-packages/colcon_core/task/python/colcon_distutils_commands:/home/w-ok-e/autonav/install/autonav/lib/python3.10/site-packages:${PYTHONPATH} /usr/bin/python3 -W ignore:setup.py install is deprecated -W ignore:easy_install command is deprecated setup.py egg_info --egg-base ../../build/autonav build --build-base /home/w-ok-e/autonav/build/autonav/build install --record /home/w-ok-e/autonav/build/autonav/install.log --single-version-externally-managed install_data
[0.982s] running egg_info
[0.982s] writing ../../build/autonav/autonav.egg-info/PKG-INFO
[0.983s] writing dependency_links to ../../build/autonav/autonav.egg-info/dependency_links.txt
[0.983s] writing entry points to ../../build/autonav/autonav.egg-info/entry_points.txt
[0.983s] writing requirements to ../../build/autonav/autonav.egg-info/requires.txt
[0.983s] writing top-level names to ../../build/autonav/autonav.egg-info/top_level.txt
[0.984s] reading manifest file '../../build/autonav/autonav.egg-info/SOURCES.txt'
[0.985s] writing manifest file '../../build/autonav/autonav.egg-info/SOURCES.txt'
[0.985s] running build
[0.985s] running build_py
[0.986s] running install
[0.986s] running install_lib
[0.988s] running install_data
[0.988s] creating /home/w-ok-e/autonav/install/autonav/share/autonav/launch
[0.988s] copying launch/robot.launch.py -> /home/w-ok-e/autonav/install/autonav/share/autonav/launch
[0.989s] running install_egg_info
[0.991s] removing '/home/w-ok-e/autonav/install/autonav/lib/python3.10/site-packages/autonav-0.0.0-py3.10.egg-info' (and everything under it)
[0.991s] Copying ../../build/autonav/autonav.egg-info to /home/w-ok-e/autonav/install/autonav/lib/python3.10/site-packages/autonav-0.0.0-py3.10.egg-info
[0.992s] running install_scripts
[1.015s] writing list of installed files to '/home/w-ok-e/autonav/build/autonav/install.log'
[1.045s] Invoked command in '/home/w-ok-e/autonav/src/autonav' returned '0': CONDA_PROMPT_MODIFIER=(base) PYTHONPATH=/home/w-ok-e/autonav/build/autonav/prefix_override:/usr/lib/python3/dist-packages/colcon_core/task/python/colcon_distutils_commands:/home/w-ok-e/autonav/install/autonav/lib/python3.10/site-packages:${PYTHONPATH} /usr/bin/python3 -W ignore:setup.py install is deprecated -W ignore:easy_install command is deprecated setup.py egg_info --egg-base ../../build/autonav build --build-base /home/w-ok-e/autonav/build/autonav/build install --record /home/w-ok-e/autonav/build/autonav/install.log --single-version-externally-managed install_data
