[0.824s] Invoking command in '/home/w-ok-e/autonav/build/turtlebot3_navigation2': CMAKE_PREFIX_PATH=/opt/ros/humble CONDA_PROMPT_MODIFIER=(base) /usr/local/bin/cmake /home/w-ok-e/autonav/src/turtlebot3/turtlebot3_navigation2 -DCMAKE_INSTALL_PREFIX=/home/w-ok-e/autonav/install/turtlebot3_navigation2
[1.726s] -- The C compiler identification is GNU 11.4.0
[1.727s] -- The CXX compiler identification is GNU 11.4.0
[1.727s] -- Detecting C compiler ABI info
[1.727s] -- Detecting C compiler ABI info - done
[1.727s] -- Check for working C compiler: /usr/bin/cc - skipped
[1.728s] -- Detecting C compile features
[1.728s] -- Detecting C compile features - done
[1.729s] -- Detecting CXX compiler ABI info
[1.729s] -- Detecting CXX compiler ABI info - done
[1.729s] -- Check for working CXX compiler: /usr/bin/c++ - skipped
[1.729s] -- Detecting CXX compile features
[1.729s] -- Detecting CXX compile features - done
[1.730s] -- Found ament_cmake: 1.3.11 (/opt/ros/humble/share/ament_cmake/cmake)
[2.112s] -- Found Python3: /home/w-ok-e/miniconda3/bin/python3 (found version "3.12.9") found components: Interpreter
[2.753s] -- Configuring done (1.9s)
[2.759s] -- Generating done (0.0s)
[2.765s] -- Build files have been written to: /home/w-ok-e/autonav/build/turtlebot3_navigation2
[2.777s] Invoked command in '/home/w-ok-e/autonav/build/turtlebot3_navigation2' returned '0': CMAKE_PREFIX_PATH=/opt/ros/humble CONDA_PROMPT_MODIFIER=(base) /usr/local/bin/cmake /home/w-ok-e/autonav/src/turtlebot3/turtlebot3_navigation2 -DCMAKE_INSTALL_PREFIX=/home/w-ok-e/autonav/install/turtlebot3_navigation2
[2.783s] Invoking command in '/home/w-ok-e/autonav/build/turtlebot3_navigation2': CMAKE_PREFIX_PATH=/opt/ros/humble CONDA_PROMPT_MODIFIER=(base) /usr/local/bin/cmake --build /home/w-ok-e/autonav/build/turtlebot3_navigation2 -- -j12 -l12
[2.824s] Invoked command in '/home/w-ok-e/autonav/build/turtlebot3_navigation2' returned '0': CMAKE_PREFIX_PATH=/opt/ros/humble CONDA_PROMPT_MODIFIER=(base) /usr/local/bin/cmake --build /home/w-ok-e/autonav/build/turtlebot3_navigation2 -- -j12 -l12
[2.830s] Invoking command in '/home/w-ok-e/autonav/build/turtlebot3_navigation2': CMAKE_PREFIX_PATH=/opt/ros/humble CONDA_PROMPT_MODIFIER=(base) /usr/local/bin/cmake --install /home/w-ok-e/autonav/build/turtlebot3_navigation2
[2.836s] -- Install configuration: ""
[2.837s] -- Installing: /home/w-ok-e/autonav/install/turtlebot3_navigation2/share/turtlebot3_navigation2/launch
[2.838s] -- Installing: /home/w-ok-e/autonav/install/turtlebot3_navigation2/share/turtlebot3_navigation2/launch/navigation2.launch.py
[2.839s] -- Installing: /home/w-ok-e/autonav/install/turtlebot3_navigation2/share/turtlebot3_navigation2/map
[2.840s] -- Installing: /home/w-ok-e/autonav/install/turtlebot3_navigation2/share/turtlebot3_navigation2/map/map.yaml
[2.840s] -- Installing: /home/w-ok-e/autonav/install/turtlebot3_navigation2/share/turtlebot3_navigation2/map/map.pgm
[2.841s] -- Installing: /home/w-ok-e/autonav/install/turtlebot3_navigation2/share/turtlebot3_navigation2/param
[2.841s] -- Installing: /home/w-ok-e/autonav/install/turtlebot3_navigation2/share/turtlebot3_navigation2/param/waffle_pi.yaml
[2.842s] -- Installing: /home/w-ok-e/autonav/install/turtlebot3_navigation2/share/turtlebot3_navigation2/param/humble
[2.842s] -- Installing: /home/w-ok-e/autonav/install/turtlebot3_navigation2/share/turtlebot3_navigation2/param/humble/waffle_pi.yaml
[2.842s] -- Installing: /home/w-ok-e/autonav/install/turtlebot3_navigation2/share/turtlebot3_navigation2/param/humble/burger_cam.yaml
[2.843s] -- Installing: /home/w-ok-e/autonav/install/turtlebot3_navigation2/share/turtlebot3_navigation2/param/humble/waffle.yaml
[2.843s] -- Installing: /home/w-ok-e/autonav/install/turtlebot3_navigation2/share/turtlebot3_navigation2/param/humble/burger.yaml
[2.844s] -- Installing: /home/w-ok-e/autonav/install/turtlebot3_navigation2/share/turtlebot3_navigation2/param/burger_cam.yaml
[2.844s] -- Installing: /home/w-ok-e/autonav/install/turtlebot3_navigation2/share/turtlebot3_navigation2/param/waffle.yaml
[2.845s] -- Installing: /home/w-ok-e/autonav/install/turtlebot3_navigation2/share/turtlebot3_navigation2/param/burger.yaml
[2.845s] -- Installing: /home/w-ok-e/autonav/install/turtlebot3_navigation2/share/turtlebot3_navigation2/rviz
[2.845s] -- Installing: /home/w-ok-e/autonav/install/turtlebot3_navigation2/share/turtlebot3_navigation2/rviz/tb3_navigation2.rviz
[2.846s] -- Installing: /home/w-ok-e/autonav/install/turtlebot3_navigation2/share/ament_index/resource_index/package_run_dependencies/turtlebot3_navigation2
[2.846s] -- Installing: /home/w-ok-e/autonav/install/turtlebot3_navigation2/share/ament_index/resource_index/parent_prefix_path/turtlebot3_navigation2
[2.847s] -- Installing: /home/w-ok-e/autonav/install/turtlebot3_navigation2/share/turtlebot3_navigation2/environment/ament_prefix_path.sh
[2.848s] -- Installing: /home/w-ok-e/autonav/install/turtlebot3_navigation2/share/turtlebot3_navigation2/environment/ament_prefix_path.dsv
[2.848s] -- Installing: /home/w-ok-e/autonav/install/turtlebot3_navigation2/share/turtlebot3_navigation2/environment/path.sh
[2.852s] -- Installing: /home/w-ok-e/autonav/install/turtlebot3_navigation2/share/turtlebot3_navigation2/environment/path.dsv
[2.854s] -- Installing: /home/w-ok-e/autonav/install/turtlebot3_navigation2/share/turtlebot3_navigation2/local_setup.bash
[2.855s] -- Installing: /home/w-ok-e/autonav/install/turtlebot3_navigation2/share/turtlebot3_navigation2/local_setup.sh
[2.855s] -- Installing: /home/w-ok-e/autonav/install/turtlebot3_navigation2/share/turtlebot3_navigation2/local_setup.zsh
[2.855s] -- Installing: /home/w-ok-e/autonav/install/turtlebot3_navigation2/share/turtlebot3_navigation2/local_setup.dsv
[2.856s] -- Installing: /home/w-ok-e/autonav/install/turtlebot3_navigation2/share/turtlebot3_navigation2/package.dsv
[2.856s] -- Installing: /home/w-ok-e/autonav/install/turtlebot3_navigation2/share/ament_index/resource_index/packages/turtlebot3_navigation2
[2.856s] -- Installing: /home/w-ok-e/autonav/install/turtlebot3_navigation2/share/turtlebot3_navigation2/cmake/turtlebot3_navigation2Config.cmake
[2.856s] -- Installing: /home/w-ok-e/autonav/install/turtlebot3_navigation2/share/turtlebot3_navigation2/cmake/turtlebot3_navigation2Config-version.cmake
[2.856s] -- Installing: /home/w-ok-e/autonav/install/turtlebot3_navigation2/share/turtlebot3_navigation2/package.xml
[2.857s] Invoked command in '/home/w-ok-e/autonav/build/turtlebot3_navigation2' returned '0': CMAKE_PREFIX_PATH=/opt/ros/humble CONDA_PROMPT_MODIFIER=(base) /usr/local/bin/cmake --install /home/w-ok-e/autonav/build/turtlebot3_navigation2
