[2.960s] Invoking command in '/home/w-ok-e/autonav/src/turtlebot3/turtlebot3_example': CONDA_PROMPT_MODIFIER=(base) PYTHONPATH=/home/w-ok-e/autonav/build/turtlebot3_example/prefix_override:/usr/lib/python3/dist-packages/colcon_core/task/python/colcon_distutils_commands:/home/w-ok-e/autonav/install/turtlebot3_example/lib/python3.10/site-packages:${PYTHONPATH} /usr/bin/python3 -W ignore:setup.py install is deprecated -W ignore:easy_install command is deprecated setup.py egg_info --egg-base ../../../build/turtlebot3_example build --build-base /home/w-ok-e/autonav/build/turtlebot3_example/build install --record /home/w-ok-e/autonav/build/turtlebot3_example/install.log --single-version-externally-managed install_data
[3.599s] running egg_info
[3.600s] creating ../../../build/turtlebot3_example/turtlebot3_example.egg-info
[3.601s] writing ../../../build/turtlebot3_example/turtlebot3_example.egg-info/PKG-INFO
[3.601s] writing dependency_links to ../../../build/turtlebot3_example/turtlebot3_example.egg-info/dependency_links.txt
[3.602s] writing entry points to ../../../build/turtlebot3_example/turtlebot3_example.egg-info/entry_points.txt
[3.602s] writing requirements to ../../../build/turtlebot3_example/turtlebot3_example.egg-info/requires.txt
[3.602s] writing top-level names to ../../../build/turtlebot3_example/turtlebot3_example.egg-info/top_level.txt
[3.602s] writing manifest file '../../../build/turtlebot3_example/turtlebot3_example.egg-info/SOURCES.txt'
[3.606s] reading manifest file '../../../build/turtlebot3_example/turtlebot3_example.egg-info/SOURCES.txt'
[3.610s] writing manifest file '../../../build/turtlebot3_example/turtlebot3_example.egg-info/SOURCES.txt'
[3.611s] running build
[3.611s] running build_py
[3.611s] creating /home/w-ok-e/autonav/build/turtlebot3_example/build
[3.612s] creating /home/w-ok-e/autonav/build/turtlebot3_example/build/lib
[3.612s] creating /home/w-ok-e/autonav/build/turtlebot3_example/build/lib/turtlebot3_example
[3.612s] copying turtlebot3_example/__init__.py -> /home/w-ok-e/autonav/build/turtlebot3_example/build/lib/turtlebot3_example
[3.613s] creating /home/w-ok-e/autonav/build/turtlebot3_example/build/lib/turtlebot3_example/turtlebot3_interactive_marker
[3.613s] copying turtlebot3_example/turtlebot3_interactive_marker/__init__.py -> /home/w-ok-e/autonav/build/turtlebot3_example/build/lib/turtlebot3_example/turtlebot3_interactive_marker
[3.614s] copying turtlebot3_example/turtlebot3_interactive_marker/turtlebot3_interactive_marker.py -> /home/w-ok-e/autonav/build/turtlebot3_example/build/lib/turtlebot3_example/turtlebot3_interactive_marker
[3.615s] creating /home/w-ok-e/autonav/build/turtlebot3_example/build/lib/turtlebot3_example/turtlebot3_obstacle_detection
[3.617s] copying turtlebot3_example/turtlebot3_obstacle_detection/turtlebot3_obstacle_detection.py -> /home/w-ok-e/autonav/build/turtlebot3_example/build/lib/turtlebot3_example/turtlebot3_obstacle_detection
[3.618s] copying turtlebot3_example/turtlebot3_obstacle_detection/__init__.py -> /home/w-ok-e/autonav/build/turtlebot3_example/build/lib/turtlebot3_example/turtlebot3_obstacle_detection
[3.618s] creating /home/w-ok-e/autonav/build/turtlebot3_example/build/lib/turtlebot3_example/turtlebot3_position_control
[3.618s] copying turtlebot3_example/turtlebot3_position_control/turtlebot3_position_control_pointop_key.py -> /home/w-ok-e/autonav/build/turtlebot3_example/build/lib/turtlebot3_example/turtlebot3_position_control
[3.618s] copying turtlebot3_example/turtlebot3_position_control/__init__.py -> /home/w-ok-e/autonav/build/turtlebot3_example/build/lib/turtlebot3_example/turtlebot3_position_control
[3.619s] creating /home/w-ok-e/autonav/build/turtlebot3_example/build/lib/turtlebot3_example/turtlebot3_patrol
[3.619s] copying turtlebot3_example/turtlebot3_patrol/turtlebot3_patrol_server.py -> /home/w-ok-e/autonav/build/turtlebot3_example/build/lib/turtlebot3_example/turtlebot3_patrol
[3.619s] copying turtlebot3_example/turtlebot3_patrol/turtlebot3_patrol_client.py -> /home/w-ok-e/autonav/build/turtlebot3_example/build/lib/turtlebot3_example/turtlebot3_patrol
[3.619s] copying turtlebot3_example/turtlebot3_patrol/__init__.py -> /home/w-ok-e/autonav/build/turtlebot3_example/build/lib/turtlebot3_example/turtlebot3_patrol
[3.620s] running install
[3.621s] running install_lib
[3.621s] creating /home/w-ok-e/autonav/install/turtlebot3_example/lib/python3.10/site-packages/turtlebot3_example
[3.622s] creating /home/w-ok-e/autonav/install/turtlebot3_example/lib/python3.10/site-packages/turtlebot3_example/turtlebot3_interactive_marker
[3.622s] copying /home/w-ok-e/autonav/build/turtlebot3_example/build/lib/turtlebot3_example/turtlebot3_interactive_marker/__init__.py -> /home/w-ok-e/autonav/install/turtlebot3_example/lib/python3.10/site-packages/turtlebot3_example/turtlebot3_interactive_marker
[3.623s] copying /home/w-ok-e/autonav/build/turtlebot3_example/build/lib/turtlebot3_example/turtlebot3_interactive_marker/turtlebot3_interactive_marker.py -> /home/w-ok-e/autonav/install/turtlebot3_example/lib/python3.10/site-packages/turtlebot3_example/turtlebot3_interactive_marker
[3.624s] creating /home/w-ok-e/autonav/install/turtlebot3_example/lib/python3.10/site-packages/turtlebot3_example/turtlebot3_obstacle_detection
[3.625s] copying /home/w-ok-e/autonav/build/turtlebot3_example/build/lib/turtlebot3_example/turtlebot3_obstacle_detection/turtlebot3_obstacle_detection.py -> /home/w-ok-e/autonav/install/turtlebot3_example/lib/python3.10/site-packages/turtlebot3_example/turtlebot3_obstacle_detection
[3.625s] copying /home/w-ok-e/autonav/build/turtlebot3_example/build/lib/turtlebot3_example/turtlebot3_obstacle_detection/__init__.py -> /home/w-ok-e/autonav/install/turtlebot3_example/lib/python3.10/site-packages/turtlebot3_example/turtlebot3_obstacle_detection
[3.626s] creating /home/w-ok-e/autonav/install/turtlebot3_example/lib/python3.10/site-packages/turtlebot3_example/turtlebot3_position_control
[3.626s] copying /home/w-ok-e/autonav/build/turtlebot3_example/build/lib/turtlebot3_example/turtlebot3_position_control/turtlebot3_position_control_pointop_key.py -> /home/w-ok-e/autonav/install/turtlebot3_example/lib/python3.10/site-packages/turtlebot3_example/turtlebot3_position_control
[3.626s] copying /home/w-ok-e/autonav/build/turtlebot3_example/build/lib/turtlebot3_example/turtlebot3_position_control/__init__.py -> /home/w-ok-e/autonav/install/turtlebot3_example/lib/python3.10/site-packages/turtlebot3_example/turtlebot3_position_control
[3.626s] creating /home/w-ok-e/autonav/install/turtlebot3_example/lib/python3.10/site-packages/turtlebot3_example/turtlebot3_patrol
[3.626s] copying /home/w-ok-e/autonav/build/turtlebot3_example/build/lib/turtlebot3_example/turtlebot3_patrol/turtlebot3_patrol_server.py -> /home/w-ok-e/autonav/install/turtlebot3_example/lib/python3.10/site-packages/turtlebot3_example/turtlebot3_patrol
[3.627s] copying /home/w-ok-e/autonav/build/turtlebot3_example/build/lib/turtlebot3_example/turtlebot3_patrol/turtlebot3_patrol_client.py -> /home/w-ok-e/autonav/install/turtlebot3_example/lib/python3.10/site-packages/turtlebot3_example/turtlebot3_patrol
[3.627s] copying /home/w-ok-e/autonav/build/turtlebot3_example/build/lib/turtlebot3_example/turtlebot3_patrol/__init__.py -> /home/w-ok-e/autonav/install/turtlebot3_example/lib/python3.10/site-packages/turtlebot3_example/turtlebot3_patrol
[3.627s] copying /home/w-ok-e/autonav/build/turtlebot3_example/build/lib/turtlebot3_example/__init__.py -> /home/w-ok-e/autonav/install/turtlebot3_example/lib/python3.10/site-packages/turtlebot3_example
[3.628s] byte-compiling /home/w-ok-e/autonav/install/turtlebot3_example/lib/python3.10/site-packages/turtlebot3_example/turtlebot3_interactive_marker/__init__.py to __init__.cpython-310.pyc
[3.628s] byte-compiling /home/w-ok-e/autonav/install/turtlebot3_example/lib/python3.10/site-packages/turtlebot3_example/turtlebot3_interactive_marker/turtlebot3_interactive_marker.py to turtlebot3_interactive_marker.cpython-310.pyc
[3.630s] byte-compiling /home/w-ok-e/autonav/install/turtlebot3_example/lib/python3.10/site-packages/turtlebot3_example/turtlebot3_obstacle_detection/turtlebot3_obstacle_detection.py to turtlebot3_obstacle_detection.cpython-310.pyc
[3.632s] byte-compiling /home/w-ok-e/autonav/install/turtlebot3_example/lib/python3.10/site-packages/turtlebot3_example/turtlebot3_obstacle_detection/__init__.py to __init__.cpython-310.pyc
[3.632s] byte-compiling /home/w-ok-e/autonav/install/turtlebot3_example/lib/python3.10/site-packages/turtlebot3_example/turtlebot3_position_control/turtlebot3_position_control_pointop_key.py to turtlebot3_position_control_pointop_key.cpython-310.pyc
[3.635s] byte-compiling /home/w-ok-e/autonav/install/turtlebot3_example/lib/python3.10/site-packages/turtlebot3_example/turtlebot3_position_control/__init__.py to __init__.cpython-310.pyc
[3.635s] byte-compiling /home/w-ok-e/autonav/install/turtlebot3_example/lib/python3.10/site-packages/turtlebot3_example/turtlebot3_patrol/turtlebot3_patrol_server.py to turtlebot3_patrol_server.cpython-310.pyc
[3.639s] byte-compiling /home/w-ok-e/autonav/install/turtlebot3_example/lib/python3.10/site-packages/turtlebot3_example/turtlebot3_patrol/turtlebot3_patrol_client.py to turtlebot3_patrol_client.cpython-310.pyc
[3.641s] byte-compiling /home/w-ok-e/autonav/install/turtlebot3_example/lib/python3.10/site-packages/turtlebot3_example/turtlebot3_patrol/__init__.py to __init__.cpython-310.pyc
[3.641s] byte-compiling /home/w-ok-e/autonav/install/turtlebot3_example/lib/python3.10/site-packages/turtlebot3_example/__init__.py to __init__.cpython-310.pyc
[3.642s] running install_data
[3.642s] creating /home/w-ok-e/autonav/install/turtlebot3_example/share/ament_index
[3.643s] creating /home/w-ok-e/autonav/install/turtlebot3_example/share/ament_index/resource_index
[3.643s] creating /home/w-ok-e/autonav/install/turtlebot3_example/share/ament_index/resource_index/packages
[3.643s] copying resource/turtlebot3_example -> /home/w-ok-e/autonav/install/turtlebot3_example/share/ament_index/resource_index/packages
[3.644s] copying package.xml -> /home/w-ok-e/autonav/install/turtlebot3_example/share/turtlebot3_example
[3.644s] running install_egg_info
[3.652s] Copying ../../../build/turtlebot3_example/turtlebot3_example.egg-info to /home/w-ok-e/autonav/install/turtlebot3_example/lib/python3.10/site-packages/turtlebot3_example-2.2.6-py3.10.egg-info
[3.654s] running install_scripts
[3.716s] Installing turtlebot3_interactive_marker script to /home/w-ok-e/autonav/install/turtlebot3_example/lib/turtlebot3_example
[3.716s] Installing turtlebot3_obstacle_detection script to /home/w-ok-e/autonav/install/turtlebot3_example/lib/turtlebot3_example
[3.717s] Installing turtlebot3_patrol_client script to /home/w-ok-e/autonav/install/turtlebot3_example/lib/turtlebot3_example
[3.717s] Installing turtlebot3_patrol_server script to /home/w-ok-e/autonav/install/turtlebot3_example/lib/turtlebot3_example
[3.717s] Installing turtlebot3_position_control_pointop_key script to /home/w-ok-e/autonav/install/turtlebot3_example/lib/turtlebot3_example
[3.718s] writing list of installed files to '/home/w-ok-e/autonav/build/turtlebot3_example/install.log'
[3.805s] Invoked command in '/home/w-ok-e/autonav/src/turtlebot3/turtlebot3_example' returned '0': CONDA_PROMPT_MODIFIER=(base) PYTHONPATH=/home/w-ok-e/autonav/build/turtlebot3_example/prefix_override:/usr/lib/python3/dist-packages/colcon_core/task/python/colcon_distutils_commands:/home/w-ok-e/autonav/install/turtlebot3_example/lib/python3.10/site-packages:${PYTHONPATH} /usr/bin/python3 -W ignore:setup.py install is deprecated -W ignore:easy_install command is deprecated setup.py egg_info --egg-base ../../../build/turtlebot3_example build --build-base /home/w-ok-e/autonav/build/turtlebot3_example/build install --record /home/w-ok-e/autonav/build/turtlebot3_example/install.log --single-version-externally-managed install_data
