[0.110s] Invoking command in '/home/w-ok-e/autonav/build/turtlebot3_description': CMAKE_PREFIX_PATH=/opt/ros/humble CONDA_PROMPT_MODIFIER=(base) /usr/local/bin/cmake /home/w-ok-e/autonav/src/turtlebot3/turtlebot3_description -DCMAKE_INSTALL_PREFIX=/home/w-ok-e/autonav/install/turtlebot3_description
[1.766s] -- The C compiler identification is GNU 11.4.0
[1.769s] -- The CXX compiler identification is GNU 11.4.0
[1.772s] -- Detecting C compiler ABI info
[1.773s] -- Detecting C compiler ABI info - done
[1.774s] -- Check for working C compiler: /usr/bin/cc - skipped
[1.774s] -- Detecting C compile features
[1.775s] -- Detecting C compile features - done
[1.775s] -- Detecting CXX compiler ABI info
[1.775s] -- Detecting CXX compiler ABI info - done
[1.775s] -- Check for working CXX compiler: /usr/bin/c++ - skipped
[1.775s] -- Detecting CXX compile features
[1.775s] -- Detecting CXX compile features - done
[1.775s] -- Found ament_cmake: 1.3.11 (/opt/ros/humble/share/ament_cmake/cmake)
[1.776s] -- Found Python3: /home/w-ok-e/miniconda3/bin/python3 (found version "3.12.9") found components: Interpreter
[1.776s] -- Found urdf: 2.6.1 (/opt/ros/humble/share/urdf/cmake)
[2.302s] -- Configuring done (2.2s)
[2.312s] -- Generating done (0.0s)
[2.319s] -- Build files have been written to: /home/w-ok-e/autonav/build/turtlebot3_description
[2.344s] Invoked command in '/home/w-ok-e/autonav/build/turtlebot3_description' returned '0': CMAKE_PREFIX_PATH=/opt/ros/humble CONDA_PROMPT_MODIFIER=(base) /usr/local/bin/cmake /home/w-ok-e/autonav/src/turtlebot3/turtlebot3_description -DCMAKE_INSTALL_PREFIX=/home/w-ok-e/autonav/install/turtlebot3_description
[2.347s] Invoking command in '/home/w-ok-e/autonav/build/turtlebot3_description': CMAKE_PREFIX_PATH=/opt/ros/humble CONDA_PROMPT_MODIFIER=(base) /usr/local/bin/cmake --build /home/w-ok-e/autonav/build/turtlebot3_description -- -j12 -l12
[2.391s] Invoked command in '/home/w-ok-e/autonav/build/turtlebot3_description' returned '0': CMAKE_PREFIX_PATH=/opt/ros/humble CONDA_PROMPT_MODIFIER=(base) /usr/local/bin/cmake --build /home/w-ok-e/autonav/build/turtlebot3_description -- -j12 -l12
[2.396s] Invoking command in '/home/w-ok-e/autonav/build/turtlebot3_description': CMAKE_PREFIX_PATH=/opt/ros/humble CONDA_PROMPT_MODIFIER=(base) /usr/local/bin/cmake --install /home/w-ok-e/autonav/build/turtlebot3_description
[2.403s] -- Install configuration: ""
[2.403s] -- Installing: /home/w-ok-e/autonav/install/turtlebot3_description/share/turtlebot3_description/meshes
[2.404s] -- Installing: /home/w-ok-e/autonav/install/turtlebot3_description/share/turtlebot3_description/meshes/bases
[2.404s] -- Installing: /home/w-ok-e/autonav/install/turtlebot3_description/share/turtlebot3_description/meshes/bases/waffle_base.stl
[2.457s] -- Installing: /home/w-ok-e/autonav/install/turtlebot3_description/share/turtlebot3_description/meshes/bases/waffle_pi_base.stl
[2.479s] -- Installing: /home/w-ok-e/autonav/install/turtlebot3_description/share/turtlebot3_description/meshes/bases/burger_base.stl
[2.488s] -- Installing: /home/w-ok-e/autonav/install/turtlebot3_description/share/turtlebot3_description/meshes/sensors
[2.489s] -- Installing: /home/w-ok-e/autonav/install/turtlebot3_description/share/turtlebot3_description/meshes/sensors/astra.jpg
[2.489s] -- Installing: /home/w-ok-e/autonav/install/turtlebot3_description/share/turtlebot3_description/meshes/sensors/astra.dae
[2.505s] -- Installing: /home/w-ok-e/autonav/install/turtlebot3_description/share/turtlebot3_description/meshes/sensors/r200.dae
[2.506s] -- Installing: /home/w-ok-e/autonav/install/turtlebot3_description/share/turtlebot3_description/meshes/sensors/r200.jpg
[2.506s] -- Installing: /home/w-ok-e/autonav/install/turtlebot3_description/share/turtlebot3_description/meshes/sensors/lds.stl
[2.507s] -- Installing: /home/w-ok-e/autonav/install/turtlebot3_description/share/turtlebot3_description/meshes/wheels
[2.507s] -- Installing: /home/w-ok-e/autonav/install/turtlebot3_description/share/turtlebot3_description/meshes/wheels/left_tire.stl
[2.509s] -- Installing: /home/w-ok-e/autonav/install/turtlebot3_description/share/turtlebot3_description/meshes/wheels/right_tire.stl
[2.511s] -- Installing: /home/w-ok-e/autonav/install/turtlebot3_description/share/turtlebot3_description/rviz
[2.512s] -- Installing: /home/w-ok-e/autonav/install/turtlebot3_description/share/turtlebot3_description/rviz/model.rviz
[2.512s] -- Installing: /home/w-ok-e/autonav/install/turtlebot3_description/share/turtlebot3_description/urdf
[2.513s] -- Installing: /home/w-ok-e/autonav/install/turtlebot3_description/share/turtlebot3_description/urdf/turtlebot3_waffle_pi.urdf
[2.513s] -- Installing: /home/w-ok-e/autonav/install/turtlebot3_description/share/turtlebot3_description/urdf/turtlebot3_burger.urdf
[2.513s] -- Installing: /home/w-ok-e/autonav/install/turtlebot3_description/share/turtlebot3_description/urdf/turtlebot3_waffle.urdf
[2.514s] -- Installing: /home/w-ok-e/autonav/install/turtlebot3_description/share/turtlebot3_description/urdf/common_properties.urdf
[2.514s] -- Installing: /home/w-ok-e/autonav/install/turtlebot3_description/share/ament_index/resource_index/package_run_dependencies/turtlebot3_description
[2.514s] -- Installing: /home/w-ok-e/autonav/install/turtlebot3_description/share/ament_index/resource_index/parent_prefix_path/turtlebot3_description
[2.515s] -- Installing: /home/w-ok-e/autonav/install/turtlebot3_description/share/turtlebot3_description/environment/ament_prefix_path.sh
[2.515s] -- Installing: /home/w-ok-e/autonav/install/turtlebot3_description/share/turtlebot3_description/environment/ament_prefix_path.dsv
[2.515s] -- Installing: /home/w-ok-e/autonav/install/turtlebot3_description/share/turtlebot3_description/environment/path.sh
[2.515s] -- Installing: /home/w-ok-e/autonav/install/turtlebot3_description/share/turtlebot3_description/environment/path.dsv
[2.516s] -- Installing: /home/w-ok-e/autonav/install/turtlebot3_description/share/turtlebot3_description/local_setup.bash
[2.516s] -- Installing: /home/w-ok-e/autonav/install/turtlebot3_description/share/turtlebot3_description/local_setup.sh
[2.516s] -- Installing: /home/w-ok-e/autonav/install/turtlebot3_description/share/turtlebot3_description/local_setup.zsh
[2.517s] -- Installing: /home/w-ok-e/autonav/install/turtlebot3_description/share/turtlebot3_description/local_setup.dsv
[2.517s] -- Installing: /home/w-ok-e/autonav/install/turtlebot3_description/share/turtlebot3_description/package.dsv
[2.517s] -- Installing: /home/w-ok-e/autonav/install/turtlebot3_description/share/ament_index/resource_index/packages/turtlebot3_description
[2.517s] -- Installing: /home/w-ok-e/autonav/install/turtlebot3_description/share/turtlebot3_description/cmake/turtlebot3_descriptionConfig.cmake
[2.518s] -- Installing: /home/w-ok-e/autonav/install/turtlebot3_description/share/turtlebot3_description/cmake/turtlebot3_descriptionConfig-version.cmake
[2.518s] -- Installing: /home/w-ok-e/autonav/install/turtlebot3_description/share/turtlebot3_description/package.xml
[2.524s] Invoked command in '/home/w-ok-e/autonav/build/turtlebot3_description' returned '0': CMAKE_PREFIX_PATH=/opt/ros/humble CONDA_PROMPT_MODIFIER=(base) /usr/local/bin/cmake --install /home/w-ok-e/autonav/build/turtlebot3_description
