[0.036s] Invoking command in '/home/w-ok-e/autonav/build/turtlebot3': AMENT_PREFIX_PATH=/home/w-ok-e/autonav/install/turtlebot3_bringup:/home/w-ok-e/autonav/install/turtlebot3_teleop:/home/w-ok-e/autonav/install/turtlebot3_node:/home/w-ok-e/autonav/install/turtlebot3_navigation2:/home/w-ok-e/autonav/install/turtlebot3_example:/home/w-ok-e/autonav/install/turtlebot3_description:/home/w-ok-e/autonav/install/turtlebot3_cartographer:${AMENT_PREFIX_PATH} CMAKE_PREFIX_PATH=/home/w-ok-e/autonav/install/turtlebot3_bringup:/home/w-ok-e/autonav/install/turtlebot3_node:/home/w-ok-e/autonav/install/turtlebot3_navigation2:/home/w-ok-e/autonav/install/turtlebot3_description:/home/w-ok-e/autonav/install/turtlebot3_cartographer:/opt/ros/humble CONDA_PROMPT_MODIFIER=(base) PYTHONPATH=/home/w-ok-e/autonav/install/turtlebot3_teleop/lib/python3.10/site-packages:/home/w-ok-e/autonav/install/turtlebot3_example/lib/python3.10/site-packages:${PYTHONPATH} /usr/local/bin/cmake /home/w-ok-e/autonav/src/turtlebot3/turtlebot3 -DCMAKE_INSTALL_PREFIX=/home/w-ok-e/autonav/install/turtlebot3
[0.176s] -- The C compiler identification is GNU 11.4.0
[0.352s] -- The CXX compiler identification is GNU 11.4.0
[0.391s] -- Detecting C compiler ABI info
[0.565s] -- Detecting C compiler ABI info - done
[0.621s] -- Check for working C compiler: /usr/bin/cc - skipped
[0.623s] -- Detecting C compile features
[0.625s] -- Detecting C compile features - done
[0.640s] -- Detecting CXX compiler ABI info
[0.846s] -- Detecting CXX compiler ABI info - done
[0.901s] -- Check for working CXX compiler: /usr/bin/c++ - skipped
[0.902s] -- Detecting CXX compile features
[0.904s] -- Detecting CXX compile features - done
[0.917s] -- Found ament_cmake: 1.3.11 (/opt/ros/humble/share/ament_cmake/cmake)
[1.289s] -- Found Python3: /home/w-ok-e/miniconda3/bin/python3 (found version "3.12.9") found components: Interpreter
[1.944s] -- Configuring done (1.9s)
[1.951s] -- Generating done (0.0s)
[1.956s] -- Build files have been written to: /home/w-ok-e/autonav/build/turtlebot3
[1.970s] Invoked command in '/home/w-ok-e/autonav/build/turtlebot3' returned '0': AMENT_PREFIX_PATH=/home/w-ok-e/autonav/install/turtlebot3_bringup:/home/w-ok-e/autonav/install/turtlebot3_teleop:/home/w-ok-e/autonav/install/turtlebot3_node:/home/w-ok-e/autonav/install/turtlebot3_navigation2:/home/w-ok-e/autonav/install/turtlebot3_example:/home/w-ok-e/autonav/install/turtlebot3_description:/home/w-ok-e/autonav/install/turtlebot3_cartographer:${AMENT_PREFIX_PATH} CMAKE_PREFIX_PATH=/home/w-ok-e/autonav/install/turtlebot3_bringup:/home/w-ok-e/autonav/install/turtlebot3_node:/home/w-ok-e/autonav/install/turtlebot3_navigation2:/home/w-ok-e/autonav/install/turtlebot3_description:/home/w-ok-e/autonav/install/turtlebot3_cartographer:/opt/ros/humble CONDA_PROMPT_MODIFIER=(base) PYTHONPATH=/home/w-ok-e/autonav/install/turtlebot3_teleop/lib/python3.10/site-packages:/home/w-ok-e/autonav/install/turtlebot3_example/lib/python3.10/site-packages:${PYTHONPATH} /usr/local/bin/cmake /home/w-ok-e/autonav/src/turtlebot3/turtlebot3 -DCMAKE_INSTALL_PREFIX=/home/w-ok-e/autonav/install/turtlebot3
[1.974s] Invoking command in '/home/w-ok-e/autonav/build/turtlebot3': AMENT_PREFIX_PATH=/home/w-ok-e/autonav/install/turtlebot3_bringup:/home/w-ok-e/autonav/install/turtlebot3_teleop:/home/w-ok-e/autonav/install/turtlebot3_node:/home/w-ok-e/autonav/install/turtlebot3_navigation2:/home/w-ok-e/autonav/install/turtlebot3_example:/home/w-ok-e/autonav/install/turtlebot3_description:/home/w-ok-e/autonav/install/turtlebot3_cartographer:${AMENT_PREFIX_PATH} CMAKE_PREFIX_PATH=/home/w-ok-e/autonav/install/turtlebot3_bringup:/home/w-ok-e/autonav/install/turtlebot3_node:/home/w-ok-e/autonav/install/turtlebot3_navigation2:/home/w-ok-e/autonav/install/turtlebot3_description:/home/w-ok-e/autonav/install/turtlebot3_cartographer:/opt/ros/humble CONDA_PROMPT_MODIFIER=(base) PYTHONPATH=/home/w-ok-e/autonav/install/turtlebot3_teleop/lib/python3.10/site-packages:/home/w-ok-e/autonav/install/turtlebot3_example/lib/python3.10/site-packages:${PYTHONPATH} /usr/local/bin/cmake --build /home/w-ok-e/autonav/build/turtlebot3 -- -j12 -l12
[2.015s] Invoked command in '/home/w-ok-e/autonav/build/turtlebot3' returned '0': AMENT_PREFIX_PATH=/home/w-ok-e/autonav/install/turtlebot3_bringup:/home/w-ok-e/autonav/install/turtlebot3_teleop:/home/w-ok-e/autonav/install/turtlebot3_node:/home/w-ok-e/autonav/install/turtlebot3_navigation2:/home/w-ok-e/autonav/install/turtlebot3_example:/home/w-ok-e/autonav/install/turtlebot3_description:/home/w-ok-e/autonav/install/turtlebot3_cartographer:${AMENT_PREFIX_PATH} CMAKE_PREFIX_PATH=/home/w-ok-e/autonav/install/turtlebot3_bringup:/home/w-ok-e/autonav/install/turtlebot3_node:/home/w-ok-e/autonav/install/turtlebot3_navigation2:/home/w-ok-e/autonav/install/turtlebot3_description:/home/w-ok-e/autonav/install/turtlebot3_cartographer:/opt/ros/humble CONDA_PROMPT_MODIFIER=(base) PYTHONPATH=/home/w-ok-e/autonav/install/turtlebot3_teleop/lib/python3.10/site-packages:/home/w-ok-e/autonav/install/turtlebot3_example/lib/python3.10/site-packages:${PYTHONPATH} /usr/local/bin/cmake --build /home/w-ok-e/autonav/build/turtlebot3 -- -j12 -l12
[2.020s] Invoking command in '/home/w-ok-e/autonav/build/turtlebot3': AMENT_PREFIX_PATH=/home/w-ok-e/autonav/install/turtlebot3_bringup:/home/w-ok-e/autonav/install/turtlebot3_teleop:/home/w-ok-e/autonav/install/turtlebot3_node:/home/w-ok-e/autonav/install/turtlebot3_navigation2:/home/w-ok-e/autonav/install/turtlebot3_example:/home/w-ok-e/autonav/install/turtlebot3_description:/home/w-ok-e/autonav/install/turtlebot3_cartographer:${AMENT_PREFIX_PATH} CMAKE_PREFIX_PATH=/home/w-ok-e/autonav/install/turtlebot3_bringup:/home/w-ok-e/autonav/install/turtlebot3_node:/home/w-ok-e/autonav/install/turtlebot3_navigation2:/home/w-ok-e/autonav/install/turtlebot3_description:/home/w-ok-e/autonav/install/turtlebot3_cartographer:/opt/ros/humble CONDA_PROMPT_MODIFIER=(base) PYTHONPATH=/home/w-ok-e/autonav/install/turtlebot3_teleop/lib/python3.10/site-packages:/home/w-ok-e/autonav/install/turtlebot3_example/lib/python3.10/site-packages:${PYTHONPATH} /usr/local/bin/cmake --install /home/w-ok-e/autonav/build/turtlebot3
[2.026s] -- Install configuration: ""
[2.027s] -- Installing: /home/w-ok-e/autonav/install/turtlebot3/share/ament_index/resource_index/package_run_dependencies/turtlebot3
[2.027s] -- Installing: /home/w-ok-e/autonav/install/turtlebot3/share/ament_index/resource_index/parent_prefix_path/turtlebot3
[2.028s] -- Installing: /home/w-ok-e/autonav/install/turtlebot3/share/turtlebot3/environment/ament_prefix_path.sh
[2.028s] -- Installing: /home/w-ok-e/autonav/install/turtlebot3/share/turtlebot3/environment/ament_prefix_path.dsv
[2.028s] -- Installing: /home/w-ok-e/autonav/install/turtlebot3/share/turtlebot3/environment/path.sh
[2.028s] -- Installing: /home/w-ok-e/autonav/install/turtlebot3/share/turtlebot3/environment/path.dsv
[2.029s] -- Installing: /home/w-ok-e/autonav/install/turtlebot3/share/turtlebot3/local_setup.bash
[2.029s] -- Installing: /home/w-ok-e/autonav/install/turtlebot3/share/turtlebot3/local_setup.sh
[2.030s] -- Installing: /home/w-ok-e/autonav/install/turtlebot3/share/turtlebot3/local_setup.zsh
[2.030s] -- Installing: /home/w-ok-e/autonav/install/turtlebot3/share/turtlebot3/local_setup.dsv
[2.031s] -- Installing: /home/w-ok-e/autonav/install/turtlebot3/share/turtlebot3/package.dsv
[2.031s] -- Installing: /home/w-ok-e/autonav/install/turtlebot3/share/ament_index/resource_index/packages/turtlebot3
[2.031s] -- Installing: /home/w-ok-e/autonav/install/turtlebot3/share/turtlebot3/cmake/turtlebot3Config.cmake
[2.031s] -- Installing: /home/w-ok-e/autonav/install/turtlebot3/share/turtlebot3/cmake/turtlebot3Config-version.cmake
[2.032s] -- Installing: /home/w-ok-e/autonav/install/turtlebot3/share/turtlebot3/package.xml
[2.036s] Invoked command in '/home/w-ok-e/autonav/build/turtlebot3' returned '0': AMENT_PREFIX_PATH=/home/w-ok-e/autonav/install/turtlebot3_bringup:/home/w-ok-e/autonav/install/turtlebot3_teleop:/home/w-ok-e/autonav/install/turtlebot3_node:/home/w-ok-e/autonav/install/turtlebot3_navigation2:/home/w-ok-e/autonav/install/turtlebot3_example:/home/w-ok-e/autonav/install/turtlebot3_description:/home/w-ok-e/autonav/install/turtlebot3_cartographer:${AMENT_PREFIX_PATH} CMAKE_PREFIX_PATH=/home/w-ok-e/autonav/install/turtlebot3_bringup:/home/w-ok-e/autonav/install/turtlebot3_node:/home/w-ok-e/autonav/install/turtlebot3_navigation2:/home/w-ok-e/autonav/install/turtlebot3_description:/home/w-ok-e/autonav/install/turtlebot3_cartographer:/opt/ros/humble CONDA_PROMPT_MODIFIER=(base) PYTHONPATH=/home/w-ok-e/autonav/install/turtlebot3_teleop/lib/python3.10/site-packages:/home/w-ok-e/autonav/install/turtlebot3_example/lib/python3.10/site-packages:${PYTHONPATH} /usr/local/bin/cmake --install /home/w-ok-e/autonav/build/turtlebot3
