[0.011s] Invoking command in '/home/w-ok-e/autonav/build/turtlebot3_gazebo': CMAKE_PREFIX_PATH=${CMAKE_PREFIX_PATH}:/home/w-ok-e/autonav/install/turtlebot3_teleop:/home/w-ok-e/autonav/install/turtlebot3_example:/home/w-ok-e/autonav/install/autonav:/opt/ros/humble /usr/local/bin/cmake /home/w-ok-e/autonav/src/turtlebot3_simulations/turtlebot3_gazebo -DCMAKE_INSTALL_PREFIX=/home/w-ok-e/autonav/install/turtlebot3_gazebo
[0.150s] -- The C compiler identification is GNU 11.4.0
[0.269s] -- The CXX compiler identification is GNU 11.4.0
[0.287s] -- Detecting C compiler ABI info
[0.368s] -- Detecting C compiler ABI info - done
[0.390s] -- Check for working C compiler: /usr/bin/cc - skipped
[0.390s] -- Detecting C compile features
[0.391s] -- Detecting C compile features - done
[0.397s] -- Detecting CXX compiler ABI info
[0.484s] -- Detecting CXX compiler ABI info - done
[0.508s] -- Check for working CXX compiler: /usr/bin/c++ - skipped
[0.508s] -- Detecting CXX compile features
[0.509s] -- Detecting CXX compile features - done
[0.517s] -- Found ament_cmake: 1.3.11 (/opt/ros/humble/share/ament_cmake/cmake)
[0.688s] -- Found Python3: /usr/bin/python3 (found version "3.10.12") found components: Interpreter
[0.838s] [33mCMake Warning (dev) at /usr/local/share/cmake-3.29/Modules/FindPackageHandleStandardArgs.cmake:438 (message):
[0.838s]   The package name passed to `find_package_handle_standard_args` (PkgConfig)
[0.838s]   does not match the name of the calling package (gazebo).  This can lead to
[0.838s]   problems in calling code that expects `find_package` result variables
[0.839s]   (e.g., `_FOUND`) to follow a certain pattern.
[0.839s] Call Stack (most recent call first):
[0.839s]   /usr/local/share/cmake-3.29/Modules/FindPkgConfig.cmake:99 (find_package_handle_standard_args)
[0.839s]   /usr/lib/x86_64-linux-gnu/cmake/gazebo/gazebo-config.cmake:72 (include)
[0.839s]   CMakeLists.txt:23 (find_package)
[0.839s] This warning is for project developers.  Use -Wno-dev to suppress it.
[0.839s] [0m
[0.839s] -- Found PkgConfig: /usr/bin/pkg-config (found version "0.29.2")
[0.845s] -- Checking for module 'bullet>=2.82'
[0.860s] --   Found bullet, version 3.05
[0.983s] -- Found fcl: /usr/include (found suitable version "0.7.0", minimum required is "0.5.0")
[1.037s] -- Found assimp: /usr/include (found version "5.2.0")
[1.077s] -- Found DART: /usr/include (Required is at least version "6.6") found components: dart
[1.208s] -- Found Boost: /usr/lib/x86_64-linux-gnu/cmake/Boost-1.74.0/BoostConfig.cmake (found suitable version "1.74.0", minimum required is "1.40.0") found components: thread system filesystem program_options regex iostreams date_time
[1.241s] -- Found Protobuf: /usr/lib/x86_64-linux-gnu/libprotobuf.so (found version "3.12.4")
[1.252s] -- Looking for ignition-math6 -- found version 6.15.1
[1.266s] -- Searching for dependencies of ignition-math6
[1.270s] -- Looking for OGRE...
[1.271s] -- OGRE_PREFIX_WATCH changed.
[1.279s] -- Checking for module 'OGRE'
[1.293s] --   Found OGRE, version 1.9.0
[1.326s] -- Found Ogre Ghadamon (1.9.0)
[1.346s] -- Found OGRE: optimized;/usr/lib/x86_64-linux-gnu/libOgreMain.so;debug;/usr/lib/x86_64-linux-gnu/libOgreMain.so
[1.361s] -- Looking for OGRE_Paging...
[1.374s] -- Found OGRE_Paging: optimized;/usr/lib/x86_64-linux-gnu/libOgrePaging.so;debug;/usr/lib/x86_64-linux-gnu/libOgrePaging.so
[1.374s] -- Looking for OGRE_Terrain...
[1.385s] -- Found OGRE_Terrain: optimized;/usr/lib/x86_64-linux-gnu/libOgreTerrain.so;debug;/usr/lib/x86_64-linux-gnu/libOgreTerrain.so
[1.385s] -- Looking for OGRE_Property...
[1.396s] -- Found OGRE_Property: optimized;/usr/lib/x86_64-linux-gnu/libOgreProperty.so;debug;/usr/lib/x86_64-linux-gnu/libOgreProperty.so
[1.396s] -- Looking for OGRE_RTShaderSystem...
[1.406s] -- Found OGRE_RTShaderSystem: optimized;/usr/lib/x86_64-linux-gnu/libOgreRTShaderSystem.so;debug;/usr/lib/x86_64-linux-gnu/libOgreRTShaderSystem.so
[1.406s] -- Looking for OGRE_Volume...
[1.417s] -- Found OGRE_Volume: optimized;/usr/lib/x86_64-linux-gnu/libOgreVolume.so;debug;/usr/lib/x86_64-linux-gnu/libOgreVolume.so
[1.417s] -- Looking for OGRE_Overlay...
[1.427s] -- Found OGRE_Overlay: optimized;/usr/lib/x86_64-linux-gnu/libOgreOverlay.so;debug;/usr/lib/x86_64-linux-gnu/libOgreOverlay.so
[1.653s] -- Looking for ignition-math6 -- found version 6.15.1
[1.656s] -- Looking for ignition-transport8 -- found version 8.2.1
[1.657s] -- Searching for dependencies of ignition-transport8
[1.680s] -- Found Protobuf: /usr/lib/x86_64-linux-gnu/libprotobuf.so (found suitable version "3.12.4", minimum required is "3")
[1.693s] -- Config-file not installed for ZeroMQ -- checking for pkg-config
[1.700s] -- Checking for module 'libzmq >= 4'
[1.715s] --   Found libzmq, version 4.3.4
[1.760s] -- Found ZeroMQ: TRUE (Required is at least version "4")
[1.768s] -- Checking for module 'uuid'
[1.781s] --   Found uuid, version 2.37.2
[1.811s] -- Found UUID: TRUE
[1.815s] -- Looking for ignition-msgs5 -- found version 5.8.1
[1.815s] -- Searching for dependencies of ignition-msgs5
[1.841s] -- Looking for ignition-math6 -- found version 6.15.1
[1.848s] -- Checking for module 'tinyxml2'
[1.862s] --   Found tinyxml2, version 9.0.0
[1.895s] -- Looking for ignition-msgs5 -- found version 5.8.1
[1.899s] -- Looking for ignition-common3 -- found version 3.14.0
[1.899s] -- Searching for dependencies of ignition-common3
[1.900s] -- Looking for dlfcn.h - found
[1.902s] -- Looking for libdl - found
[1.904s] -- Found DL: TRUE
[1.922s] -- Found tinyobjloader: /usr/lib/x86_64-linux-gnu/cmake/tinyobjloader/tinyobjloader-config.cmake (found version "2.0.0")
[1.923s] -- Searching for <ignition-common3> component [graphics]
[1.927s] -- Looking for ignition-common3-graphics -- found version 3.14.0
[1.927s] -- Searching for dependencies of ignition-common3-graphics
[1.928s] -- Looking for ignition-math6 -- found version 6.15.1
[1.935s] -- Looking for ignition-fuel_tools4 -- found version 4.4.0
[1.935s] -- Searching for dependencies of ignition-fuel_tools4
[2.036s] -- Found CURL: /usr/lib/x86_64-linux-gnu/libcurl.so (found version "7.81.0")
[2.042s] [0mCMake Deprecation Warning at /usr/lib/x86_64-linux-gnu/cmake/jsoncpp/jsoncppConfig.cmake:2 (cmake_policy):
[2.042s]   Compatibility with CMake < 3.5 will be removed from a future version of
[2.042s]   CMake.
[2.043s] 
[2.043s]   Update the VERSION argument <min> value or use a ...<max> suffix to tell
[2.043s]   CMake that the project does not need compatibility with older versions.
[2.043s] Call Stack (most recent call first):
[2.043s]   /usr/share/cmake/ignition-cmake2/cmake2/FindJSONCPP.cmake:34 (find_package)
[2.043s]   /usr/lib/x86_64-linux-gnu/cmake/ignition-fuel_tools4/ignition-fuel_tools4-config.cmake:94 (find_package)
[2.043s]   /usr/lib/x86_64-linux-gnu/cmake/gazebo/gazebo-config.cmake:251 (find_package)
[2.043s]   CMakeLists.txt:23 (find_package)
[2.043s] 
[2.043s] [0m
[2.052s] -- Checking for module 'jsoncpp'
[2.067s] --   Found jsoncpp, version 1.9.5
[2.101s] -- Found JSONCPP: TRUE
[2.110s] -- Checking for module 'libzip'
[2.123s] --   Found libzip, version 1.7.3
[2.158s] -- Found ZIP: TRUE
[2.159s] -- Looking for ignition-common3 -- found version 3.14.0
[2.159s] -- Looking for ignition-math6 -- found version 6.15.1
[2.160s] -- Looking for ignition-msgs5 -- found version 5.8.1
[2.169s] -- Found gazebo_ros_pkgs: 3.9.0 (/opt/ros/humble/share/gazebo_ros_pkgs/cmake)
[2.172s] -- Found geometry_msgs: 4.2.4 (/opt/ros/humble/share/geometry_msgs/cmake)
[2.235s] -- Found rosidl_generator_c: 3.1.6 (/opt/ros/humble/share/rosidl_generator_c/cmake)
[2.247s] -- Found rosidl_adapter: 3.1.6 (/opt/ros/humble/share/rosidl_adapter/cmake)
[2.266s] -- Found rosidl_generator_cpp: 3.1.6 (/opt/ros/humble/share/rosidl_generator_cpp/cmake)
[2.295s] -- Using all available rosidl_typesupport_c: rosidl_typesupport_fastrtps_c;rosidl_typesupport_introspection_c
[2.328s] -- Using all available rosidl_typesupport_cpp: rosidl_typesupport_fastrtps_cpp;rosidl_typesupport_introspection_cpp
[2.412s] -- Found nav_msgs: 4.2.4 (/opt/ros/humble/share/nav_msgs/cmake)
[2.450s] -- Found rclcpp: 16.0.11 (/opt/ros/humble/share/rclcpp/cmake)
[2.525s] -- Found rmw_implementation_cmake: 6.1.2 (/opt/ros/humble/share/rmw_implementation_cmake/cmake)
[2.531s] -- Found rmw_fastrtps_cpp: 6.2.7 (/opt/ros/humble/share/rmw_fastrtps_cpp/cmake)
[2.665s] -- Found OpenSSL: /usr/lib/x86_64-linux-gnu/libcrypto.so (found version "3.0.2")
[2.702s] -- Found FastRTPS: /opt/ros/humble/include
[2.762s] -- Using RMW implementation 'rmw_fastrtps_cpp' as default
[2.778s] -- Found Threads: TRUE
[2.880s] -- Found sensor_msgs: 4.2.4 (/opt/ros/humble/share/sensor_msgs/cmake)
[2.915s] -- Found tf2: 0.25.12 (/opt/ros/humble/share/tf2/cmake)
[3.020s] -- Configuring done (3.0s)
[3.065s] -- Generating done (0.0s)
[3.076s] -- Build files have been written to: /home/w-ok-e/autonav/build/turtlebot3_gazebo
[3.094s] Invoked command in '/home/w-ok-e/autonav/build/turtlebot3_gazebo' returned '0': CMAKE_PREFIX_PATH=${CMAKE_PREFIX_PATH}:/home/w-ok-e/autonav/install/turtlebot3_teleop:/home/w-ok-e/autonav/install/turtlebot3_example:/home/w-ok-e/autonav/install/autonav:/opt/ros/humble /usr/local/bin/cmake /home/w-ok-e/autonav/src/turtlebot3_simulations/turtlebot3_gazebo -DCMAKE_INSTALL_PREFIX=/home/w-ok-e/autonav/install/turtlebot3_gazebo
[3.095s] Invoking command in '/home/w-ok-e/autonav/build/turtlebot3_gazebo': CMAKE_PREFIX_PATH=${CMAKE_PREFIX_PATH}:/home/w-ok-e/autonav/install/turtlebot3_teleop:/home/w-ok-e/autonav/install/turtlebot3_example:/home/w-ok-e/autonav/install/autonav:/opt/ros/humble /usr/local/bin/cmake --build /home/w-ok-e/autonav/build/turtlebot3_gazebo -- -j12 -l12
[3.123s] [ 12%] [32mBuilding CXX object CMakeFiles/obstacles.dir/models/turtlebot3_dqn_world/obstacle_plugin/obstacles.cc.o[0m
[3.124s] [ 37%] [32mBuilding CXX object CMakeFiles/obstacle2.dir/models/turtlebot3_dqn_world/obstacle_plugin/obstacle2.cc.o[0m
[3.124s] [ 37%] [32mBuilding CXX object CMakeFiles/obstacle1.dir/models/turtlebot3_dqn_world/obstacle_plugin/obstacle1.cc.o[0m
[3.124s] [ 50%] [32mBuilding CXX object CMakeFiles/turtlebot3_drive.dir/src/turtlebot3_drive.cpp.o[0m
[22.258s] [ 62%] [32m[1mLinking CXX shared library libobstacles.so[0m
[22.358s] [ 75%] [32m[1mLinking CXX shared library libobstacle1.so[0m
[22.419s] [ 87%] [32m[1mLinking CXX shared library libobstacle2.so[0m
[22.646s] [ 87%] Built target obstacles
[22.759s] [ 87%] Built target obstacle1
[22.820s] [ 87%] Built target obstacle2
[23.080s] [100%] [32m[1mLinking CXX executable turtlebot3_drive[0m
[23.783s] [100%] Built target turtlebot3_drive
[23.789s] Invoked command in '/home/w-ok-e/autonav/build/turtlebot3_gazebo' returned '0': CMAKE_PREFIX_PATH=${CMAKE_PREFIX_PATH}:/home/w-ok-e/autonav/install/turtlebot3_teleop:/home/w-ok-e/autonav/install/turtlebot3_example:/home/w-ok-e/autonav/install/autonav:/opt/ros/humble /usr/local/bin/cmake --build /home/w-ok-e/autonav/build/turtlebot3_gazebo -- -j12 -l12
[23.794s] Invoking command in '/home/w-ok-e/autonav/build/turtlebot3_gazebo': CMAKE_PREFIX_PATH=${CMAKE_PREFIX_PATH}:/home/w-ok-e/autonav/install/turtlebot3_teleop:/home/w-ok-e/autonav/install/turtlebot3_example:/home/w-ok-e/autonav/install/autonav:/opt/ros/humble /usr/local/bin/cmake --install /home/w-ok-e/autonav/build/turtlebot3_gazebo
[23.797s] -- Install configuration: ""
[23.797s] -- Installing: /home/w-ok-e/autonav/install/turtlebot3_gazebo/lib/turtlebot3_gazebo/turtlebot3_drive
[23.802s] -- Set non-toolchain portion of runtime path of "/home/w-ok-e/autonav/install/turtlebot3_gazebo/lib/turtlebot3_gazebo/turtlebot3_drive" to ""
[23.802s] -- Installing: /home/w-ok-e/autonav/install/turtlebot3_gazebo/share/turtlebot3_gazebo//launch
[23.802s] -- Installing: /home/w-ok-e/autonav/install/turtlebot3_gazebo/share/turtlebot3_gazebo//launch/turtlebot3_house.launch.py
[23.802s] -- Installing: /home/w-ok-e/autonav/install/turtlebot3_gazebo/share/turtlebot3_gazebo//launch/turtlebot3_dqn_stage2.launch.py
[23.802s] -- Installing: /home/w-ok-e/autonav/install/turtlebot3_gazebo/share/turtlebot3_gazebo//launch/turtlebot3_world.launch.py
[23.802s] -- Installing: /home/w-ok-e/autonav/install/turtlebot3_gazebo/share/turtlebot3_gazebo//launch/turtlebot3_dqn_stage4.launch.py
[23.803s] -- Installing: /home/w-ok-e/autonav/install/turtlebot3_gazebo/share/turtlebot3_gazebo//launch/turtlebot3_dqn_stage1.launch.py
[23.803s] -- Installing: /home/w-ok-e/autonav/install/turtlebot3_gazebo/share/turtlebot3_gazebo//launch/spawn_turtlebot3.launch.py
[23.803s] -- Installing: /home/w-ok-e/autonav/install/turtlebot3_gazebo/share/turtlebot3_gazebo//launch/turtlebot3_dqn_stage3.launch.py
[23.803s] -- Installing: /home/w-ok-e/autonav/install/turtlebot3_gazebo/share/turtlebot3_gazebo//launch/empty_world.launch.py
[23.803s] -- Installing: /home/w-ok-e/autonav/install/turtlebot3_gazebo/share/turtlebot3_gazebo//launch/robot_state_publisher.launch.py
[23.803s] -- Installing: /home/w-ok-e/autonav/install/turtlebot3_gazebo/share/turtlebot3_gazebo//models
[23.803s] -- Installing: /home/w-ok-e/autonav/install/turtlebot3_gazebo/share/turtlebot3_gazebo//models/turtlebot3_world
[23.803s] -- Installing: /home/w-ok-e/autonav/install/turtlebot3_gazebo/share/turtlebot3_gazebo//models/turtlebot3_world/model.config
[23.803s] -- Installing: /home/w-ok-e/autonav/install/turtlebot3_gazebo/share/turtlebot3_gazebo//models/turtlebot3_world/meshes
[23.803s] -- Installing: /home/w-ok-e/autonav/install/turtlebot3_gazebo/share/turtlebot3_gazebo//models/turtlebot3_world/meshes/hexagon.dae
[23.803s] -- Installing: /home/w-ok-e/autonav/install/turtlebot3_gazebo/share/turtlebot3_gazebo//models/turtlebot3_world/meshes/wall.dae
[23.803s] -- Installing: /home/w-ok-e/autonav/install/turtlebot3_gazebo/share/turtlebot3_gazebo//models/turtlebot3_world/model-1_4.sdf
[23.804s] -- Installing: /home/w-ok-e/autonav/install/turtlebot3_gazebo/share/turtlebot3_gazebo//models/turtlebot3_world/model.sdf
[23.804s] -- Installing: /home/w-ok-e/autonav/install/turtlebot3_gazebo/share/turtlebot3_gazebo//models/turtlebot3_common
[23.804s] -- Installing: /home/w-ok-e/autonav/install/turtlebot3_gazebo/share/turtlebot3_gazebo//models/turtlebot3_common/model.config
[23.804s] -- Installing: /home/w-ok-e/autonav/install/turtlebot3_gazebo/share/turtlebot3_gazebo//models/turtlebot3_common/meshes
[23.804s] -- Installing: /home/w-ok-e/autonav/install/turtlebot3_gazebo/share/turtlebot3_gazebo//models/turtlebot3_common/meshes/tire.dae
[23.804s] -- Installing: /home/w-ok-e/autonav/install/turtlebot3_gazebo/share/turtlebot3_gazebo//models/turtlebot3_common/meshes/burger_base.dae
[23.804s] -- Installing: /home/w-ok-e/autonav/install/turtlebot3_gazebo/share/turtlebot3_gazebo//models/turtlebot3_common/meshes/waffle_pi_base.dae
[23.804s] -- Installing: /home/w-ok-e/autonav/install/turtlebot3_gazebo/share/turtlebot3_gazebo//models/turtlebot3_common/meshes/r200.dae
[23.804s] -- Installing: /home/w-ok-e/autonav/install/turtlebot3_gazebo/share/turtlebot3_gazebo//models/turtlebot3_common/meshes/waffle_base.dae
[23.804s] -- Installing: /home/w-ok-e/autonav/install/turtlebot3_gazebo/share/turtlebot3_gazebo//models/turtlebot3_common/meshes/lds.dae
[23.804s] -- Installing: /home/w-ok-e/autonav/install/turtlebot3_gazebo/share/turtlebot3_gazebo//models/turtlebot3_dqn_world
[23.804s] -- Installing: /home/w-ok-e/autonav/install/turtlebot3_gazebo/share/turtlebot3_gazebo//models/turtlebot3_dqn_world/obstacles
[23.804s] -- Installing: /home/w-ok-e/autonav/install/turtlebot3_gazebo/share/turtlebot3_gazebo//models/turtlebot3_dqn_world/obstacles/model.config
[23.805s] -- Installing: /home/w-ok-e/autonav/install/turtlebot3_gazebo/share/turtlebot3_gazebo//models/turtlebot3_dqn_world/obstacles/model.sdf
[23.805s] -- Installing: /home/w-ok-e/autonav/install/turtlebot3_gazebo/share/turtlebot3_gazebo//models/turtlebot3_dqn_world/model.config
[23.805s] -- Installing: /home/w-ok-e/autonav/install/turtlebot3_gazebo/share/turtlebot3_gazebo//models/turtlebot3_dqn_world/goal_box
[23.805s] -- Installing: /home/w-ok-e/autonav/install/turtlebot3_gazebo/share/turtlebot3_gazebo//models/turtlebot3_dqn_world/goal_box/model.config
[23.805s] -- Installing: /home/w-ok-e/autonav/install/turtlebot3_gazebo/share/turtlebot3_gazebo//models/turtlebot3_dqn_world/goal_box/model.sdf
[23.805s] -- Installing: /home/w-ok-e/autonav/install/turtlebot3_gazebo/share/turtlebot3_gazebo//models/turtlebot3_dqn_world/model.sdf
[23.806s] -- Installing: /home/w-ok-e/autonav/install/turtlebot3_gazebo/share/turtlebot3_gazebo//models/turtlebot3_dqn_world/obstacle_plugin
[23.806s] -- Installing: /home/w-ok-e/autonav/install/turtlebot3_gazebo/share/turtlebot3_gazebo//models/turtlebot3_dqn_world/obstacle_plugin/obstacle2.cc
[23.806s] -- Installing: /home/w-ok-e/autonav/install/turtlebot3_gazebo/share/turtlebot3_gazebo//models/turtlebot3_dqn_world/obstacle_plugin/CMakeLists.txt
[23.806s] -- Installing: /home/w-ok-e/autonav/install/turtlebot3_gazebo/share/turtlebot3_gazebo//models/turtlebot3_dqn_world/obstacle_plugin/obstacles.cc
[23.806s] -- Installing: /home/w-ok-e/autonav/install/turtlebot3_gazebo/share/turtlebot3_gazebo//models/turtlebot3_dqn_world/obstacle_plugin/obstacle1.cc
[23.807s] -- Installing: /home/w-ok-e/autonav/install/turtlebot3_gazebo/share/turtlebot3_gazebo//models/turtlebot3_dqn_world/inner_walls
[23.807s] -- Installing: /home/w-ok-e/autonav/install/turtlebot3_gazebo/share/turtlebot3_gazebo//models/turtlebot3_dqn_world/inner_walls/model.config
[23.807s] -- Installing: /home/w-ok-e/autonav/install/turtlebot3_gazebo/share/turtlebot3_gazebo//models/turtlebot3_dqn_world/inner_walls/model.sdf
[23.807s] -- Installing: /home/w-ok-e/autonav/install/turtlebot3_gazebo/share/turtlebot3_gazebo//models/turtlebot3_dqn_world/obstacle2
[23.807s] -- Installing: /home/w-ok-e/autonav/install/turtlebot3_gazebo/share/turtlebot3_gazebo//models/turtlebot3_dqn_world/obstacle2/model.config
[23.807s] -- Installing: /home/w-ok-e/autonav/install/turtlebot3_gazebo/share/turtlebot3_gazebo//models/turtlebot3_dqn_world/obstacle2/model.sdf
[23.808s] -- Installing: /home/w-ok-e/autonav/install/turtlebot3_gazebo/share/turtlebot3_gazebo//models/turtlebot3_dqn_world/obstacle1
[23.808s] -- Installing: /home/w-ok-e/autonav/install/turtlebot3_gazebo/share/turtlebot3_gazebo//models/turtlebot3_dqn_world/obstacle1/model.config
[23.808s] -- Installing: /home/w-ok-e/autonav/install/turtlebot3_gazebo/share/turtlebot3_gazebo//models/turtlebot3_dqn_world/obstacle1/model.sdf
[23.808s] -- Installing: /home/w-ok-e/autonav/install/turtlebot3_gazebo/share/turtlebot3_gazebo//models/turtlebot3_house
[23.808s] -- Installing: /home/w-ok-e/autonav/install/turtlebot3_gazebo/share/turtlebot3_gazebo//models/turtlebot3_house/model.config
[23.808s] -- Installing: /home/w-ok-e/autonav/install/turtlebot3_gazebo/share/turtlebot3_gazebo//models/turtlebot3_house/model.sdf
[23.808s] -- Installing: /home/w-ok-e/autonav/install/turtlebot3_gazebo/share/turtlebot3_gazebo//models/turtlebot3_waffle
[23.808s] -- Installing: /home/w-ok-e/autonav/install/turtlebot3_gazebo/share/turtlebot3_gazebo//models/turtlebot3_waffle/model.config
[23.809s] -- Installing: /home/w-ok-e/autonav/install/turtlebot3_gazebo/share/turtlebot3_gazebo//models/turtlebot3_waffle/model-1_4.sdf
[23.809s] -- Installing: /home/w-ok-e/autonav/install/turtlebot3_gazebo/share/turtlebot3_gazebo//models/turtlebot3_waffle/model.sdf
[23.809s] -- Installing: /home/w-ok-e/autonav/install/turtlebot3_gazebo/share/turtlebot3_gazebo//models/turtlebot3_burger
[23.809s] -- Installing: /home/w-ok-e/autonav/install/turtlebot3_gazebo/share/turtlebot3_gazebo//models/turtlebot3_burger/model.config
[23.809s] -- Installing: /home/w-ok-e/autonav/install/turtlebot3_gazebo/share/turtlebot3_gazebo//models/turtlebot3_burger/model-1_4.sdf
[23.809s] -- Installing: /home/w-ok-e/autonav/install/turtlebot3_gazebo/share/turtlebot3_gazebo//models/turtlebot3_burger/model.sdf
[23.809s] -- Installing: /home/w-ok-e/autonav/install/turtlebot3_gazebo/share/turtlebot3_gazebo//models/turtlebot3_waffle_pi
[23.810s] -- Installing: /home/w-ok-e/autonav/install/turtlebot3_gazebo/share/turtlebot3_gazebo//models/turtlebot3_waffle_pi/model.config
[23.810s] -- Installing: /home/w-ok-e/autonav/install/turtlebot3_gazebo/share/turtlebot3_gazebo//models/turtlebot3_waffle_pi/model-1_4_.sdf
[23.810s] -- Installing: /home/w-ok-e/autonav/install/turtlebot3_gazebo/share/turtlebot3_gazebo//models/turtlebot3_waffle_pi/model.sdf
[23.810s] -- Installing: /home/w-ok-e/autonav/install/turtlebot3_gazebo/share/turtlebot3_gazebo//rviz
[23.810s] -- Installing: /home/w-ok-e/autonav/install/turtlebot3_gazebo/share/turtlebot3_gazebo//rviz/tb3_gazebo.rviz
[23.810s] -- Installing: /home/w-ok-e/autonav/install/turtlebot3_gazebo/share/turtlebot3_gazebo//urdf
[23.810s] -- Installing: /home/w-ok-e/autonav/install/turtlebot3_gazebo/share/turtlebot3_gazebo//urdf/turtlebot3_waffle_pi.urdf
[23.810s] -- Installing: /home/w-ok-e/autonav/install/turtlebot3_gazebo/share/turtlebot3_gazebo//urdf/turtlebot3_burger.urdf
[23.810s] -- Installing: /home/w-ok-e/autonav/install/turtlebot3_gazebo/share/turtlebot3_gazebo//urdf/turtlebot3_waffle.urdf
[23.811s] -- Installing: /home/w-ok-e/autonav/install/turtlebot3_gazebo/share/turtlebot3_gazebo//urdf/common_properties.urdf
[23.811s] -- Installing: /home/w-ok-e/autonav/install/turtlebot3_gazebo/share/turtlebot3_gazebo//worlds
[23.811s] -- Installing: /home/w-ok-e/autonav/install/turtlebot3_gazebo/share/turtlebot3_gazebo//worlds/turtlebot3_dqn_stage4.world
[23.811s] -- Installing: /home/w-ok-e/autonav/install/turtlebot3_gazebo/share/turtlebot3_gazebo//worlds/turtlebot3_dqn_stage1.world
[23.811s] -- Installing: /home/w-ok-e/autonav/install/turtlebot3_gazebo/share/turtlebot3_gazebo//worlds/turtlebot3_house.world
[23.811s] -- Installing: /home/w-ok-e/autonav/install/turtlebot3_gazebo/share/turtlebot3_gazebo//worlds/turtlebot3_world.world
[23.811s] -- Installing: /home/w-ok-e/autonav/install/turtlebot3_gazebo/share/turtlebot3_gazebo//worlds/turtlebot3_dqn_stage2.world
[23.811s] -- Installing: /home/w-ok-e/autonav/install/turtlebot3_gazebo/share/turtlebot3_gazebo//worlds/turtlebot3_dqn_stage3.world
[23.811s] -- Installing: /home/w-ok-e/autonav/install/turtlebot3_gazebo/share/turtlebot3_gazebo//worlds/empty_world.world
[23.811s] -- Installing: /home/w-ok-e/autonav/install/turtlebot3_gazebo/include/
[23.811s] -- Installing: /home/w-ok-e/autonav/install/turtlebot3_gazebo/include//turtlebot3_gazebo
[23.811s] -- Installing: /home/w-ok-e/autonav/install/turtlebot3_gazebo/include//turtlebot3_gazebo/turtlebot3_drive.hpp
[23.811s] -- Installing: /home/w-ok-e/autonav/install/turtlebot3_gazebo/share/ament_index/resource_index/package_run_dependencies/turtlebot3_gazebo
[23.811s] -- Installing: /home/w-ok-e/autonav/install/turtlebot3_gazebo/share/ament_index/resource_index/parent_prefix_path/turtlebot3_gazebo
[23.812s] -- Installing: /home/w-ok-e/autonav/install/turtlebot3_gazebo/share/turtlebot3_gazebo/environment/ament_prefix_path.sh
[23.812s] -- Installing: /home/w-ok-e/autonav/install/turtlebot3_gazebo/share/turtlebot3_gazebo/environment/ament_prefix_path.dsv
[23.812s] -- Installing: /home/w-ok-e/autonav/install/turtlebot3_gazebo/share/turtlebot3_gazebo/environment/path.sh
[23.812s] -- Installing: /home/w-ok-e/autonav/install/turtlebot3_gazebo/share/turtlebot3_gazebo/environment/path.dsv
[23.812s] -- Installing: /home/w-ok-e/autonav/install/turtlebot3_gazebo/share/turtlebot3_gazebo/local_setup.bash
[23.812s] -- Installing: /home/w-ok-e/autonav/install/turtlebot3_gazebo/share/turtlebot3_gazebo/local_setup.sh
[23.812s] -- Installing: /home/w-ok-e/autonav/install/turtlebot3_gazebo/share/turtlebot3_gazebo/local_setup.zsh
[23.812s] -- Installing: /home/w-ok-e/autonav/install/turtlebot3_gazebo/share/turtlebot3_gazebo/local_setup.dsv
[23.812s] -- Installing: /home/w-ok-e/autonav/install/turtlebot3_gazebo/share/turtlebot3_gazebo/package.dsv
[23.812s] -- Installing: /home/w-ok-e/autonav/install/turtlebot3_gazebo/share/ament_index/resource_index/packages/turtlebot3_gazebo
[23.812s] -- Installing: /home/w-ok-e/autonav/install/turtlebot3_gazebo/share/turtlebot3_gazebo/cmake/ament_cmake_export_include_directories-extras.cmake
[23.812s] -- Installing: /home/w-ok-e/autonav/install/turtlebot3_gazebo/share/turtlebot3_gazebo/cmake/ament_cmake_export_dependencies-extras.cmake
[23.812s] -- Installing: /home/w-ok-e/autonav/install/turtlebot3_gazebo/share/turtlebot3_gazebo/cmake/turtlebot3_gazeboConfig.cmake
[23.813s] -- Installing: /home/w-ok-e/autonav/install/turtlebot3_gazebo/share/turtlebot3_gazebo/cmake/turtlebot3_gazeboConfig-version.cmake
[23.813s] -- Installing: /home/w-ok-e/autonav/install/turtlebot3_gazebo/share/turtlebot3_gazebo/package.xml
[23.814s] Invoked command in '/home/w-ok-e/autonav/build/turtlebot3_gazebo' returned '0': CMAKE_PREFIX_PATH=${CMAKE_PREFIX_PATH}:/home/w-ok-e/autonav/install/turtlebot3_teleop:/home/w-ok-e/autonav/install/turtlebot3_example:/home/w-ok-e/autonav/install/autonav:/opt/ros/humble /usr/local/bin/cmake --install /home/w-ok-e/autonav/build/turtlebot3_gazebo
