[0.302s] DEBUG:colcon:Command line arguments: ['/usr/bin/colcon', 'build']
[0.302s] DEBUG:colcon:Parsed command line arguments: Namespace(log_base=None, log_level=None, verb_name='build', build_base='build', install_base='install', merge_install=False, symlink_install=False, test_result_base=None, continue_on_error=False, executor='parallel', parallel_workers=12, event_handlers=None, ignore_user_meta=False, metas=['./colcon.meta'], base_paths=['.'], packages_ignore=None, packages_ignore_regex=None, paths=None, packages_up_to=None, packages_up_to_regex=None, packages_above=None, packages_above_and_dependencies=None, packages_above_depth=None, packages_select_by_dep=None, packages_skip_by_dep=None, packages_skip_up_to=None, packages_select_build_failed=False, packages_skip_build_finished=False, packages_select_test_failures=False, packages_skip_test_passed=False, packages_select=None, packages_skip=None, packages_select_regex=None, packages_skip_regex=None, packages_start=None, packages_end=None, allow_overriding=[], cmake_args=None, cmake_target=None, cmake_target_skip_unavailable=False, cmake_clean_cache=False, cmake_clean_first=False, cmake_force_configure=False, ament_cmake_args=None, catkin_cmake_args=None, catkin_skip_building_tests=False, verb_parser=<colcon_defaults.argument_parser.defaults.DefaultArgumentsDecorator object at 0x7dc34745c3d0>, verb_extension=<colcon_core.verb.build.BuildVerb object at 0x7dc34742f2e0>, main=<bound method BuildVerb.main of <colcon_core.verb.build.BuildVerb object at 0x7dc34742f2e0>>)
[0.710s] Level 1:colcon.colcon_core.package_discovery:discover_packages(colcon_meta) check parameters
[0.710s] Level 1:colcon.colcon_core.package_discovery:discover_packages(recursive) check parameters
[0.710s] Level 1:colcon.colcon_core.package_discovery:discover_packages(ignore) check parameters
[0.710s] Level 1:colcon.colcon_core.package_discovery:discover_packages(path) check parameters
[0.711s] Level 1:colcon.colcon_core.package_discovery:discover_packages(colcon_meta) discover
[0.711s] Level 1:colcon.colcon_core.package_discovery:discover_packages(recursive) discover
[0.711s] INFO:colcon.colcon_core.package_discovery:Crawling recursively for packages in '/home/w-ok-e/autonav'
[0.711s] Level 1:colcon.colcon_core.package_identification:_identify(.) by extensions ['ignore', 'ignore_ament_install']
[0.711s] Level 1:colcon.colcon_core.package_identification:_identify(.) by extension 'ignore'
[0.711s] Level 1:colcon.colcon_core.package_identification:_identify(.) by extension 'ignore_ament_install'
[0.712s] Level 1:colcon.colcon_core.package_identification:_identify(.) by extensions ['colcon_pkg']
[0.712s] Level 1:colcon.colcon_core.package_identification:_identify(.) by extension 'colcon_pkg'
[0.712s] Level 1:colcon.colcon_core.package_identification:_identify(.) by extensions ['colcon_meta']
[0.712s] Level 1:colcon.colcon_core.package_identification:_identify(.) by extension 'colcon_meta'
[0.712s] Level 1:colcon.colcon_core.package_identification:_identify(.) by extensions ['ros']
[0.712s] Level 1:colcon.colcon_core.package_identification:_identify(.) by extension 'ros'
[0.746s] Level 1:colcon.colcon_core.package_identification:_identify(.) by extensions ['cmake', 'python']
[0.746s] Level 1:colcon.colcon_core.package_identification:_identify(.) by extension 'cmake'
[0.746s] Level 1:colcon.colcon_core.package_identification:_identify(.) by extension 'python'
[0.747s] Level 1:colcon.colcon_core.package_identification:_identify(.) by extensions ['python_setup_py']
[0.747s] Level 1:colcon.colcon_core.package_identification:_identify(.) by extension 'python_setup_py'
[0.747s] Level 1:colcon.colcon_core.package_identification:_identify(build) by extensions ['ignore', 'ignore_ament_install']
[0.747s] Level 1:colcon.colcon_core.package_identification:_identify(build) by extension 'ignore'
[0.747s] Level 1:colcon.colcon_core.package_identification:_identify(build) ignored
[0.748s] Level 1:colcon.colcon_core.package_identification:_identify(install) by extensions ['ignore', 'ignore_ament_install']
[0.748s] Level 1:colcon.colcon_core.package_identification:_identify(install) by extension 'ignore'
[0.748s] Level 1:colcon.colcon_core.package_identification:_identify(install) ignored
[0.748s] Level 1:colcon.colcon_core.package_identification:_identify(log) by extensions ['ignore', 'ignore_ament_install']
[0.749s] Level 1:colcon.colcon_core.package_identification:_identify(log) by extension 'ignore'
[0.749s] Level 1:colcon.colcon_core.package_identification:_identify(log) ignored
[0.749s] Level 1:colcon.colcon_core.package_identification:_identify(src) by extensions ['ignore', 'ignore_ament_install']
[0.749s] Level 1:colcon.colcon_core.package_identification:_identify(src) by extension 'ignore'
[0.749s] Level 1:colcon.colcon_core.package_identification:_identify(src) by extension 'ignore_ament_install'
[0.749s] Level 1:colcon.colcon_core.package_identification:_identify(src) by extensions ['colcon_pkg']
[0.749s] Level 1:colcon.colcon_core.package_identification:_identify(src) by extension 'colcon_pkg'
[0.750s] Level 1:colcon.colcon_core.package_identification:_identify(src) by extensions ['colcon_meta']
[0.750s] Level 1:colcon.colcon_core.package_identification:_identify(src) by extension 'colcon_meta'
[0.750s] Level 1:colcon.colcon_core.package_identification:_identify(src) by extensions ['ros']
[0.750s] Level 1:colcon.colcon_core.package_identification:_identify(src) by extension 'ros'
[0.750s] Level 1:colcon.colcon_core.package_identification:_identify(src) by extensions ['cmake', 'python']
[0.750s] Level 1:colcon.colcon_core.package_identification:_identify(src) by extension 'cmake'
[0.750s] Level 1:colcon.colcon_core.package_identification:_identify(src) by extension 'python'
[0.750s] Level 1:colcon.colcon_core.package_identification:_identify(src) by extensions ['python_setup_py']
[0.750s] Level 1:colcon.colcon_core.package_identification:_identify(src) by extension 'python_setup_py'
[0.751s] Level 1:colcon.colcon_core.package_identification:_identify(src/turtlebot3) by extensions ['ignore', 'ignore_ament_install']
[0.751s] Level 1:colcon.colcon_core.package_identification:_identify(src/turtlebot3) by extension 'ignore'
[0.751s] Level 1:colcon.colcon_core.package_identification:_identify(src/turtlebot3) by extension 'ignore_ament_install'
[0.751s] Level 1:colcon.colcon_core.package_identification:_identify(src/turtlebot3) by extensions ['colcon_pkg']
[0.751s] Level 1:colcon.colcon_core.package_identification:_identify(src/turtlebot3) by extension 'colcon_pkg'
[0.751s] Level 1:colcon.colcon_core.package_identification:_identify(src/turtlebot3) by extensions ['colcon_meta']
[0.751s] Level 1:colcon.colcon_core.package_identification:_identify(src/turtlebot3) by extension 'colcon_meta'
[0.751s] Level 1:colcon.colcon_core.package_identification:_identify(src/turtlebot3) by extensions ['ros']
[0.751s] Level 1:colcon.colcon_core.package_identification:_identify(src/turtlebot3) by extension 'ros'
[0.752s] Level 1:colcon.colcon_core.package_identification:_identify(src/turtlebot3) by extensions ['cmake', 'python']
[0.752s] Level 1:colcon.colcon_core.package_identification:_identify(src/turtlebot3) by extension 'cmake'
[0.752s] Level 1:colcon.colcon_core.package_identification:_identify(src/turtlebot3) by extension 'python'
[0.752s] Level 1:colcon.colcon_core.package_identification:_identify(src/turtlebot3) by extensions ['python_setup_py']
[0.752s] Level 1:colcon.colcon_core.package_identification:_identify(src/turtlebot3) by extension 'python_setup_py'
[0.752s] Level 1:colcon.colcon_core.package_identification:_identify(src/turtlebot3/turtlebot3) by extensions ['ignore', 'ignore_ament_install']
[0.752s] Level 1:colcon.colcon_core.package_identification:_identify(src/turtlebot3/turtlebot3) by extension 'ignore'
[0.753s] Level 1:colcon.colcon_core.package_identification:_identify(src/turtlebot3/turtlebot3) by extension 'ignore_ament_install'
[0.753s] Level 1:colcon.colcon_core.package_identification:_identify(src/turtlebot3/turtlebot3) by extensions ['colcon_pkg']
[0.753s] Level 1:colcon.colcon_core.package_identification:_identify(src/turtlebot3/turtlebot3) by extension 'colcon_pkg'
[0.753s] Level 1:colcon.colcon_core.package_identification:_identify(src/turtlebot3/turtlebot3) by extensions ['colcon_meta']
[0.753s] Level 1:colcon.colcon_core.package_identification:_identify(src/turtlebot3/turtlebot3) by extension 'colcon_meta'
[0.753s] Level 1:colcon.colcon_core.package_identification:_identify(src/turtlebot3/turtlebot3) by extensions ['ros']
[0.753s] Level 1:colcon.colcon_core.package_identification:_identify(src/turtlebot3/turtlebot3) by extension 'ros'
[0.761s] DEBUG:colcon.colcon_core.package_identification:Package 'src/turtlebot3/turtlebot3' with type 'ros.ament_cmake' and name 'turtlebot3'
[0.761s] Level 1:colcon.colcon_core.package_identification:_identify(src/turtlebot3/turtlebot3_bringup) by extensions ['ignore', 'ignore_ament_install']
[0.761s] Level 1:colcon.colcon_core.package_identification:_identify(src/turtlebot3/turtlebot3_bringup) by extension 'ignore'
[0.761s] Level 1:colcon.colcon_core.package_identification:_identify(src/turtlebot3/turtlebot3_bringup) by extension 'ignore_ament_install'
[0.762s] Level 1:colcon.colcon_core.package_identification:_identify(src/turtlebot3/turtlebot3_bringup) by extensions ['colcon_pkg']
[0.762s] Level 1:colcon.colcon_core.package_identification:_identify(src/turtlebot3/turtlebot3_bringup) by extension 'colcon_pkg'
[0.762s] Level 1:colcon.colcon_core.package_identification:_identify(src/turtlebot3/turtlebot3_bringup) by extensions ['colcon_meta']
[0.762s] Level 1:colcon.colcon_core.package_identification:_identify(src/turtlebot3/turtlebot3_bringup) by extension 'colcon_meta'
[0.762s] Level 1:colcon.colcon_core.package_identification:_identify(src/turtlebot3/turtlebot3_bringup) by extensions ['ros']
[0.762s] Level 1:colcon.colcon_core.package_identification:_identify(src/turtlebot3/turtlebot3_bringup) by extension 'ros'
[0.764s] DEBUG:colcon.colcon_core.package_identification:Package 'src/turtlebot3/turtlebot3_bringup' with type 'ros.ament_cmake' and name 'turtlebot3_bringup'
[0.764s] Level 1:colcon.colcon_core.package_identification:_identify(src/turtlebot3/turtlebot3_cartographer) by extensions ['ignore', 'ignore_ament_install']
[0.765s] Level 1:colcon.colcon_core.package_identification:_identify(src/turtlebot3/turtlebot3_cartographer) by extension 'ignore'
[0.765s] Level 1:colcon.colcon_core.package_identification:_identify(src/turtlebot3/turtlebot3_cartographer) by extension 'ignore_ament_install'
[0.765s] Level 1:colcon.colcon_core.package_identification:_identify(src/turtlebot3/turtlebot3_cartographer) by extensions ['colcon_pkg']
[0.765s] Level 1:colcon.colcon_core.package_identification:_identify(src/turtlebot3/turtlebot3_cartographer) by extension 'colcon_pkg'
[0.765s] Level 1:colcon.colcon_core.package_identification:_identify(src/turtlebot3/turtlebot3_cartographer) by extensions ['colcon_meta']
[0.765s] Level 1:colcon.colcon_core.package_identification:_identify(src/turtlebot3/turtlebot3_cartographer) by extension 'colcon_meta'
[0.765s] Level 1:colcon.colcon_core.package_identification:_identify(src/turtlebot3/turtlebot3_cartographer) by extensions ['ros']
[0.765s] Level 1:colcon.colcon_core.package_identification:_identify(src/turtlebot3/turtlebot3_cartographer) by extension 'ros'
[0.767s] DEBUG:colcon.colcon_core.package_identification:Package 'src/turtlebot3/turtlebot3_cartographer' with type 'ros.ament_cmake' and name 'turtlebot3_cartographer'
[0.767s] Level 1:colcon.colcon_core.package_identification:_identify(src/turtlebot3/turtlebot3_description) by extensions ['ignore', 'ignore_ament_install']
[0.768s] Level 1:colcon.colcon_core.package_identification:_identify(src/turtlebot3/turtlebot3_description) by extension 'ignore'
[0.768s] Level 1:colcon.colcon_core.package_identification:_identify(src/turtlebot3/turtlebot3_description) by extension 'ignore_ament_install'
[0.768s] Level 1:colcon.colcon_core.package_identification:_identify(src/turtlebot3/turtlebot3_description) by extensions ['colcon_pkg']
[0.768s] Level 1:colcon.colcon_core.package_identification:_identify(src/turtlebot3/turtlebot3_description) by extension 'colcon_pkg'
[0.768s] Level 1:colcon.colcon_core.package_identification:_identify(src/turtlebot3/turtlebot3_description) by extensions ['colcon_meta']
[0.768s] Level 1:colcon.colcon_core.package_identification:_identify(src/turtlebot3/turtlebot3_description) by extension 'colcon_meta'
[0.768s] Level 1:colcon.colcon_core.package_identification:_identify(src/turtlebot3/turtlebot3_description) by extensions ['ros']
[0.769s] Level 1:colcon.colcon_core.package_identification:_identify(src/turtlebot3/turtlebot3_description) by extension 'ros'
[0.771s] DEBUG:colcon.colcon_core.package_identification:Package 'src/turtlebot3/turtlebot3_description' with type 'ros.ament_cmake' and name 'turtlebot3_description'
[0.771s] Level 1:colcon.colcon_core.package_identification:_identify(src/turtlebot3/turtlebot3_example) by extensions ['ignore', 'ignore_ament_install']
[0.771s] Level 1:colcon.colcon_core.package_identification:_identify(src/turtlebot3/turtlebot3_example) by extension 'ignore'
[0.771s] Level 1:colcon.colcon_core.package_identification:_identify(src/turtlebot3/turtlebot3_example) by extension 'ignore_ament_install'
[0.772s] Level 1:colcon.colcon_core.package_identification:_identify(src/turtlebot3/turtlebot3_example) by extensions ['colcon_pkg']
[0.772s] Level 1:colcon.colcon_core.package_identification:_identify(src/turtlebot3/turtlebot3_example) by extension 'colcon_pkg'
[0.772s] Level 1:colcon.colcon_core.package_identification:_identify(src/turtlebot3/turtlebot3_example) by extensions ['colcon_meta']
[0.772s] Level 1:colcon.colcon_core.package_identification:_identify(src/turtlebot3/turtlebot3_example) by extension 'colcon_meta'
[0.772s] Level 1:colcon.colcon_core.package_identification:_identify(src/turtlebot3/turtlebot3_example) by extensions ['ros']
[0.772s] Level 1:colcon.colcon_core.package_identification:_identify(src/turtlebot3/turtlebot3_example) by extension 'ros'
[0.775s] DEBUG:colcon.colcon_core.package_identification:Package 'src/turtlebot3/turtlebot3_example' with type 'ros.ament_python' and name 'turtlebot3_example'
[0.776s] Level 1:colcon.colcon_core.package_identification:_identify(src/turtlebot3/turtlebot3_navigation2) by extensions ['ignore', 'ignore_ament_install']
[0.776s] Level 1:colcon.colcon_core.package_identification:_identify(src/turtlebot3/turtlebot3_navigation2) by extension 'ignore'
[0.776s] Level 1:colcon.colcon_core.package_identification:_identify(src/turtlebot3/turtlebot3_navigation2) by extension 'ignore_ament_install'
[0.776s] Level 1:colcon.colcon_core.package_identification:_identify(src/turtlebot3/turtlebot3_navigation2) by extensions ['colcon_pkg']
[0.776s] Level 1:colcon.colcon_core.package_identification:_identify(src/turtlebot3/turtlebot3_navigation2) by extension 'colcon_pkg'
[0.776s] Level 1:colcon.colcon_core.package_identification:_identify(src/turtlebot3/turtlebot3_navigation2) by extensions ['colcon_meta']
[0.776s] Level 1:colcon.colcon_core.package_identification:_identify(src/turtlebot3/turtlebot3_navigation2) by extension 'colcon_meta'
[0.777s] Level 1:colcon.colcon_core.package_identification:_identify(src/turtlebot3/turtlebot3_navigation2) by extensions ['ros']
[0.777s] Level 1:colcon.colcon_core.package_identification:_identify(src/turtlebot3/turtlebot3_navigation2) by extension 'ros'
[0.778s] DEBUG:colcon.colcon_core.package_identification:Package 'src/turtlebot3/turtlebot3_navigation2' with type 'ros.ament_cmake' and name 'turtlebot3_navigation2'
[0.779s] Level 1:colcon.colcon_core.package_identification:_identify(src/turtlebot3/turtlebot3_node) by extensions ['ignore', 'ignore_ament_install']
[0.779s] Level 1:colcon.colcon_core.package_identification:_identify(src/turtlebot3/turtlebot3_node) by extension 'ignore'
[0.779s] Level 1:colcon.colcon_core.package_identification:_identify(src/turtlebot3/turtlebot3_node) by extension 'ignore_ament_install'
[0.779s] Level 1:colcon.colcon_core.package_identification:_identify(src/turtlebot3/turtlebot3_node) by extensions ['colcon_pkg']
[0.779s] Level 1:colcon.colcon_core.package_identification:_identify(src/turtlebot3/turtlebot3_node) by extension 'colcon_pkg'
[0.779s] Level 1:colcon.colcon_core.package_identification:_identify(src/turtlebot3/turtlebot3_node) by extensions ['colcon_meta']
[0.780s] Level 1:colcon.colcon_core.package_identification:_identify(src/turtlebot3/turtlebot3_node) by extension 'colcon_meta'
[0.780s] Level 1:colcon.colcon_core.package_identification:_identify(src/turtlebot3/turtlebot3_node) by extensions ['ros']
[0.780s] Level 1:colcon.colcon_core.package_identification:_identify(src/turtlebot3/turtlebot3_node) by extension 'ros'
[0.784s] DEBUG:colcon.colcon_core.package_identification:Package 'src/turtlebot3/turtlebot3_node' with type 'ros.ament_cmake' and name 'turtlebot3_node'
[0.784s] Level 1:colcon.colcon_core.package_identification:_identify(src/turtlebot3/turtlebot3_teleop) by extensions ['ignore', 'ignore_ament_install']
[0.784s] Level 1:colcon.colcon_core.package_identification:_identify(src/turtlebot3/turtlebot3_teleop) by extension 'ignore'
[0.784s] Level 1:colcon.colcon_core.package_identification:_identify(src/turtlebot3/turtlebot3_teleop) by extension 'ignore_ament_install'
[0.784s] Level 1:colcon.colcon_core.package_identification:_identify(src/turtlebot3/turtlebot3_teleop) by extensions ['colcon_pkg']
[0.784s] Level 1:colcon.colcon_core.package_identification:_identify(src/turtlebot3/turtlebot3_teleop) by extension 'colcon_pkg'
[0.785s] Level 1:colcon.colcon_core.package_identification:_identify(src/turtlebot3/turtlebot3_teleop) by extensions ['colcon_meta']
[0.785s] Level 1:colcon.colcon_core.package_identification:_identify(src/turtlebot3/turtlebot3_teleop) by extension 'colcon_meta'
[0.785s] Level 1:colcon.colcon_core.package_identification:_identify(src/turtlebot3/turtlebot3_teleop) by extensions ['ros']
[0.785s] Level 1:colcon.colcon_core.package_identification:_identify(src/turtlebot3/turtlebot3_teleop) by extension 'ros'
[0.786s] DEBUG:colcon.colcon_core.package_identification:Package 'src/turtlebot3/turtlebot3_teleop' with type 'ros.ament_python' and name 'turtlebot3_teleop'
[0.786s] Level 1:colcon.colcon_core.package_discovery:discover_packages(recursive) using defaults
[0.787s] Level 1:colcon.colcon_core.package_discovery:discover_packages(ignore) discover
[0.787s] Level 1:colcon.colcon_core.package_discovery:discover_packages(ignore) using defaults
[0.787s] Level 1:colcon.colcon_core.package_discovery:discover_packages(path) discover
[0.787s] Level 1:colcon.colcon_core.package_discovery:discover_packages(path) using defaults
[0.874s] Level 1:colcon.colcon_core.package_discovery:discover_packages(prefix_path) check parameters
[0.875s] Level 1:colcon.colcon_core.package_discovery:discover_packages(prefix_path) discover
[0.882s] DEBUG:colcon.colcon_installed_package_information.package_discovery:Found 404 installed packages in /opt/ros/humble
[0.888s] Level 1:colcon.colcon_core.package_discovery:discover_packages(prefix_path) using defaults
[1.008s] Level 5:colcon.colcon_core.verb:set package 'turtlebot3_cartographer' build argument 'cmake_args' from command line to 'None'
[1.008s] Level 5:colcon.colcon_core.verb:set package 'turtlebot3_cartographer' build argument 'cmake_target' from command line to 'None'
[1.008s] Level 5:colcon.colcon_core.verb:set package 'turtlebot3_cartographer' build argument 'cmake_target_skip_unavailable' from command line to 'False'
[1.008s] Level 5:colcon.colcon_core.verb:set package 'turtlebot3_cartographer' build argument 'cmake_clean_cache' from command line to 'False'
[1.008s] Level 5:colcon.colcon_core.verb:set package 'turtlebot3_cartographer' build argument 'cmake_clean_first' from command line to 'False'
[1.008s] Level 5:colcon.colcon_core.verb:set package 'turtlebot3_cartographer' build argument 'cmake_force_configure' from command line to 'False'
[1.008s] Level 5:colcon.colcon_core.verb:set package 'turtlebot3_cartographer' build argument 'ament_cmake_args' from command line to 'None'
[1.008s] Level 5:colcon.colcon_core.verb:set package 'turtlebot3_cartographer' build argument 'catkin_cmake_args' from command line to 'None'
[1.008s] Level 5:colcon.colcon_core.verb:set package 'turtlebot3_cartographer' build argument 'catkin_skip_building_tests' from command line to 'False'
[1.009s] DEBUG:colcon.colcon_core.verb:Building package 'turtlebot3_cartographer' with the following arguments: {'ament_cmake_args': None, 'build_base': '/home/w-ok-e/autonav/build/turtlebot3_cartographer', 'catkin_cmake_args': None, 'catkin_skip_building_tests': False, 'cmake_args': None, 'cmake_clean_cache': False, 'cmake_clean_first': False, 'cmake_force_configure': False, 'cmake_target': None, 'cmake_target_skip_unavailable': False, 'install_base': '/home/w-ok-e/autonav/install/turtlebot3_cartographer', 'merge_install': False, 'path': '/home/w-ok-e/autonav/src/turtlebot3/turtlebot3_cartographer', 'symlink_install': False, 'test_result_base': None}
[1.010s] Level 5:colcon.colcon_core.verb:set package 'turtlebot3_description' build argument 'cmake_args' from command line to 'None'
[1.010s] Level 5:colcon.colcon_core.verb:set package 'turtlebot3_description' build argument 'cmake_target' from command line to 'None'
[1.010s] Level 5:colcon.colcon_core.verb:set package 'turtlebot3_description' build argument 'cmake_target_skip_unavailable' from command line to 'False'
[1.010s] Level 5:colcon.colcon_core.verb:set package 'turtlebot3_description' build argument 'cmake_clean_cache' from command line to 'False'
[1.010s] Level 5:colcon.colcon_core.verb:set package 'turtlebot3_description' build argument 'cmake_clean_first' from command line to 'False'
[1.010s] Level 5:colcon.colcon_core.verb:set package 'turtlebot3_description' build argument 'cmake_force_configure' from command line to 'False'
[1.010s] Level 5:colcon.colcon_core.verb:set package 'turtlebot3_description' build argument 'ament_cmake_args' from command line to 'None'
[1.010s] Level 5:colcon.colcon_core.verb:set package 'turtlebot3_description' build argument 'catkin_cmake_args' from command line to 'None'
[1.010s] Level 5:colcon.colcon_core.verb:set package 'turtlebot3_description' build argument 'catkin_skip_building_tests' from command line to 'False'
[1.010s] DEBUG:colcon.colcon_core.verb:Building package 'turtlebot3_description' with the following arguments: {'ament_cmake_args': None, 'build_base': '/home/w-ok-e/autonav/build/turtlebot3_description', 'catkin_cmake_args': None, 'catkin_skip_building_tests': False, 'cmake_args': None, 'cmake_clean_cache': False, 'cmake_clean_first': False, 'cmake_force_configure': False, 'cmake_target': None, 'cmake_target_skip_unavailable': False, 'install_base': '/home/w-ok-e/autonav/install/turtlebot3_description', 'merge_install': False, 'path': '/home/w-ok-e/autonav/src/turtlebot3/turtlebot3_description', 'symlink_install': False, 'test_result_base': None}
[1.011s] Level 5:colcon.colcon_core.verb:set package 'turtlebot3_example' build argument 'cmake_args' from command line to 'None'
[1.011s] Level 5:colcon.colcon_core.verb:set package 'turtlebot3_example' build argument 'cmake_target' from command line to 'None'
[1.011s] Level 5:colcon.colcon_core.verb:set package 'turtlebot3_example' build argument 'cmake_target_skip_unavailable' from command line to 'False'
[1.011s] Level 5:colcon.colcon_core.verb:set package 'turtlebot3_example' build argument 'cmake_clean_cache' from command line to 'False'
[1.011s] Level 5:colcon.colcon_core.verb:set package 'turtlebot3_example' build argument 'cmake_clean_first' from command line to 'False'
[1.011s] Level 5:colcon.colcon_core.verb:set package 'turtlebot3_example' build argument 'cmake_force_configure' from command line to 'False'
[1.011s] Level 5:colcon.colcon_core.verb:set package 'turtlebot3_example' build argument 'ament_cmake_args' from command line to 'None'
[1.011s] Level 5:colcon.colcon_core.verb:set package 'turtlebot3_example' build argument 'catkin_cmake_args' from command line to 'None'
[1.011s] Level 5:colcon.colcon_core.verb:set package 'turtlebot3_example' build argument 'catkin_skip_building_tests' from command line to 'False'
[1.011s] DEBUG:colcon.colcon_core.verb:Building package 'turtlebot3_example' with the following arguments: {'ament_cmake_args': None, 'build_base': '/home/w-ok-e/autonav/build/turtlebot3_example', 'catkin_cmake_args': None, 'catkin_skip_building_tests': False, 'cmake_args': None, 'cmake_clean_cache': False, 'cmake_clean_first': False, 'cmake_force_configure': False, 'cmake_target': None, 'cmake_target_skip_unavailable': False, 'install_base': '/home/w-ok-e/autonav/install/turtlebot3_example', 'merge_install': False, 'path': '/home/w-ok-e/autonav/src/turtlebot3/turtlebot3_example', 'symlink_install': False, 'test_result_base': None}
[1.012s] Level 5:colcon.colcon_core.verb:set package 'turtlebot3_navigation2' build argument 'cmake_args' from command line to 'None'
[1.012s] Level 5:colcon.colcon_core.verb:set package 'turtlebot3_navigation2' build argument 'cmake_target' from command line to 'None'
[1.012s] Level 5:colcon.colcon_core.verb:set package 'turtlebot3_navigation2' build argument 'cmake_target_skip_unavailable' from command line to 'False'
[1.012s] Level 5:colcon.colcon_core.verb:set package 'turtlebot3_navigation2' build argument 'cmake_clean_cache' from command line to 'False'
[1.012s] Level 5:colcon.colcon_core.verb:set package 'turtlebot3_navigation2' build argument 'cmake_clean_first' from command line to 'False'
[1.013s] Level 5:colcon.colcon_core.verb:set package 'turtlebot3_navigation2' build argument 'cmake_force_configure' from command line to 'False'
[1.013s] Level 5:colcon.colcon_core.verb:set package 'turtlebot3_navigation2' build argument 'ament_cmake_args' from command line to 'None'
[1.013s] Level 5:colcon.colcon_core.verb:set package 'turtlebot3_navigation2' build argument 'catkin_cmake_args' from command line to 'None'
[1.013s] Level 5:colcon.colcon_core.verb:set package 'turtlebot3_navigation2' build argument 'catkin_skip_building_tests' from command line to 'False'
[1.013s] DEBUG:colcon.colcon_core.verb:Building package 'turtlebot3_navigation2' with the following arguments: {'ament_cmake_args': None, 'build_base': '/home/w-ok-e/autonav/build/turtlebot3_navigation2', 'catkin_cmake_args': None, 'catkin_skip_building_tests': False, 'cmake_args': None, 'cmake_clean_cache': False, 'cmake_clean_first': False, 'cmake_force_configure': False, 'cmake_target': None, 'cmake_target_skip_unavailable': False, 'install_base': '/home/w-ok-e/autonav/install/turtlebot3_navigation2', 'merge_install': False, 'path': '/home/w-ok-e/autonav/src/turtlebot3/turtlebot3_navigation2', 'symlink_install': False, 'test_result_base': None}
[1.014s] Level 5:colcon.colcon_core.verb:set package 'turtlebot3_node' build argument 'cmake_args' from command line to 'None'
[1.014s] Level 5:colcon.colcon_core.verb:set package 'turtlebot3_node' build argument 'cmake_target' from command line to 'None'
[1.014s] Level 5:colcon.colcon_core.verb:set package 'turtlebot3_node' build argument 'cmake_target_skip_unavailable' from command line to 'False'
[1.014s] Level 5:colcon.colcon_core.verb:set package 'turtlebot3_node' build argument 'cmake_clean_cache' from command line to 'False'
[1.014s] Level 5:colcon.colcon_core.verb:set package 'turtlebot3_node' build argument 'cmake_clean_first' from command line to 'False'
[1.014s] Level 5:colcon.colcon_core.verb:set package 'turtlebot3_node' build argument 'cmake_force_configure' from command line to 'False'
[1.014s] Level 5:colcon.colcon_core.verb:set package 'turtlebot3_node' build argument 'ament_cmake_args' from command line to 'None'
[1.014s] Level 5:colcon.colcon_core.verb:set package 'turtlebot3_node' build argument 'catkin_cmake_args' from command line to 'None'
[1.014s] Level 5:colcon.colcon_core.verb:set package 'turtlebot3_node' build argument 'catkin_skip_building_tests' from command line to 'False'
[1.014s] DEBUG:colcon.colcon_core.verb:Building package 'turtlebot3_node' with the following arguments: {'ament_cmake_args': None, 'build_base': '/home/w-ok-e/autonav/build/turtlebot3_node', 'catkin_cmake_args': None, 'catkin_skip_building_tests': False, 'cmake_args': None, 'cmake_clean_cache': False, 'cmake_clean_first': False, 'cmake_force_configure': False, 'cmake_target': None, 'cmake_target_skip_unavailable': False, 'install_base': '/home/w-ok-e/autonav/install/turtlebot3_node', 'merge_install': False, 'path': '/home/w-ok-e/autonav/src/turtlebot3/turtlebot3_node', 'symlink_install': False, 'test_result_base': None}
[1.015s] Level 5:colcon.colcon_core.verb:set package 'turtlebot3_teleop' build argument 'cmake_args' from command line to 'None'
[1.015s] Level 5:colcon.colcon_core.verb:set package 'turtlebot3_teleop' build argument 'cmake_target' from command line to 'None'
[1.015s] Level 5:colcon.colcon_core.verb:set package 'turtlebot3_teleop' build argument 'cmake_target_skip_unavailable' from command line to 'False'
[1.015s] Level 5:colcon.colcon_core.verb:set package 'turtlebot3_teleop' build argument 'cmake_clean_cache' from command line to 'False'
[1.015s] Level 5:colcon.colcon_core.verb:set package 'turtlebot3_teleop' build argument 'cmake_clean_first' from command line to 'False'
[1.015s] Level 5:colcon.colcon_core.verb:set package 'turtlebot3_teleop' build argument 'cmake_force_configure' from command line to 'False'
[1.015s] Level 5:colcon.colcon_core.verb:set package 'turtlebot3_teleop' build argument 'ament_cmake_args' from command line to 'None'
[1.015s] Level 5:colcon.colcon_core.verb:set package 'turtlebot3_teleop' build argument 'catkin_cmake_args' from command line to 'None'
[1.015s] Level 5:colcon.colcon_core.verb:set package 'turtlebot3_teleop' build argument 'catkin_skip_building_tests' from command line to 'False'
[1.015s] DEBUG:colcon.colcon_core.verb:Building package 'turtlebot3_teleop' with the following arguments: {'ament_cmake_args': None, 'build_base': '/home/w-ok-e/autonav/build/turtlebot3_teleop', 'catkin_cmake_args': None, 'catkin_skip_building_tests': False, 'cmake_args': None, 'cmake_clean_cache': False, 'cmake_clean_first': False, 'cmake_force_configure': False, 'cmake_target': None, 'cmake_target_skip_unavailable': False, 'install_base': '/home/w-ok-e/autonav/install/turtlebot3_teleop', 'merge_install': False, 'path': '/home/w-ok-e/autonav/src/turtlebot3/turtlebot3_teleop', 'symlink_install': False, 'test_result_base': None}
[1.016s] Level 5:colcon.colcon_core.verb:set package 'turtlebot3_bringup' build argument 'cmake_args' from command line to 'None'
[1.016s] Level 5:colcon.colcon_core.verb:set package 'turtlebot3_bringup' build argument 'cmake_target' from command line to 'None'
[1.016s] Level 5:colcon.colcon_core.verb:set package 'turtlebot3_bringup' build argument 'cmake_target_skip_unavailable' from command line to 'False'
[1.016s] Level 5:colcon.colcon_core.verb:set package 'turtlebot3_bringup' build argument 'cmake_clean_cache' from command line to 'False'
[1.016s] Level 5:colcon.colcon_core.verb:set package 'turtlebot3_bringup' build argument 'cmake_clean_first' from command line to 'False'
[1.016s] Level 5:colcon.colcon_core.verb:set package 'turtlebot3_bringup' build argument 'cmake_force_configure' from command line to 'False'
[1.016s] Level 5:colcon.colcon_core.verb:set package 'turtlebot3_bringup' build argument 'ament_cmake_args' from command line to 'None'
[1.017s] Level 5:colcon.colcon_core.verb:set package 'turtlebot3_bringup' build argument 'catkin_cmake_args' from command line to 'None'
[1.017s] Level 5:colcon.colcon_core.verb:set package 'turtlebot3_bringup' build argument 'catkin_skip_building_tests' from command line to 'False'
[1.017s] DEBUG:colcon.colcon_core.verb:Building package 'turtlebot3_bringup' with the following arguments: {'ament_cmake_args': None, 'build_base': '/home/w-ok-e/autonav/build/turtlebot3_bringup', 'catkin_cmake_args': None, 'catkin_skip_building_tests': False, 'cmake_args': None, 'cmake_clean_cache': False, 'cmake_clean_first': False, 'cmake_force_configure': False, 'cmake_target': None, 'cmake_target_skip_unavailable': False, 'install_base': '/home/w-ok-e/autonav/install/turtlebot3_bringup', 'merge_install': False, 'path': '/home/w-ok-e/autonav/src/turtlebot3/turtlebot3_bringup', 'symlink_install': False, 'test_result_base': None}
[1.017s] Level 5:colcon.colcon_core.verb:set package 'turtlebot3' build argument 'cmake_args' from command line to 'None'
[1.018s] Level 5:colcon.colcon_core.verb:set package 'turtlebot3' build argument 'cmake_target' from command line to 'None'
[1.018s] Level 5:colcon.colcon_core.verb:set package 'turtlebot3' build argument 'cmake_target_skip_unavailable' from command line to 'False'
[1.018s] Level 5:colcon.colcon_core.verb:set package 'turtlebot3' build argument 'cmake_clean_cache' from command line to 'False'
[1.018s] Level 5:colcon.colcon_core.verb:set package 'turtlebot3' build argument 'cmake_clean_first' from command line to 'False'
[1.018s] Level 5:colcon.colcon_core.verb:set package 'turtlebot3' build argument 'cmake_force_configure' from command line to 'False'
[1.018s] Level 5:colcon.colcon_core.verb:set package 'turtlebot3' build argument 'ament_cmake_args' from command line to 'None'
[1.018s] Level 5:colcon.colcon_core.verb:set package 'turtlebot3' build argument 'catkin_cmake_args' from command line to 'None'
[1.018s] Level 5:colcon.colcon_core.verb:set package 'turtlebot3' build argument 'catkin_skip_building_tests' from command line to 'False'
[1.018s] DEBUG:colcon.colcon_core.verb:Building package 'turtlebot3' with the following arguments: {'ament_cmake_args': None, 'build_base': '/home/w-ok-e/autonav/build/turtlebot3', 'catkin_cmake_args': None, 'catkin_skip_building_tests': False, 'cmake_args': None, 'cmake_clean_cache': False, 'cmake_clean_first': False, 'cmake_force_configure': False, 'cmake_target': None, 'cmake_target_skip_unavailable': False, 'install_base': '/home/w-ok-e/autonav/install/turtlebot3', 'merge_install': False, 'path': '/home/w-ok-e/autonav/src/turtlebot3/turtlebot3', 'symlink_install': False, 'test_result_base': None}
[1.018s] INFO:colcon.colcon_core.executor:Executing jobs using 'parallel' executor
[1.021s] DEBUG:colcon.colcon_parallel_executor.executor.parallel:run_until_complete
[1.022s] INFO:colcon.colcon_ros.task.ament_cmake.build:Building ROS package in '/home/w-ok-e/autonav/src/turtlebot3/turtlebot3_description' with build type 'ament_cmake'
[1.023s] INFO:colcon.colcon_cmake.task.cmake.build:Building CMake package in '/home/w-ok-e/autonav/src/turtlebot3/turtlebot3_description'
[1.029s] INFO:colcon.colcon_core.plugin_system:Skipping extension 'colcon_core.shell.bat': Not used on non-Windows systems
[1.029s] INFO:colcon.colcon_core.shell:Skip shell extension 'powershell' for command environment: Not usable outside of PowerShell
[1.029s] DEBUG:colcon.colcon_core.shell:Skip shell extension 'dsv' for command environment
[1.038s] INFO:colcon.colcon_ros.task.ament_cmake.build:Building ROS package in '/home/w-ok-e/autonav/src/turtlebot3/turtlebot3_node' with build type 'ament_cmake'
[1.038s] INFO:colcon.colcon_cmake.task.cmake.build:Building CMake package in '/home/w-ok-e/autonav/src/turtlebot3/turtlebot3_node'
[1.039s] INFO:colcon.colcon_core.shell:Skip shell extension 'powershell' for command environment: Not usable outside of PowerShell
[1.039s] DEBUG:colcon.colcon_core.shell:Skip shell extension 'dsv' for command environment
[1.049s] INFO:colcon.colcon_ros.task.ament_cmake.build:Building ROS package in '/home/w-ok-e/autonav/src/turtlebot3/turtlebot3_cartographer' with build type 'ament_cmake'
[1.050s] INFO:colcon.colcon_cmake.task.cmake.build:Building CMake package in '/home/w-ok-e/autonav/src/turtlebot3/turtlebot3_cartographer'
[1.051s] INFO:colcon.colcon_core.shell:Skip shell extension 'powershell' for command environment: Not usable outside of PowerShell
[1.051s] DEBUG:colcon.colcon_core.shell:Skip shell extension 'dsv' for command environment
[1.061s] INFO:colcon.colcon_ros.task.ament_python.build:Building ROS package in '/home/w-ok-e/autonav/src/turtlebot3/turtlebot3_example' with build type 'ament_python'
[1.061s] Level 1:colcon.colcon_core.shell:create_environment_hook('turtlebot3_example', 'ament_prefix_path')
[1.062s] INFO:colcon.colcon_core.shell:Creating environment hook '/home/w-ok-e/autonav/install/turtlebot3_example/share/turtlebot3_example/hook/ament_prefix_path.ps1'
[1.074s] INFO:colcon.colcon_core.shell:Creating environment descriptor '/home/w-ok-e/autonav/install/turtlebot3_example/share/turtlebot3_example/hook/ament_prefix_path.dsv'
[1.076s] INFO:colcon.colcon_core.shell:Creating environment hook '/home/w-ok-e/autonav/install/turtlebot3_example/share/turtlebot3_example/hook/ament_prefix_path.sh'
[1.079s] INFO:colcon.colcon_core.shell:Skip shell extension 'powershell' for command environment: Not usable outside of PowerShell
[1.079s] DEBUG:colcon.colcon_core.shell:Skip shell extension 'dsv' for command environment
[1.087s] INFO:colcon.colcon_ros.task.ament_cmake.build:Building ROS package in '/home/w-ok-e/autonav/src/turtlebot3/turtlebot3_navigation2' with build type 'ament_cmake'
[1.088s] INFO:colcon.colcon_cmake.task.cmake.build:Building CMake package in '/home/w-ok-e/autonav/src/turtlebot3/turtlebot3_navigation2'
[1.089s] INFO:colcon.colcon_core.shell:Skip shell extension 'powershell' for command environment: Not usable outside of PowerShell
[1.090s] DEBUG:colcon.colcon_core.shell:Skip shell extension 'dsv' for command environment
[1.102s] INFO:colcon.colcon_ros.task.ament_python.build:Building ROS package in '/home/w-ok-e/autonav/src/turtlebot3/turtlebot3_teleop' with build type 'ament_python'
[1.103s] Level 1:colcon.colcon_core.shell:create_environment_hook('turtlebot3_teleop', 'ament_prefix_path')
[1.103s] INFO:colcon.colcon_core.shell:Creating environment hook '/home/w-ok-e/autonav/install/turtlebot3_teleop/share/turtlebot3_teleop/hook/ament_prefix_path.ps1'
[1.106s] INFO:colcon.colcon_core.shell:Creating environment descriptor '/home/w-ok-e/autonav/install/turtlebot3_teleop/share/turtlebot3_teleop/hook/ament_prefix_path.dsv'
[1.107s] INFO:colcon.colcon_core.shell:Creating environment hook '/home/w-ok-e/autonav/install/turtlebot3_teleop/share/turtlebot3_teleop/hook/ament_prefix_path.sh'
[1.109s] INFO:colcon.colcon_core.shell:Skip shell extension 'powershell' for command environment: Not usable outside of PowerShell
[1.109s] DEBUG:colcon.colcon_core.shell:Skip shell extension 'dsv' for command environment
[1.134s] DEBUG:colcon.colcon_core.event_handler.log_command:Invoking command in '/home/w-ok-e/autonav/build/turtlebot3_description': CMAKE_PREFIX_PATH=/opt/ros/humble CONDA_PROMPT_MODIFIER=(base) /usr/local/bin/cmake /home/w-ok-e/autonav/src/turtlebot3/turtlebot3_description -DCMAKE_INSTALL_PREFIX=/home/w-ok-e/autonav/install/turtlebot3_description
[1.141s] DEBUG:colcon.colcon_core.event_handler.log_command:Invoking command in '/home/w-ok-e/autonav/build/turtlebot3_node': CMAKE_PREFIX_PATH=/opt/ros/humble CONDA_PROMPT_MODIFIER=(base) /usr/local/bin/cmake /home/w-ok-e/autonav/src/turtlebot3/turtlebot3_node -DCMAKE_INSTALL_PREFIX=/home/w-ok-e/autonav/install/turtlebot3_node
[1.150s] DEBUG:colcon.colcon_core.event_handler.log_command:Invoking command in '/home/w-ok-e/autonav/build/turtlebot3_cartographer': CMAKE_PREFIX_PATH=/opt/ros/humble CONDA_PROMPT_MODIFIER=(base) /usr/local/bin/cmake /home/w-ok-e/autonav/src/turtlebot3/turtlebot3_cartographer -DCMAKE_INSTALL_PREFIX=/home/w-ok-e/autonav/install/turtlebot3_cartographer
[1.887s] INFO:colcon.colcon_core.task.python.build:Building Python package in '/home/w-ok-e/autonav/src/turtlebot3/turtlebot3_example'
[1.889s] INFO:colcon.colcon_core.shell:Skip shell extension 'powershell' for command environment: Not usable outside of PowerShell
[1.889s] DEBUG:colcon.colcon_core.shell:Skip shell extension 'dsv' for command environment
[1.912s] DEBUG:colcon.colcon_core.event_handler.log_command:Invoking command in '/home/w-ok-e/autonav/build/turtlebot3_navigation2': CMAKE_PREFIX_PATH=/opt/ros/humble CONDA_PROMPT_MODIFIER=(base) /usr/local/bin/cmake /home/w-ok-e/autonav/src/turtlebot3/turtlebot3_navigation2 -DCMAKE_INSTALL_PREFIX=/home/w-ok-e/autonav/install/turtlebot3_navigation2
[2.773s] INFO:colcon.colcon_core.task.python.build:Building Python package in '/home/w-ok-e/autonav/src/turtlebot3/turtlebot3_teleop'
[2.774s] INFO:colcon.colcon_core.shell:Skip shell extension 'powershell' for command environment: Not usable outside of PowerShell
[2.774s] DEBUG:colcon.colcon_core.shell:Skip shell extension 'dsv' for command environment
[3.109s] DEBUG:colcon.colcon_core.event_handler.log_command:Invoked command in '/home/w-ok-e/autonav/build/turtlebot3_cartographer' returned '0': CMAKE_PREFIX_PATH=/opt/ros/humble CONDA_PROMPT_MODIFIER=(base) /usr/local/bin/cmake /home/w-ok-e/autonav/src/turtlebot3/turtlebot3_cartographer -DCMAKE_INSTALL_PREFIX=/home/w-ok-e/autonav/install/turtlebot3_cartographer
[3.115s] DEBUG:colcon.colcon_core.event_handler.log_command:Invoking command in '/home/w-ok-e/autonav/build/turtlebot3_cartographer': CMAKE_PREFIX_PATH=/opt/ros/humble CONDA_PROMPT_MODIFIER=(base) /usr/local/bin/cmake --build /home/w-ok-e/autonav/build/turtlebot3_cartographer -- -j12 -l12
[3.161s] DEBUG:colcon.colcon_core.event_handler.log_command:Invoked command in '/home/w-ok-e/autonav/build/turtlebot3_cartographer' returned '0': CMAKE_PREFIX_PATH=/opt/ros/humble CONDA_PROMPT_MODIFIER=(base) /usr/local/bin/cmake --build /home/w-ok-e/autonav/build/turtlebot3_cartographer -- -j12 -l12
[3.175s] DEBUG:colcon.colcon_core.event_handler.log_command:Invoking command in '/home/w-ok-e/autonav/build/turtlebot3_cartographer': CMAKE_PREFIX_PATH=/opt/ros/humble CONDA_PROMPT_MODIFIER=(base) /usr/local/bin/cmake --install /home/w-ok-e/autonav/build/turtlebot3_cartographer
[3.194s] Level 1:colcon.colcon_core.environment:create_environment_scripts_only(turtlebot3_cartographer)
[3.196s] DEBUG:colcon.colcon_core.event_handler.log_command:Invoked command in '/home/w-ok-e/autonav/build/turtlebot3_cartographer' returned '0': CMAKE_PREFIX_PATH=/opt/ros/humble CONDA_PROMPT_MODIFIER=(base) /usr/local/bin/cmake --install /home/w-ok-e/autonav/build/turtlebot3_cartographer
[3.206s] Level 1:colcon.colcon_core.environment:checking '/home/w-ok-e/autonav/install/turtlebot3_cartographer' for CMake module files
[3.208s] Level 1:colcon.colcon_core.environment:checking '/home/w-ok-e/autonav/install/turtlebot3_cartographer' for CMake config files
[3.208s] Level 1:colcon.colcon_core.shell:create_environment_hook('turtlebot3_cartographer', 'cmake_prefix_path')
[3.209s] INFO:colcon.colcon_core.shell:Creating environment hook '/home/w-ok-e/autonav/install/turtlebot3_cartographer/share/turtlebot3_cartographer/hook/cmake_prefix_path.ps1'
[3.211s] INFO:colcon.colcon_core.shell:Creating environment descriptor '/home/w-ok-e/autonav/install/turtlebot3_cartographer/share/turtlebot3_cartographer/hook/cmake_prefix_path.dsv'
[3.212s] INFO:colcon.colcon_core.shell:Creating environment hook '/home/w-ok-e/autonav/install/turtlebot3_cartographer/share/turtlebot3_cartographer/hook/cmake_prefix_path.sh'
[3.215s] Level 1:colcon.colcon_core.environment:checking '/home/w-ok-e/autonav/install/turtlebot3_cartographer/bin'
[3.216s] Level 1:colcon.colcon_core.environment:checking '/home/w-ok-e/autonav/install/turtlebot3_cartographer/lib/pkgconfig/turtlebot3_cartographer.pc'
[3.217s] Level 1:colcon.colcon_core.environment:checking '/home/w-ok-e/autonav/install/turtlebot3_cartographer/lib/python3.10/site-packages'
[3.218s] Level 1:colcon.colcon_core.environment:checking '/home/w-ok-e/autonav/install/turtlebot3_cartographer/bin'
[3.219s] INFO:colcon.colcon_core.shell:Creating package script '/home/w-ok-e/autonav/install/turtlebot3_cartographer/share/turtlebot3_cartographer/package.ps1'
[3.223s] INFO:colcon.colcon_core.shell:Creating package descriptor '/home/w-ok-e/autonav/install/turtlebot3_cartographer/share/turtlebot3_cartographer/package.dsv'
[3.225s] INFO:colcon.colcon_core.shell:Creating package script '/home/w-ok-e/autonav/install/turtlebot3_cartographer/share/turtlebot3_cartographer/package.sh'
[3.228s] INFO:colcon.colcon_core.shell:Creating package script '/home/w-ok-e/autonav/install/turtlebot3_cartographer/share/turtlebot3_cartographer/package.bash'
[3.231s] INFO:colcon.colcon_core.shell:Creating package script '/home/w-ok-e/autonav/install/turtlebot3_cartographer/share/turtlebot3_cartographer/package.zsh'
[3.233s] Level 1:colcon.colcon_core.environment:create_file_with_runtime_dependencies(/home/w-ok-e/autonav/install/turtlebot3_cartographer/share/colcon-core/packages/turtlebot3_cartographer)
[3.237s] Level 1:colcon.colcon_core.environment:create_environment_scripts_only(turtlebot3_cartographer)
[3.239s] Level 1:colcon.colcon_core.environment:checking '/home/w-ok-e/autonav/install/turtlebot3_cartographer' for CMake module files
[3.241s] Level 1:colcon.colcon_core.environment:checking '/home/w-ok-e/autonav/install/turtlebot3_cartographer' for CMake config files
[3.242s] Level 1:colcon.colcon_core.shell:create_environment_hook('turtlebot3_cartographer', 'cmake_prefix_path')
[3.242s] INFO:colcon.colcon_core.shell:Creating environment hook '/home/w-ok-e/autonav/install/turtlebot3_cartographer/share/turtlebot3_cartographer/hook/cmake_prefix_path.ps1'
[3.244s] INFO:colcon.colcon_core.shell:Creating environment descriptor '/home/w-ok-e/autonav/install/turtlebot3_cartographer/share/turtlebot3_cartographer/hook/cmake_prefix_path.dsv'
[3.246s] INFO:colcon.colcon_core.shell:Creating environment hook '/home/w-ok-e/autonav/install/turtlebot3_cartographer/share/turtlebot3_cartographer/hook/cmake_prefix_path.sh'
[3.248s] Level 1:colcon.colcon_core.environment:checking '/home/w-ok-e/autonav/install/turtlebot3_cartographer/bin'
[3.248s] Level 1:colcon.colcon_core.environment:checking '/home/w-ok-e/autonav/install/turtlebot3_cartographer/lib/pkgconfig/turtlebot3_cartographer.pc'
[3.249s] Level 1:colcon.colcon_core.environment:checking '/home/w-ok-e/autonav/install/turtlebot3_cartographer/lib/python3.10/site-packages'
[3.250s] Level 1:colcon.colcon_core.environment:checking '/home/w-ok-e/autonav/install/turtlebot3_cartographer/bin'
[3.251s] INFO:colcon.colcon_core.shell:Creating package script '/home/w-ok-e/autonav/install/turtlebot3_cartographer/share/turtlebot3_cartographer/package.ps1'
[3.253s] INFO:colcon.colcon_core.shell:Creating package descriptor '/home/w-ok-e/autonav/install/turtlebot3_cartographer/share/turtlebot3_cartographer/package.dsv'
[3.256s] INFO:colcon.colcon_core.shell:Creating package script '/home/w-ok-e/autonav/install/turtlebot3_cartographer/share/turtlebot3_cartographer/package.sh'
[3.257s] INFO:colcon.colcon_core.shell:Creating package script '/home/w-ok-e/autonav/install/turtlebot3_cartographer/share/turtlebot3_cartographer/package.bash'
[3.259s] INFO:colcon.colcon_core.shell:Creating package script '/home/w-ok-e/autonav/install/turtlebot3_cartographer/share/turtlebot3_cartographer/package.zsh'
[3.261s] Level 1:colcon.colcon_core.environment:create_file_with_runtime_dependencies(/home/w-ok-e/autonav/install/turtlebot3_cartographer/share/colcon-core/packages/turtlebot3_cartographer)
[3.368s] DEBUG:colcon.colcon_core.event_handler.log_command:Invoked command in '/home/w-ok-e/autonav/build/turtlebot3_description' returned '0': CMAKE_PREFIX_PATH=/opt/ros/humble CONDA_PROMPT_MODIFIER=(base) /usr/local/bin/cmake /home/w-ok-e/autonav/src/turtlebot3/turtlebot3_description -DCMAKE_INSTALL_PREFIX=/home/w-ok-e/autonav/install/turtlebot3_description
[3.371s] DEBUG:colcon.colcon_core.event_handler.log_command:Invoking command in '/home/w-ok-e/autonav/build/turtlebot3_description': CMAKE_PREFIX_PATH=/opt/ros/humble CONDA_PROMPT_MODIFIER=(base) /usr/local/bin/cmake --build /home/w-ok-e/autonav/build/turtlebot3_description -- -j12 -l12
[3.416s] DEBUG:colcon.colcon_core.event_handler.log_command:Invoked command in '/home/w-ok-e/autonav/build/turtlebot3_description' returned '0': CMAKE_PREFIX_PATH=/opt/ros/humble CONDA_PROMPT_MODIFIER=(base) /usr/local/bin/cmake --build /home/w-ok-e/autonav/build/turtlebot3_description -- -j12 -l12
[3.420s] DEBUG:colcon.colcon_core.event_handler.log_command:Invoking command in '/home/w-ok-e/autonav/build/turtlebot3_description': CMAKE_PREFIX_PATH=/opt/ros/humble CONDA_PROMPT_MODIFIER=(base) /usr/local/bin/cmake --install /home/w-ok-e/autonav/build/turtlebot3_description
[3.545s] Level 1:colcon.colcon_core.environment:create_environment_scripts_only(turtlebot3_description)
[3.546s] Level 1:colcon.colcon_core.environment:checking '/home/w-ok-e/autonav/install/turtlebot3_description' for CMake module files
[3.549s] DEBUG:colcon.colcon_core.event_handler.log_command:Invoked command in '/home/w-ok-e/autonav/build/turtlebot3_description' returned '0': CMAKE_PREFIX_PATH=/opt/ros/humble CONDA_PROMPT_MODIFIER=(base) /usr/local/bin/cmake --install /home/w-ok-e/autonav/build/turtlebot3_description
[3.550s] Level 1:colcon.colcon_core.environment:checking '/home/w-ok-e/autonav/install/turtlebot3_description' for CMake config files
[3.551s] Level 1:colcon.colcon_core.shell:create_environment_hook('turtlebot3_description', 'cmake_prefix_path')
[3.552s] INFO:colcon.colcon_core.shell:Creating environment hook '/home/w-ok-e/autonav/install/turtlebot3_description/share/turtlebot3_description/hook/cmake_prefix_path.ps1'
[3.554s] INFO:colcon.colcon_core.shell:Creating environment descriptor '/home/w-ok-e/autonav/install/turtlebot3_description/share/turtlebot3_description/hook/cmake_prefix_path.dsv'
[3.554s] INFO:colcon.colcon_core.shell:Creating environment hook '/home/w-ok-e/autonav/install/turtlebot3_description/share/turtlebot3_description/hook/cmake_prefix_path.sh'
[3.556s] Level 1:colcon.colcon_core.environment:checking '/home/w-ok-e/autonav/install/turtlebot3_description/bin'
[3.556s] Level 1:colcon.colcon_core.environment:checking '/home/w-ok-e/autonav/install/turtlebot3_description/lib/pkgconfig/turtlebot3_description.pc'
[3.557s] Level 1:colcon.colcon_core.environment:checking '/home/w-ok-e/autonav/install/turtlebot3_description/lib/python3.10/site-packages'
[3.557s] Level 1:colcon.colcon_core.environment:checking '/home/w-ok-e/autonav/install/turtlebot3_description/bin'
[3.558s] INFO:colcon.colcon_core.shell:Creating package script '/home/w-ok-e/autonav/install/turtlebot3_description/share/turtlebot3_description/package.ps1'
[3.559s] INFO:colcon.colcon_core.shell:Creating package descriptor '/home/w-ok-e/autonav/install/turtlebot3_description/share/turtlebot3_description/package.dsv'
[3.560s] INFO:colcon.colcon_core.shell:Creating package script '/home/w-ok-e/autonav/install/turtlebot3_description/share/turtlebot3_description/package.sh'
[3.561s] INFO:colcon.colcon_core.shell:Creating package script '/home/w-ok-e/autonav/install/turtlebot3_description/share/turtlebot3_description/package.bash'
[3.562s] INFO:colcon.colcon_core.shell:Creating package script '/home/w-ok-e/autonav/install/turtlebot3_description/share/turtlebot3_description/package.zsh'
[3.563s] Level 1:colcon.colcon_core.environment:create_file_with_runtime_dependencies(/home/w-ok-e/autonav/install/turtlebot3_description/share/colcon-core/packages/turtlebot3_description)
[3.564s] Level 1:colcon.colcon_core.environment:create_environment_scripts_only(turtlebot3_description)
[3.565s] Level 1:colcon.colcon_core.environment:checking '/home/w-ok-e/autonav/install/turtlebot3_description' for CMake module files
[3.566s] Level 1:colcon.colcon_core.environment:checking '/home/w-ok-e/autonav/install/turtlebot3_description' for CMake config files
[3.566s] Level 1:colcon.colcon_core.shell:create_environment_hook('turtlebot3_description', 'cmake_prefix_path')
[3.567s] INFO:colcon.colcon_core.shell:Creating environment hook '/home/w-ok-e/autonav/install/turtlebot3_description/share/turtlebot3_description/hook/cmake_prefix_path.ps1'
[3.568s] INFO:colcon.colcon_core.shell:Creating environment descriptor '/home/w-ok-e/autonav/install/turtlebot3_description/share/turtlebot3_description/hook/cmake_prefix_path.dsv'
[3.569s] INFO:colcon.colcon_core.shell:Creating environment hook '/home/w-ok-e/autonav/install/turtlebot3_description/share/turtlebot3_description/hook/cmake_prefix_path.sh'
[3.570s] Level 1:colcon.colcon_core.environment:checking '/home/w-ok-e/autonav/install/turtlebot3_description/bin'
[3.570s] Level 1:colcon.colcon_core.environment:checking '/home/w-ok-e/autonav/install/turtlebot3_description/lib/pkgconfig/turtlebot3_description.pc'
[3.571s] Level 1:colcon.colcon_core.environment:checking '/home/w-ok-e/autonav/install/turtlebot3_description/lib/python3.10/site-packages'
[3.571s] Level 1:colcon.colcon_core.environment:checking '/home/w-ok-e/autonav/install/turtlebot3_description/bin'
[3.572s] INFO:colcon.colcon_core.shell:Creating package script '/home/w-ok-e/autonav/install/turtlebot3_description/share/turtlebot3_description/package.ps1'
[3.573s] INFO:colcon.colcon_core.shell:Creating package descriptor '/home/w-ok-e/autonav/install/turtlebot3_description/share/turtlebot3_description/package.dsv'
[3.575s] INFO:colcon.colcon_core.shell:Creating package script '/home/w-ok-e/autonav/install/turtlebot3_description/share/turtlebot3_description/package.sh'
[3.576s] INFO:colcon.colcon_core.shell:Creating package script '/home/w-ok-e/autonav/install/turtlebot3_description/share/turtlebot3_description/package.bash'
[3.577s] INFO:colcon.colcon_core.shell:Creating package script '/home/w-ok-e/autonav/install/turtlebot3_description/share/turtlebot3_description/package.zsh'
[3.578s] Level 1:colcon.colcon_core.environment:create_file_with_runtime_dependencies(/home/w-ok-e/autonav/install/turtlebot3_description/share/colcon-core/packages/turtlebot3_description)
[3.865s] DEBUG:colcon.colcon_core.event_handler.log_command:Invoked command in '/home/w-ok-e/autonav/build/turtlebot3_navigation2' returned '0': CMAKE_PREFIX_PATH=/opt/ros/humble CONDA_PROMPT_MODIFIER=(base) /usr/local/bin/cmake /home/w-ok-e/autonav/src/turtlebot3/turtlebot3_navigation2 -DCMAKE_INSTALL_PREFIX=/home/w-ok-e/autonav/install/turtlebot3_navigation2
[3.872s] DEBUG:colcon.colcon_core.event_handler.log_command:Invoking command in '/home/w-ok-e/autonav/build/turtlebot3_navigation2': CMAKE_PREFIX_PATH=/opt/ros/humble CONDA_PROMPT_MODIFIER=(base) /usr/local/bin/cmake --build /home/w-ok-e/autonav/build/turtlebot3_navigation2 -- -j12 -l12
[3.912s] DEBUG:colcon.colcon_core.event_handler.log_command:Invoked command in '/home/w-ok-e/autonav/build/turtlebot3_navigation2' returned '0': CMAKE_PREFIX_PATH=/opt/ros/humble CONDA_PROMPT_MODIFIER=(base) /usr/local/bin/cmake --build /home/w-ok-e/autonav/build/turtlebot3_navigation2 -- -j12 -l12
[3.918s] DEBUG:colcon.colcon_core.event_handler.log_command:Invoking command in '/home/w-ok-e/autonav/build/turtlebot3_navigation2': CMAKE_PREFIX_PATH=/opt/ros/humble CONDA_PROMPT_MODIFIER=(base) /usr/local/bin/cmake --install /home/w-ok-e/autonav/build/turtlebot3_navigation2
[3.938s] Level 1:colcon.colcon_core.environment:create_environment_scripts_only(turtlebot3_navigation2)
[3.939s] Level 1:colcon.colcon_core.environment:checking '/home/w-ok-e/autonav/install/turtlebot3_navigation2' for CMake module files
[3.942s] Level 1:colcon.colcon_core.environment:checking '/home/w-ok-e/autonav/install/turtlebot3_navigation2' for CMake config files
[3.945s] DEBUG:colcon.colcon_core.event_handler.log_command:Invoked command in '/home/w-ok-e/autonav/build/turtlebot3_navigation2' returned '0': CMAKE_PREFIX_PATH=/opt/ros/humble CONDA_PROMPT_MODIFIER=(base) /usr/local/bin/cmake --install /home/w-ok-e/autonav/build/turtlebot3_navigation2
[3.945s] Level 1:colcon.colcon_core.shell:create_environment_hook('turtlebot3_navigation2', 'cmake_prefix_path')
[3.946s] INFO:colcon.colcon_core.shell:Creating environment hook '/home/w-ok-e/autonav/install/turtlebot3_navigation2/share/turtlebot3_navigation2/hook/cmake_prefix_path.ps1'
[3.948s] INFO:colcon.colcon_core.shell:Creating environment descriptor '/home/w-ok-e/autonav/install/turtlebot3_navigation2/share/turtlebot3_navigation2/hook/cmake_prefix_path.dsv'
[3.949s] INFO:colcon.colcon_core.shell:Creating environment hook '/home/w-ok-e/autonav/install/turtlebot3_navigation2/share/turtlebot3_navigation2/hook/cmake_prefix_path.sh'
[3.950s] Level 1:colcon.colcon_core.environment:checking '/home/w-ok-e/autonav/install/turtlebot3_navigation2/bin'
[3.951s] Level 1:colcon.colcon_core.environment:checking '/home/w-ok-e/autonav/install/turtlebot3_navigation2/lib/pkgconfig/turtlebot3_navigation2.pc'
[3.951s] Level 1:colcon.colcon_core.environment:checking '/home/w-ok-e/autonav/install/turtlebot3_navigation2/lib/python3.10/site-packages'
[3.952s] Level 1:colcon.colcon_core.environment:checking '/home/w-ok-e/autonav/install/turtlebot3_navigation2/bin'
[3.953s] INFO:colcon.colcon_core.shell:Creating package script '/home/w-ok-e/autonav/install/turtlebot3_navigation2/share/turtlebot3_navigation2/package.ps1'
[3.954s] INFO:colcon.colcon_core.shell:Creating package descriptor '/home/w-ok-e/autonav/install/turtlebot3_navigation2/share/turtlebot3_navigation2/package.dsv'
[3.956s] INFO:colcon.colcon_core.shell:Creating package script '/home/w-ok-e/autonav/install/turtlebot3_navigation2/share/turtlebot3_navigation2/package.sh'
[3.957s] INFO:colcon.colcon_core.shell:Creating package script '/home/w-ok-e/autonav/install/turtlebot3_navigation2/share/turtlebot3_navigation2/package.bash'
[3.958s] INFO:colcon.colcon_core.shell:Creating package script '/home/w-ok-e/autonav/install/turtlebot3_navigation2/share/turtlebot3_navigation2/package.zsh'
[3.959s] Level 1:colcon.colcon_core.environment:create_file_with_runtime_dependencies(/home/w-ok-e/autonav/install/turtlebot3_navigation2/share/colcon-core/packages/turtlebot3_navigation2)
[3.960s] Level 1:colcon.colcon_core.environment:create_environment_scripts_only(turtlebot3_navigation2)
[3.961s] Level 1:colcon.colcon_core.environment:checking '/home/w-ok-e/autonav/install/turtlebot3_navigation2' for CMake module files
[3.962s] Level 1:colcon.colcon_core.environment:checking '/home/w-ok-e/autonav/install/turtlebot3_navigation2' for CMake config files
[3.963s] Level 1:colcon.colcon_core.shell:create_environment_hook('turtlebot3_navigation2', 'cmake_prefix_path')
[3.963s] INFO:colcon.colcon_core.shell:Creating environment hook '/home/w-ok-e/autonav/install/turtlebot3_navigation2/share/turtlebot3_navigation2/hook/cmake_prefix_path.ps1'
[3.965s] INFO:colcon.colcon_core.shell:Creating environment descriptor '/home/w-ok-e/autonav/install/turtlebot3_navigation2/share/turtlebot3_navigation2/hook/cmake_prefix_path.dsv'
[3.966s] INFO:colcon.colcon_core.shell:Creating environment hook '/home/w-ok-e/autonav/install/turtlebot3_navigation2/share/turtlebot3_navigation2/hook/cmake_prefix_path.sh'
[3.967s] Level 1:colcon.colcon_core.environment:checking '/home/w-ok-e/autonav/install/turtlebot3_navigation2/bin'
[3.967s] Level 1:colcon.colcon_core.environment:checking '/home/w-ok-e/autonav/install/turtlebot3_navigation2/lib/pkgconfig/turtlebot3_navigation2.pc'
[3.968s] Level 1:colcon.colcon_core.environment:checking '/home/w-ok-e/autonav/install/turtlebot3_navigation2/lib/python3.10/site-packages'
[3.969s] Level 1:colcon.colcon_core.environment:checking '/home/w-ok-e/autonav/install/turtlebot3_navigation2/bin'
[3.969s] INFO:colcon.colcon_core.shell:Creating package script '/home/w-ok-e/autonav/install/turtlebot3_navigation2/share/turtlebot3_navigation2/package.ps1'
[3.971s] INFO:colcon.colcon_core.shell:Creating package descriptor '/home/w-ok-e/autonav/install/turtlebot3_navigation2/share/turtlebot3_navigation2/package.dsv'
[3.972s] INFO:colcon.colcon_core.shell:Creating package script '/home/w-ok-e/autonav/install/turtlebot3_navigation2/share/turtlebot3_navigation2/package.sh'
[3.973s] INFO:colcon.colcon_core.shell:Creating package script '/home/w-ok-e/autonav/install/turtlebot3_navigation2/share/turtlebot3_navigation2/package.bash'
[3.974s] INFO:colcon.colcon_core.shell:Creating package script '/home/w-ok-e/autonav/install/turtlebot3_navigation2/share/turtlebot3_navigation2/package.zsh'
[3.975s] Level 1:colcon.colcon_core.environment:create_file_with_runtime_dependencies(/home/w-ok-e/autonav/install/turtlebot3_navigation2/share/colcon-core/packages/turtlebot3_navigation2)
[4.006s] DEBUG:colcon.colcon_core.event_handler.log_command:Invoking command in '/home/w-ok-e/autonav/src/turtlebot3/turtlebot3_teleop': CONDA_PROMPT_MODIFIER=(base) PYTHONPATH=/home/w-ok-e/autonav/build/turtlebot3_teleop/prefix_override:/usr/lib/python3/dist-packages/colcon_core/task/python/colcon_distutils_commands:/home/w-ok-e/autonav/install/turtlebot3_teleop/lib/python3.10/site-packages:${PYTHONPATH} /usr/bin/python3 -W ignore:setup.py install is deprecated -W ignore:easy_install command is deprecated setup.py egg_info --egg-base ../../../build/turtlebot3_teleop build --build-base /home/w-ok-e/autonav/build/turtlebot3_teleop/build install --record /home/w-ok-e/autonav/build/turtlebot3_teleop/install.log --single-version-externally-managed install_data
[4.023s] DEBUG:colcon.colcon_core.event_handler.log_command:Invoking command in '/home/w-ok-e/autonav/src/turtlebot3/turtlebot3_example': CONDA_PROMPT_MODIFIER=(base) PYTHONPATH=/home/w-ok-e/autonav/build/turtlebot3_example/prefix_override:/usr/lib/python3/dist-packages/colcon_core/task/python/colcon_distutils_commands:/home/w-ok-e/autonav/install/turtlebot3_example/lib/python3.10/site-packages:${PYTHONPATH} /usr/bin/python3 -W ignore:setup.py install is deprecated -W ignore:easy_install command is deprecated setup.py egg_info --egg-base ../../../build/turtlebot3_example build --build-base /home/w-ok-e/autonav/build/turtlebot3_example/build install --record /home/w-ok-e/autonav/build/turtlebot3_example/install.log --single-version-externally-managed install_data
[4.845s] Level 1:colcon.colcon_core.environment:checking '/home/w-ok-e/autonav/install/turtlebot3_teleop' for CMake module files
[4.846s] DEBUG:colcon.colcon_core.event_handler.log_command:Invoked command in '/home/w-ok-e/autonav/src/turtlebot3/turtlebot3_teleop' returned '0': CONDA_PROMPT_MODIFIER=(base) PYTHONPATH=/home/w-ok-e/autonav/build/turtlebot3_teleop/prefix_override:/usr/lib/python3/dist-packages/colcon_core/task/python/colcon_distutils_commands:/home/w-ok-e/autonav/install/turtlebot3_teleop/lib/python3.10/site-packages:${PYTHONPATH} /usr/bin/python3 -W ignore:setup.py install is deprecated -W ignore:easy_install command is deprecated setup.py egg_info --egg-base ../../../build/turtlebot3_teleop build --build-base /home/w-ok-e/autonav/build/turtlebot3_teleop/build install --record /home/w-ok-e/autonav/build/turtlebot3_teleop/install.log --single-version-externally-managed install_data
[4.848s] Level 1:colcon.colcon_core.environment:checking '/home/w-ok-e/autonav/install/turtlebot3_teleop' for CMake config files
[4.849s] Level 1:colcon.colcon_core.environment:checking '/home/w-ok-e/autonav/install/turtlebot3_teleop/lib'
[4.850s] Level 1:colcon.colcon_core.environment:checking '/home/w-ok-e/autonav/install/turtlebot3_teleop/bin'
[4.850s] Level 1:colcon.colcon_core.environment:checking '/home/w-ok-e/autonav/install/turtlebot3_teleop/lib/pkgconfig/turtlebot3_teleop.pc'
[4.851s] Level 1:colcon.colcon_core.environment:checking '/home/w-ok-e/autonav/install/turtlebot3_teleop/lib/python3.10/site-packages'
[4.851s] Level 1:colcon.colcon_core.shell:create_environment_hook('turtlebot3_teleop', 'pythonpath')
[4.852s] INFO:colcon.colcon_core.shell:Creating environment hook '/home/w-ok-e/autonav/install/turtlebot3_teleop/share/turtlebot3_teleop/hook/pythonpath.ps1'
[4.853s] INFO:colcon.colcon_core.shell:Creating environment descriptor '/home/w-ok-e/autonav/install/turtlebot3_teleop/share/turtlebot3_teleop/hook/pythonpath.dsv'
[4.854s] INFO:colcon.colcon_core.shell:Creating environment hook '/home/w-ok-e/autonav/install/turtlebot3_teleop/share/turtlebot3_teleop/hook/pythonpath.sh'
[4.855s] Level 1:colcon.colcon_core.environment:checking '/home/w-ok-e/autonav/install/turtlebot3_teleop/bin'
[4.856s] Level 1:colcon.colcon_core.environment:create_environment_scripts_only(turtlebot3_teleop)
[4.857s] INFO:colcon.colcon_core.shell:Creating package script '/home/w-ok-e/autonav/install/turtlebot3_teleop/share/turtlebot3_teleop/package.ps1'
[4.858s] INFO:colcon.colcon_core.shell:Creating package descriptor '/home/w-ok-e/autonav/install/turtlebot3_teleop/share/turtlebot3_teleop/package.dsv'
[4.859s] INFO:colcon.colcon_core.shell:Creating package script '/home/w-ok-e/autonav/install/turtlebot3_teleop/share/turtlebot3_teleop/package.sh'
[4.861s] INFO:colcon.colcon_core.shell:Creating package script '/home/w-ok-e/autonav/install/turtlebot3_teleop/share/turtlebot3_teleop/package.bash'
[4.861s] INFO:colcon.colcon_core.shell:Creating package script '/home/w-ok-e/autonav/install/turtlebot3_teleop/share/turtlebot3_teleop/package.zsh'
[4.862s] Level 1:colcon.colcon_core.environment:create_file_with_runtime_dependencies(/home/w-ok-e/autonav/install/turtlebot3_teleop/share/colcon-core/packages/turtlebot3_teleop)
[4.867s] Level 1:colcon.colcon_core.environment:checking '/home/w-ok-e/autonav/install/turtlebot3_example' for CMake module files
[4.868s] DEBUG:colcon.colcon_core.event_handler.log_command:Invoked command in '/home/w-ok-e/autonav/src/turtlebot3/turtlebot3_example' returned '0': CONDA_PROMPT_MODIFIER=(base) PYTHONPATH=/home/w-ok-e/autonav/build/turtlebot3_example/prefix_override:/usr/lib/python3/dist-packages/colcon_core/task/python/colcon_distutils_commands:/home/w-ok-e/autonav/install/turtlebot3_example/lib/python3.10/site-packages:${PYTHONPATH} /usr/bin/python3 -W ignore:setup.py install is deprecated -W ignore:easy_install command is deprecated setup.py egg_info --egg-base ../../../build/turtlebot3_example build --build-base /home/w-ok-e/autonav/build/turtlebot3_example/build install --record /home/w-ok-e/autonav/build/turtlebot3_example/install.log --single-version-externally-managed install_data
[4.870s] Level 1:colcon.colcon_core.environment:checking '/home/w-ok-e/autonav/install/turtlebot3_example' for CMake config files
[4.872s] Level 1:colcon.colcon_core.environment:checking '/home/w-ok-e/autonav/install/turtlebot3_example/lib'
[4.872s] Level 1:colcon.colcon_core.environment:checking '/home/w-ok-e/autonav/install/turtlebot3_example/bin'
[4.872s] Level 1:colcon.colcon_core.environment:checking '/home/w-ok-e/autonav/install/turtlebot3_example/lib/pkgconfig/turtlebot3_example.pc'
[4.873s] Level 1:colcon.colcon_core.environment:checking '/home/w-ok-e/autonav/install/turtlebot3_example/lib/python3.10/site-packages'
[4.873s] Level 1:colcon.colcon_core.shell:create_environment_hook('turtlebot3_example', 'pythonpath')
[4.874s] INFO:colcon.colcon_core.shell:Creating environment hook '/home/w-ok-e/autonav/install/turtlebot3_example/share/turtlebot3_example/hook/pythonpath.ps1'
[4.875s] INFO:colcon.colcon_core.shell:Creating environment descriptor '/home/w-ok-e/autonav/install/turtlebot3_example/share/turtlebot3_example/hook/pythonpath.dsv'
[4.876s] INFO:colcon.colcon_core.shell:Creating environment hook '/home/w-ok-e/autonav/install/turtlebot3_example/share/turtlebot3_example/hook/pythonpath.sh'
[4.878s] Level 1:colcon.colcon_core.environment:checking '/home/w-ok-e/autonav/install/turtlebot3_example/bin'
[4.878s] Level 1:colcon.colcon_core.environment:create_environment_scripts_only(turtlebot3_example)
[4.879s] INFO:colcon.colcon_core.shell:Creating package script '/home/w-ok-e/autonav/install/turtlebot3_example/share/turtlebot3_example/package.ps1'
[4.881s] INFO:colcon.colcon_core.shell:Creating package descriptor '/home/w-ok-e/autonav/install/turtlebot3_example/share/turtlebot3_example/package.dsv'
[4.882s] INFO:colcon.colcon_core.shell:Creating package script '/home/w-ok-e/autonav/install/turtlebot3_example/share/turtlebot3_example/package.sh'
[4.883s] INFO:colcon.colcon_core.shell:Creating package script '/home/w-ok-e/autonav/install/turtlebot3_example/share/turtlebot3_example/package.bash'
[4.884s] INFO:colcon.colcon_core.shell:Creating package script '/home/w-ok-e/autonav/install/turtlebot3_example/share/turtlebot3_example/package.zsh'
[4.885s] Level 1:colcon.colcon_core.environment:create_file_with_runtime_dependencies(/home/w-ok-e/autonav/install/turtlebot3_example/share/colcon-core/packages/turtlebot3_example)
[5.771s] DEBUG:colcon.colcon_core.event_handler.log_command:Invoked command in '/home/w-ok-e/autonav/build/turtlebot3_node' returned '0': CMAKE_PREFIX_PATH=/opt/ros/humble CONDA_PROMPT_MODIFIER=(base) /usr/local/bin/cmake /home/w-ok-e/autonav/src/turtlebot3/turtlebot3_node -DCMAKE_INSTALL_PREFIX=/home/w-ok-e/autonav/install/turtlebot3_node
[5.776s] DEBUG:colcon.colcon_core.event_handler.log_command:Invoking command in '/home/w-ok-e/autonav/build/turtlebot3_node': CMAKE_PREFIX_PATH=/opt/ros/humble CONDA_PROMPT_MODIFIER=(base) /usr/local/bin/cmake --build /home/w-ok-e/autonav/build/turtlebot3_node -- -j12 -l12
[74.239s] DEBUG:colcon.colcon_core.event_handler.log_command:Invoked command in '/home/w-ok-e/autonav/build/turtlebot3_node' returned '0': CMAKE_PREFIX_PATH=/opt/ros/humble CONDA_PROMPT_MODIFIER=(base) /usr/local/bin/cmake --build /home/w-ok-e/autonav/build/turtlebot3_node -- -j12 -l12
[74.248s] DEBUG:colcon.colcon_core.event_handler.log_command:Invoking command in '/home/w-ok-e/autonav/build/turtlebot3_node': CMAKE_PREFIX_PATH=/opt/ros/humble CONDA_PROMPT_MODIFIER=(base) /usr/local/bin/cmake --install /home/w-ok-e/autonav/build/turtlebot3_node
[74.301s] Level 1:colcon.colcon_core.environment:create_environment_scripts_only(turtlebot3_node)
[74.302s] Level 1:colcon.colcon_core.environment:checking '/home/w-ok-e/autonav/install/turtlebot3_node' for CMake module files
[74.304s] DEBUG:colcon.colcon_core.event_handler.log_command:Invoked command in '/home/w-ok-e/autonav/build/turtlebot3_node' returned '0': CMAKE_PREFIX_PATH=/opt/ros/humble CONDA_PROMPT_MODIFIER=(base) /usr/local/bin/cmake --install /home/w-ok-e/autonav/build/turtlebot3_node
[74.306s] Level 1:colcon.colcon_core.environment:checking '/home/w-ok-e/autonav/install/turtlebot3_node' for CMake config files
[74.306s] Level 1:colcon.colcon_core.shell:create_environment_hook('turtlebot3_node', 'cmake_prefix_path')
[74.307s] INFO:colcon.colcon_core.shell:Creating environment hook '/home/w-ok-e/autonav/install/turtlebot3_node/share/turtlebot3_node/hook/cmake_prefix_path.ps1'
[74.308s] INFO:colcon.colcon_core.shell:Creating environment descriptor '/home/w-ok-e/autonav/install/turtlebot3_node/share/turtlebot3_node/hook/cmake_prefix_path.dsv'
[74.309s] INFO:colcon.colcon_core.shell:Creating environment hook '/home/w-ok-e/autonav/install/turtlebot3_node/share/turtlebot3_node/hook/cmake_prefix_path.sh'
[74.311s] Level 1:colcon.colcon_core.environment:checking '/home/w-ok-e/autonav/install/turtlebot3_node/lib'
[74.311s] Level 1:colcon.colcon_core.environment:checking '/home/w-ok-e/autonav/install/turtlebot3_node/bin'
[74.311s] Level 1:colcon.colcon_core.environment:checking '/home/w-ok-e/autonav/install/turtlebot3_node/lib/pkgconfig/turtlebot3_node.pc'
[74.312s] Level 1:colcon.colcon_core.environment:checking '/home/w-ok-e/autonav/install/turtlebot3_node/lib/python3.10/site-packages'
[74.312s] Level 1:colcon.colcon_core.environment:checking '/home/w-ok-e/autonav/install/turtlebot3_node/bin'
[74.313s] INFO:colcon.colcon_core.shell:Creating package script '/home/w-ok-e/autonav/install/turtlebot3_node/share/turtlebot3_node/package.ps1'
[74.315s] INFO:colcon.colcon_core.shell:Creating package descriptor '/home/w-ok-e/autonav/install/turtlebot3_node/share/turtlebot3_node/package.dsv'
[74.316s] INFO:colcon.colcon_core.shell:Creating package script '/home/w-ok-e/autonav/install/turtlebot3_node/share/turtlebot3_node/package.sh'
[74.317s] INFO:colcon.colcon_core.shell:Creating package script '/home/w-ok-e/autonav/install/turtlebot3_node/share/turtlebot3_node/package.bash'
[74.318s] INFO:colcon.colcon_core.shell:Creating package script '/home/w-ok-e/autonav/install/turtlebot3_node/share/turtlebot3_node/package.zsh'
[74.319s] Level 1:colcon.colcon_core.environment:create_file_with_runtime_dependencies(/home/w-ok-e/autonav/install/turtlebot3_node/share/colcon-core/packages/turtlebot3_node)
[74.322s] Level 1:colcon.colcon_core.environment:create_environment_scripts_only(turtlebot3_node)
[74.323s] Level 1:colcon.colcon_core.environment:checking '/home/w-ok-e/autonav/install/turtlebot3_node' for CMake module files
[74.326s] Level 1:colcon.colcon_core.environment:checking '/home/w-ok-e/autonav/install/turtlebot3_node' for CMake config files
[74.326s] Level 1:colcon.colcon_core.shell:create_environment_hook('turtlebot3_node', 'cmake_prefix_path')
[74.327s] INFO:colcon.colcon_core.shell:Creating environment hook '/home/w-ok-e/autonav/install/turtlebot3_node/share/turtlebot3_node/hook/cmake_prefix_path.ps1'
[74.329s] INFO:colcon.colcon_core.shell:Creating environment descriptor '/home/w-ok-e/autonav/install/turtlebot3_node/share/turtlebot3_node/hook/cmake_prefix_path.dsv'
[74.331s] INFO:colcon.colcon_core.shell:Creating environment hook '/home/w-ok-e/autonav/install/turtlebot3_node/share/turtlebot3_node/hook/cmake_prefix_path.sh'
[74.334s] Level 1:colcon.colcon_core.environment:checking '/home/w-ok-e/autonav/install/turtlebot3_node/lib'
[74.334s] Level 1:colcon.colcon_core.environment:checking '/home/w-ok-e/autonav/install/turtlebot3_node/bin'
[74.334s] Level 1:colcon.colcon_core.environment:checking '/home/w-ok-e/autonav/install/turtlebot3_node/lib/pkgconfig/turtlebot3_node.pc'
[74.335s] Level 1:colcon.colcon_core.environment:checking '/home/w-ok-e/autonav/install/turtlebot3_node/lib/python3.10/site-packages'
[74.336s] Level 1:colcon.colcon_core.environment:checking '/home/w-ok-e/autonav/install/turtlebot3_node/bin'
[74.337s] INFO:colcon.colcon_core.shell:Creating package script '/home/w-ok-e/autonav/install/turtlebot3_node/share/turtlebot3_node/package.ps1'
[74.338s] INFO:colcon.colcon_core.shell:Creating package descriptor '/home/w-ok-e/autonav/install/turtlebot3_node/share/turtlebot3_node/package.dsv'
[74.340s] INFO:colcon.colcon_core.shell:Creating package script '/home/w-ok-e/autonav/install/turtlebot3_node/share/turtlebot3_node/package.sh'
[74.341s] INFO:colcon.colcon_core.shell:Creating package script '/home/w-ok-e/autonav/install/turtlebot3_node/share/turtlebot3_node/package.bash'
[74.342s] INFO:colcon.colcon_core.shell:Creating package script '/home/w-ok-e/autonav/install/turtlebot3_node/share/turtlebot3_node/package.zsh'
[74.344s] Level 1:colcon.colcon_core.environment:create_file_with_runtime_dependencies(/home/w-ok-e/autonav/install/turtlebot3_node/share/colcon-core/packages/turtlebot3_node)
[74.345s] INFO:colcon.colcon_ros.task.ament_cmake.build:Building ROS package in '/home/w-ok-e/autonav/src/turtlebot3/turtlebot3_bringup' with build type 'ament_cmake'
[74.346s] INFO:colcon.colcon_cmake.task.cmake.build:Building CMake package in '/home/w-ok-e/autonav/src/turtlebot3/turtlebot3_bringup'
[74.347s] INFO:colcon.colcon_core.shell:Skip shell extension 'powershell' for command environment: Not usable outside of PowerShell
[74.347s] DEBUG:colcon.colcon_core.shell:Skip shell extension 'dsv' for command environment
[74.379s] DEBUG:colcon.colcon_core.event_handler.log_command:Invoking command in '/home/w-ok-e/autonav/build/turtlebot3_bringup': AMENT_PREFIX_PATH=/home/w-ok-e/autonav/install/turtlebot3_node:/home/w-ok-e/autonav/install/turtlebot3_description:${AMENT_PREFIX_PATH} CMAKE_PREFIX_PATH=/home/w-ok-e/autonav/install/turtlebot3_node:/home/w-ok-e/autonav/install/turtlebot3_description:/opt/ros/humble CONDA_PROMPT_MODIFIER=(base) /usr/local/bin/cmake /home/w-ok-e/autonav/src/turtlebot3/turtlebot3_bringup -DCMAKE_INSTALL_PREFIX=/home/w-ok-e/autonav/install/turtlebot3_bringup
[76.268s] DEBUG:colcon.colcon_core.event_handler.log_command:Invoked command in '/home/w-ok-e/autonav/build/turtlebot3_bringup' returned '0': AMENT_PREFIX_PATH=/home/w-ok-e/autonav/install/turtlebot3_node:/home/w-ok-e/autonav/install/turtlebot3_description:${AMENT_PREFIX_PATH} CMAKE_PREFIX_PATH=/home/w-ok-e/autonav/install/turtlebot3_node:/home/w-ok-e/autonav/install/turtlebot3_description:/opt/ros/humble CONDA_PROMPT_MODIFIER=(base) /usr/local/bin/cmake /home/w-ok-e/autonav/src/turtlebot3/turtlebot3_bringup -DCMAKE_INSTALL_PREFIX=/home/w-ok-e/autonav/install/turtlebot3_bringup
[76.272s] DEBUG:colcon.colcon_core.event_handler.log_command:Invoking command in '/home/w-ok-e/autonav/build/turtlebot3_bringup': AMENT_PREFIX_PATH=/home/w-ok-e/autonav/install/turtlebot3_node:/home/w-ok-e/autonav/install/turtlebot3_description:${AMENT_PREFIX_PATH} CMAKE_PREFIX_PATH=/home/w-ok-e/autonav/install/turtlebot3_node:/home/w-ok-e/autonav/install/turtlebot3_description:/opt/ros/humble CONDA_PROMPT_MODIFIER=(base) /usr/local/bin/cmake --build /home/w-ok-e/autonav/build/turtlebot3_bringup -- -j12 -l12
[76.313s] DEBUG:colcon.colcon_core.event_handler.log_command:Invoked command in '/home/w-ok-e/autonav/build/turtlebot3_bringup' returned '0': AMENT_PREFIX_PATH=/home/w-ok-e/autonav/install/turtlebot3_node:/home/w-ok-e/autonav/install/turtlebot3_description:${AMENT_PREFIX_PATH} CMAKE_PREFIX_PATH=/home/w-ok-e/autonav/install/turtlebot3_node:/home/w-ok-e/autonav/install/turtlebot3_description:/opt/ros/humble CONDA_PROMPT_MODIFIER=(base) /usr/local/bin/cmake --build /home/w-ok-e/autonav/build/turtlebot3_bringup -- -j12 -l12
[76.319s] DEBUG:colcon.colcon_core.event_handler.log_command:Invoking command in '/home/w-ok-e/autonav/build/turtlebot3_bringup': AMENT_PREFIX_PATH=/home/w-ok-e/autonav/install/turtlebot3_node:/home/w-ok-e/autonav/install/turtlebot3_description:${AMENT_PREFIX_PATH} CMAKE_PREFIX_PATH=/home/w-ok-e/autonav/install/turtlebot3_node:/home/w-ok-e/autonav/install/turtlebot3_description:/opt/ros/humble CONDA_PROMPT_MODIFIER=(base) /usr/local/bin/cmake --install /home/w-ok-e/autonav/build/turtlebot3_bringup
[76.335s] Level 1:colcon.colcon_core.environment:create_environment_scripts_only(turtlebot3_bringup)
[76.336s] Level 1:colcon.colcon_core.environment:checking '/home/w-ok-e/autonav/install/turtlebot3_bringup' for CMake module files
[76.338s] DEBUG:colcon.colcon_core.event_handler.log_command:Invoked command in '/home/w-ok-e/autonav/build/turtlebot3_bringup' returned '0': AMENT_PREFIX_PATH=/home/w-ok-e/autonav/install/turtlebot3_node:/home/w-ok-e/autonav/install/turtlebot3_description:${AMENT_PREFIX_PATH} CMAKE_PREFIX_PATH=/home/w-ok-e/autonav/install/turtlebot3_node:/home/w-ok-e/autonav/install/turtlebot3_description:/opt/ros/humble CONDA_PROMPT_MODIFIER=(base) /usr/local/bin/cmake --install /home/w-ok-e/autonav/build/turtlebot3_bringup
[76.340s] Level 1:colcon.colcon_core.environment:checking '/home/w-ok-e/autonav/install/turtlebot3_bringup' for CMake config files
[76.341s] Level 1:colcon.colcon_core.shell:create_environment_hook('turtlebot3_bringup', 'cmake_prefix_path')
[76.341s] INFO:colcon.colcon_core.shell:Creating environment hook '/home/w-ok-e/autonav/install/turtlebot3_bringup/share/turtlebot3_bringup/hook/cmake_prefix_path.ps1'
[76.343s] INFO:colcon.colcon_core.shell:Creating environment descriptor '/home/w-ok-e/autonav/install/turtlebot3_bringup/share/turtlebot3_bringup/hook/cmake_prefix_path.dsv'
[76.344s] INFO:colcon.colcon_core.shell:Creating environment hook '/home/w-ok-e/autonav/install/turtlebot3_bringup/share/turtlebot3_bringup/hook/cmake_prefix_path.sh'
[76.345s] Level 1:colcon.colcon_core.environment:checking '/home/w-ok-e/autonav/install/turtlebot3_bringup/bin'
[76.346s] Level 1:colcon.colcon_core.environment:checking '/home/w-ok-e/autonav/install/turtlebot3_bringup/lib/pkgconfig/turtlebot3_bringup.pc'
[76.346s] Level 1:colcon.colcon_core.environment:checking '/home/w-ok-e/autonav/install/turtlebot3_bringup/lib/python3.10/site-packages'
[76.347s] Level 1:colcon.colcon_core.environment:checking '/home/w-ok-e/autonav/install/turtlebot3_bringup/bin'
[76.348s] INFO:colcon.colcon_core.shell:Creating package script '/home/w-ok-e/autonav/install/turtlebot3_bringup/share/turtlebot3_bringup/package.ps1'
[76.349s] INFO:colcon.colcon_core.shell:Creating package descriptor '/home/w-ok-e/autonav/install/turtlebot3_bringup/share/turtlebot3_bringup/package.dsv'
[76.351s] INFO:colcon.colcon_core.shell:Creating package script '/home/w-ok-e/autonav/install/turtlebot3_bringup/share/turtlebot3_bringup/package.sh'
[76.352s] INFO:colcon.colcon_core.shell:Creating package script '/home/w-ok-e/autonav/install/turtlebot3_bringup/share/turtlebot3_bringup/package.bash'
[76.353s] INFO:colcon.colcon_core.shell:Creating package script '/home/w-ok-e/autonav/install/turtlebot3_bringup/share/turtlebot3_bringup/package.zsh'
[76.353s] Level 1:colcon.colcon_core.environment:create_file_with_runtime_dependencies(/home/w-ok-e/autonav/install/turtlebot3_bringup/share/colcon-core/packages/turtlebot3_bringup)
[76.355s] Level 1:colcon.colcon_core.environment:create_environment_scripts_only(turtlebot3_bringup)
[76.356s] Level 1:colcon.colcon_core.environment:checking '/home/w-ok-e/autonav/install/turtlebot3_bringup' for CMake module files
[76.357s] Level 1:colcon.colcon_core.environment:checking '/home/w-ok-e/autonav/install/turtlebot3_bringup' for CMake config files
[76.357s] Level 1:colcon.colcon_core.shell:create_environment_hook('turtlebot3_bringup', 'cmake_prefix_path')
[76.358s] INFO:colcon.colcon_core.shell:Creating environment hook '/home/w-ok-e/autonav/install/turtlebot3_bringup/share/turtlebot3_bringup/hook/cmake_prefix_path.ps1'
[76.359s] INFO:colcon.colcon_core.shell:Creating environment descriptor '/home/w-ok-e/autonav/install/turtlebot3_bringup/share/turtlebot3_bringup/hook/cmake_prefix_path.dsv'
[76.360s] INFO:colcon.colcon_core.shell:Creating environment hook '/home/w-ok-e/autonav/install/turtlebot3_bringup/share/turtlebot3_bringup/hook/cmake_prefix_path.sh'
[76.362s] Level 1:colcon.colcon_core.environment:checking '/home/w-ok-e/autonav/install/turtlebot3_bringup/bin'
[76.363s] Level 1:colcon.colcon_core.environment:checking '/home/w-ok-e/autonav/install/turtlebot3_bringup/lib/pkgconfig/turtlebot3_bringup.pc'
[76.363s] Level 1:colcon.colcon_core.environment:checking '/home/w-ok-e/autonav/install/turtlebot3_bringup/lib/python3.10/site-packages'
[76.364s] Level 1:colcon.colcon_core.environment:checking '/home/w-ok-e/autonav/install/turtlebot3_bringup/bin'
[76.365s] INFO:colcon.colcon_core.shell:Creating package script '/home/w-ok-e/autonav/install/turtlebot3_bringup/share/turtlebot3_bringup/package.ps1'
[76.366s] INFO:colcon.colcon_core.shell:Creating package descriptor '/home/w-ok-e/autonav/install/turtlebot3_bringup/share/turtlebot3_bringup/package.dsv'
[76.367s] INFO:colcon.colcon_core.shell:Creating package script '/home/w-ok-e/autonav/install/turtlebot3_bringup/share/turtlebot3_bringup/package.sh'
[76.369s] INFO:colcon.colcon_core.shell:Creating package script '/home/w-ok-e/autonav/install/turtlebot3_bringup/share/turtlebot3_bringup/package.bash'
[76.370s] INFO:colcon.colcon_core.shell:Creating package script '/home/w-ok-e/autonav/install/turtlebot3_bringup/share/turtlebot3_bringup/package.zsh'
[76.371s] Level 1:colcon.colcon_core.environment:create_file_with_runtime_dependencies(/home/w-ok-e/autonav/install/turtlebot3_bringup/share/colcon-core/packages/turtlebot3_bringup)
[76.372s] INFO:colcon.colcon_ros.task.ament_cmake.build:Building ROS package in '/home/w-ok-e/autonav/src/turtlebot3/turtlebot3' with build type 'ament_cmake'
[76.372s] INFO:colcon.colcon_cmake.task.cmake.build:Building CMake package in '/home/w-ok-e/autonav/src/turtlebot3/turtlebot3'
[76.373s] INFO:colcon.colcon_core.shell:Skip shell extension 'powershell' for command environment: Not usable outside of PowerShell
[76.373s] DEBUG:colcon.colcon_core.shell:Skip shell extension 'dsv' for command environment
[76.412s] DEBUG:colcon.colcon_core.event_handler.log_command:Invoking command in '/home/w-ok-e/autonav/build/turtlebot3': AMENT_PREFIX_PATH=/home/w-ok-e/autonav/install/turtlebot3_bringup:/home/w-ok-e/autonav/install/turtlebot3_teleop:/home/w-ok-e/autonav/install/turtlebot3_node:/home/w-ok-e/autonav/install/turtlebot3_navigation2:/home/w-ok-e/autonav/install/turtlebot3_example:/home/w-ok-e/autonav/install/turtlebot3_description:/home/w-ok-e/autonav/install/turtlebot3_cartographer:${AMENT_PREFIX_PATH} CMAKE_PREFIX_PATH=/home/w-ok-e/autonav/install/turtlebot3_bringup:/home/w-ok-e/autonav/install/turtlebot3_node:/home/w-ok-e/autonav/install/turtlebot3_navigation2:/home/w-ok-e/autonav/install/turtlebot3_description:/home/w-ok-e/autonav/install/turtlebot3_cartographer:/opt/ros/humble CONDA_PROMPT_MODIFIER=(base) PYTHONPATH=/home/w-ok-e/autonav/install/turtlebot3_teleop/lib/python3.10/site-packages:/home/w-ok-e/autonav/install/turtlebot3_example/lib/python3.10/site-packages:${PYTHONPATH} /usr/local/bin/cmake /home/w-ok-e/autonav/src/turtlebot3/turtlebot3 -DCMAKE_INSTALL_PREFIX=/home/w-ok-e/autonav/install/turtlebot3
[78.346s] DEBUG:colcon.colcon_core.event_handler.log_command:Invoked command in '/home/w-ok-e/autonav/build/turtlebot3' returned '0': AMENT_PREFIX_PATH=/home/w-ok-e/autonav/install/turtlebot3_bringup:/home/w-ok-e/autonav/install/turtlebot3_teleop:/home/w-ok-e/autonav/install/turtlebot3_node:/home/w-ok-e/autonav/install/turtlebot3_navigation2:/home/w-ok-e/autonav/install/turtlebot3_example:/home/w-ok-e/autonav/install/turtlebot3_description:/home/w-ok-e/autonav/install/turtlebot3_cartographer:${AMENT_PREFIX_PATH} CMAKE_PREFIX_PATH=/home/w-ok-e/autonav/install/turtlebot3_bringup:/home/w-ok-e/autonav/install/turtlebot3_node:/home/w-ok-e/autonav/install/turtlebot3_navigation2:/home/w-ok-e/autonav/install/turtlebot3_description:/home/w-ok-e/autonav/install/turtlebot3_cartographer:/opt/ros/humble CONDA_PROMPT_MODIFIER=(base) PYTHONPATH=/home/w-ok-e/autonav/install/turtlebot3_teleop/lib/python3.10/site-packages:/home/w-ok-e/autonav/install/turtlebot3_example/lib/python3.10/site-packages:${PYTHONPATH} /usr/local/bin/cmake /home/w-ok-e/autonav/src/turtlebot3/turtlebot3 -DCMAKE_INSTALL_PREFIX=/home/w-ok-e/autonav/install/turtlebot3
[78.350s] DEBUG:colcon.colcon_core.event_handler.log_command:Invoking command in '/home/w-ok-e/autonav/build/turtlebot3': AMENT_PREFIX_PATH=/home/w-ok-e/autonav/install/turtlebot3_bringup:/home/w-ok-e/autonav/install/turtlebot3_teleop:/home/w-ok-e/autonav/install/turtlebot3_node:/home/w-ok-e/autonav/install/turtlebot3_navigation2:/home/w-ok-e/autonav/install/turtlebot3_example:/home/w-ok-e/autonav/install/turtlebot3_description:/home/w-ok-e/autonav/install/turtlebot3_cartographer:${AMENT_PREFIX_PATH} CMAKE_PREFIX_PATH=/home/w-ok-e/autonav/install/turtlebot3_bringup:/home/w-ok-e/autonav/install/turtlebot3_node:/home/w-ok-e/autonav/install/turtlebot3_navigation2:/home/w-ok-e/autonav/install/turtlebot3_description:/home/w-ok-e/autonav/install/turtlebot3_cartographer:/opt/ros/humble CONDA_PROMPT_MODIFIER=(base) PYTHONPATH=/home/w-ok-e/autonav/install/turtlebot3_teleop/lib/python3.10/site-packages:/home/w-ok-e/autonav/install/turtlebot3_example/lib/python3.10/site-packages:${PYTHONPATH} /usr/local/bin/cmake --build /home/w-ok-e/autonav/build/turtlebot3 -- -j12 -l12
[78.391s] DEBUG:colcon.colcon_core.event_handler.log_command:Invoked command in '/home/w-ok-e/autonav/build/turtlebot3' returned '0': AMENT_PREFIX_PATH=/home/w-ok-e/autonav/install/turtlebot3_bringup:/home/w-ok-e/autonav/install/turtlebot3_teleop:/home/w-ok-e/autonav/install/turtlebot3_node:/home/w-ok-e/autonav/install/turtlebot3_navigation2:/home/w-ok-e/autonav/install/turtlebot3_example:/home/w-ok-e/autonav/install/turtlebot3_description:/home/w-ok-e/autonav/install/turtlebot3_cartographer:${AMENT_PREFIX_PATH} CMAKE_PREFIX_PATH=/home/w-ok-e/autonav/install/turtlebot3_bringup:/home/w-ok-e/autonav/install/turtlebot3_node:/home/w-ok-e/autonav/install/turtlebot3_navigation2:/home/w-ok-e/autonav/install/turtlebot3_description:/home/w-ok-e/autonav/install/turtlebot3_cartographer:/opt/ros/humble CONDA_PROMPT_MODIFIER=(base) PYTHONPATH=/home/w-ok-e/autonav/install/turtlebot3_teleop/lib/python3.10/site-packages:/home/w-ok-e/autonav/install/turtlebot3_example/lib/python3.10/site-packages:${PYTHONPATH} /usr/local/bin/cmake --build /home/w-ok-e/autonav/build/turtlebot3 -- -j12 -l12
[78.396s] DEBUG:colcon.colcon_core.event_handler.log_command:Invoking command in '/home/w-ok-e/autonav/build/turtlebot3': AMENT_PREFIX_PATH=/home/w-ok-e/autonav/install/turtlebot3_bringup:/home/w-ok-e/autonav/install/turtlebot3_teleop:/home/w-ok-e/autonav/install/turtlebot3_node:/home/w-ok-e/autonav/install/turtlebot3_navigation2:/home/w-ok-e/autonav/install/turtlebot3_example:/home/w-ok-e/autonav/install/turtlebot3_description:/home/w-ok-e/autonav/install/turtlebot3_cartographer:${AMENT_PREFIX_PATH} CMAKE_PREFIX_PATH=/home/w-ok-e/autonav/install/turtlebot3_bringup:/home/w-ok-e/autonav/install/turtlebot3_node:/home/w-ok-e/autonav/install/turtlebot3_navigation2:/home/w-ok-e/autonav/install/turtlebot3_description:/home/w-ok-e/autonav/install/turtlebot3_cartographer:/opt/ros/humble CONDA_PROMPT_MODIFIER=(base) PYTHONPATH=/home/w-ok-e/autonav/install/turtlebot3_teleop/lib/python3.10/site-packages:/home/w-ok-e/autonav/install/turtlebot3_example/lib/python3.10/site-packages:${PYTHONPATH} /usr/local/bin/cmake --install /home/w-ok-e/autonav/build/turtlebot3
[78.409s] Level 1:colcon.colcon_core.environment:create_environment_scripts_only(turtlebot3)
[78.410s] Level 1:colcon.colcon_core.environment:checking '/home/w-ok-e/autonav/install/turtlebot3' for CMake module files
[78.412s] DEBUG:colcon.colcon_core.event_handler.log_command:Invoked command in '/home/w-ok-e/autonav/build/turtlebot3' returned '0': AMENT_PREFIX_PATH=/home/w-ok-e/autonav/install/turtlebot3_bringup:/home/w-ok-e/autonav/install/turtlebot3_teleop:/home/w-ok-e/autonav/install/turtlebot3_node:/home/w-ok-e/autonav/install/turtlebot3_navigation2:/home/w-ok-e/autonav/install/turtlebot3_example:/home/w-ok-e/autonav/install/turtlebot3_description:/home/w-ok-e/autonav/install/turtlebot3_cartographer:${AMENT_PREFIX_PATH} CMAKE_PREFIX_PATH=/home/w-ok-e/autonav/install/turtlebot3_bringup:/home/w-ok-e/autonav/install/turtlebot3_node:/home/w-ok-e/autonav/install/turtlebot3_navigation2:/home/w-ok-e/autonav/install/turtlebot3_description:/home/w-ok-e/autonav/install/turtlebot3_cartographer:/opt/ros/humble CONDA_PROMPT_MODIFIER=(base) PYTHONPATH=/home/w-ok-e/autonav/install/turtlebot3_teleop/lib/python3.10/site-packages:/home/w-ok-e/autonav/install/turtlebot3_example/lib/python3.10/site-packages:${PYTHONPATH} /usr/local/bin/cmake --install /home/w-ok-e/autonav/build/turtlebot3
[78.413s] Level 1:colcon.colcon_core.environment:checking '/home/w-ok-e/autonav/install/turtlebot3' for CMake config files
[78.413s] Level 1:colcon.colcon_core.shell:create_environment_hook('turtlebot3', 'cmake_prefix_path')
[78.414s] INFO:colcon.colcon_core.shell:Creating environment hook '/home/w-ok-e/autonav/install/turtlebot3/share/turtlebot3/hook/cmake_prefix_path.ps1'
[78.416s] INFO:colcon.colcon_core.shell:Creating environment descriptor '/home/w-ok-e/autonav/install/turtlebot3/share/turtlebot3/hook/cmake_prefix_path.dsv'
[78.416s] INFO:colcon.colcon_core.shell:Creating environment hook '/home/w-ok-e/autonav/install/turtlebot3/share/turtlebot3/hook/cmake_prefix_path.sh'
[78.418s] Level 1:colcon.colcon_core.environment:checking '/home/w-ok-e/autonav/install/turtlebot3/bin'
[78.418s] Level 1:colcon.colcon_core.environment:checking '/home/w-ok-e/autonav/install/turtlebot3/lib/pkgconfig/turtlebot3.pc'
[78.419s] Level 1:colcon.colcon_core.environment:checking '/home/w-ok-e/autonav/install/turtlebot3/lib/python3.10/site-packages'
[78.419s] Level 1:colcon.colcon_core.environment:checking '/home/w-ok-e/autonav/install/turtlebot3/bin'
[78.420s] INFO:colcon.colcon_core.shell:Creating package script '/home/w-ok-e/autonav/install/turtlebot3/share/turtlebot3/package.ps1'
[78.421s] INFO:colcon.colcon_core.shell:Creating package descriptor '/home/w-ok-e/autonav/install/turtlebot3/share/turtlebot3/package.dsv'
[78.422s] INFO:colcon.colcon_core.shell:Creating package script '/home/w-ok-e/autonav/install/turtlebot3/share/turtlebot3/package.sh'
[78.423s] INFO:colcon.colcon_core.shell:Creating package script '/home/w-ok-e/autonav/install/turtlebot3/share/turtlebot3/package.bash'
[78.424s] INFO:colcon.colcon_core.shell:Creating package script '/home/w-ok-e/autonav/install/turtlebot3/share/turtlebot3/package.zsh'
[78.425s] Level 1:colcon.colcon_core.environment:create_file_with_runtime_dependencies(/home/w-ok-e/autonav/install/turtlebot3/share/colcon-core/packages/turtlebot3)
[78.427s] Level 1:colcon.colcon_core.environment:create_environment_scripts_only(turtlebot3)
[78.427s] Level 1:colcon.colcon_core.environment:checking '/home/w-ok-e/autonav/install/turtlebot3' for CMake module files
[78.428s] Level 1:colcon.colcon_core.environment:checking '/home/w-ok-e/autonav/install/turtlebot3' for CMake config files
[78.429s] Level 1:colcon.colcon_core.shell:create_environment_hook('turtlebot3', 'cmake_prefix_path')
[78.429s] INFO:colcon.colcon_core.shell:Creating environment hook '/home/w-ok-e/autonav/install/turtlebot3/share/turtlebot3/hook/cmake_prefix_path.ps1'
[78.430s] INFO:colcon.colcon_core.shell:Creating environment descriptor '/home/w-ok-e/autonav/install/turtlebot3/share/turtlebot3/hook/cmake_prefix_path.dsv'
[78.431s] INFO:colcon.colcon_core.shell:Creating environment hook '/home/w-ok-e/autonav/install/turtlebot3/share/turtlebot3/hook/cmake_prefix_path.sh'
[78.433s] Level 1:colcon.colcon_core.environment:checking '/home/w-ok-e/autonav/install/turtlebot3/bin'
[78.433s] Level 1:colcon.colcon_core.environment:checking '/home/w-ok-e/autonav/install/turtlebot3/lib/pkgconfig/turtlebot3.pc'
[78.433s] Level 1:colcon.colcon_core.environment:checking '/home/w-ok-e/autonav/install/turtlebot3/lib/python3.10/site-packages'
[78.434s] Level 1:colcon.colcon_core.environment:checking '/home/w-ok-e/autonav/install/turtlebot3/bin'
[78.435s] INFO:colcon.colcon_core.shell:Creating package script '/home/w-ok-e/autonav/install/turtlebot3/share/turtlebot3/package.ps1'
[78.436s] INFO:colcon.colcon_core.shell:Creating package descriptor '/home/w-ok-e/autonav/install/turtlebot3/share/turtlebot3/package.dsv'
[78.438s] INFO:colcon.colcon_core.shell:Creating package script '/home/w-ok-e/autonav/install/turtlebot3/share/turtlebot3/package.sh'
[78.439s] INFO:colcon.colcon_core.shell:Creating package script '/home/w-ok-e/autonav/install/turtlebot3/share/turtlebot3/package.bash'
[78.440s] INFO:colcon.colcon_core.shell:Creating package script '/home/w-ok-e/autonav/install/turtlebot3/share/turtlebot3/package.zsh'
[78.441s] Level 1:colcon.colcon_core.environment:create_file_with_runtime_dependencies(/home/w-ok-e/autonav/install/turtlebot3/share/colcon-core/packages/turtlebot3)
[78.441s] DEBUG:colcon.colcon_parallel_executor.executor.parallel:closing loop
[78.442s] DEBUG:colcon.colcon_parallel_executor.executor.parallel:loop closed
[78.443s] DEBUG:colcon.colcon_parallel_executor.executor.parallel:run_until_complete finished with '0'
[78.443s] DEBUG:colcon.colcon_core.event_reactor:joining thread
[78.461s] INFO:colcon.colcon_core.plugin_system:Skipping extension 'colcon_notification.desktop_notification.terminal_notifier': Not used on non-Darwin systems
[78.461s] INFO:colcon.colcon_core.plugin_system:Skipping extension 'colcon_notification.desktop_notification.win32': Not used on non-Windows systems
[78.461s] INFO:colcon.colcon_notification.desktop_notification:Sending desktop notification using 'notify2'
[78.499s] DEBUG:colcon.colcon_core.event_reactor:joined thread
[78.500s] INFO:colcon.colcon_core.shell:Creating prefix script '/home/w-ok-e/autonav/install/local_setup.ps1'
[78.503s] INFO:colcon.colcon_core.shell:Creating prefix util module '/home/w-ok-e/autonav/install/_local_setup_util_ps1.py'
[78.507s] INFO:colcon.colcon_core.shell:Creating prefix chain script '/home/w-ok-e/autonav/install/setup.ps1'
[78.510s] INFO:colcon.colcon_core.shell:Creating prefix script '/home/w-ok-e/autonav/install/local_setup.sh'
[78.511s] INFO:colcon.colcon_core.shell:Creating prefix util module '/home/w-ok-e/autonav/install/_local_setup_util_sh.py'
[78.512s] INFO:colcon.colcon_core.shell:Creating prefix chain script '/home/w-ok-e/autonav/install/setup.sh'
[78.515s] INFO:colcon.colcon_core.shell:Creating prefix script '/home/w-ok-e/autonav/install/local_setup.bash'
[78.517s] INFO:colcon.colcon_core.shell:Creating prefix chain script '/home/w-ok-e/autonav/install/setup.bash'
[78.519s] INFO:colcon.colcon_core.shell:Creating prefix script '/home/w-ok-e/autonav/install/local_setup.zsh'
[78.520s] INFO:colcon.colcon_core.shell:Creating prefix chain script '/home/w-ok-e/autonav/install/setup.zsh'
