[0.675s] Invoking command in '/home/w-ok-e/autonav/src/autonav': CONDA_PROMPT_MODIFIER=(base) PYTHONPATH=/home/w-ok-e/autonav/build/autonav/prefix_override:/usr/lib/python3/dist-packages/colcon_core/task/python/colcon_distutils_commands:/home/w-ok-e/autonav/install/autonav/lib/python3.10/site-packages:${PYTHONPATH} /usr/bin/python3 -W ignore:setup.py install is deprecated -W ignore:easy_install command is deprecated setup.py egg_info --egg-base ../../build/autonav build --build-base /home/w-ok-e/autonav/build/autonav/build install --record /home/w-ok-e/autonav/build/autonav/install.log --single-version-externally-managed install_data
[0.920s] running egg_info
[0.921s] writing ../../build/autonav/autonav.egg-info/PKG-INFO
[0.921s] writing dependency_links to ../../build/autonav/autonav.egg-info/dependency_links.txt
[0.921s] writing entry points to ../../build/autonav/autonav.egg-info/entry_points.txt
[0.921s] writing requirements to ../../build/autonav/autonav.egg-info/requires.txt
[0.921s] writing top-level names to ../../build/autonav/autonav.egg-info/top_level.txt
[0.923s] reading manifest file '../../build/autonav/autonav.egg-info/SOURCES.txt'
[0.924s] writing manifest file '../../build/autonav/autonav.egg-info/SOURCES.txt'
[0.924s] running build
[0.924s] running build_py
[0.924s] running install
[0.924s] running install_lib
[0.925s] running install_data
[0.925s] running install_egg_info
[0.928s] removing '/home/w-ok-e/autonav/install/autonav/lib/python3.10/site-packages/autonav-0.0.0-py3.10.egg-info' (and everything under it)
[0.928s] Copying ../../build/autonav/autonav.egg-info to /home/w-ok-e/autonav/install/autonav/lib/python3.10/site-packages/autonav-0.0.0-py3.10.egg-info
[0.929s] running install_scripts
[0.958s] writing list of installed files to '/home/w-ok-e/autonav/build/autonav/install.log'
[0.986s] Invoked command in '/home/w-ok-e/autonav/src/autonav' returned '0': CONDA_PROMPT_MODIFIER=(base) PYTHONPATH=/home/w-ok-e/autonav/build/autonav/prefix_override:/usr/lib/python3/dist-packages/colcon_core/task/python/colcon_distutils_commands:/home/w-ok-e/autonav/install/autonav/lib/python3.10/site-packages:${PYTHONPATH} /usr/bin/python3 -W ignore:setup.py install is deprecated -W ignore:easy_install command is deprecated setup.py egg_info --egg-base ../../build/autonav build --build-base /home/w-ok-e/autonav/build/autonav/build install --record /home/w-ok-e/autonav/build/autonav/install.log --single-version-externally-managed install_data
