[0.677s] Invoking command in '/home/w-ok-e/autonav/src/autonav': CONDA_PROMPT_MODIFIER=(base) PYTHONPATH=/home/w-ok-e/autonav/build/autonav/prefix_override:/usr/lib/python3/dist-packages/colcon_core/task/python/colcon_distutils_commands:/home/w-ok-e/autonav/install/autonav/lib/python3.10/site-packages:${PYTHONPATH} /usr/bin/python3 -W ignore:setup.py install is deprecated -W ignore:easy_install command is deprecated setup.py egg_info --egg-base ../../build/autonav build --build-base /home/w-ok-e/autonav/build/autonav/build install --record /home/w-ok-e/autonav/build/autonav/install.log --single-version-externally-managed install_data
[0.923s] running egg_info
[0.924s] creating ../../build/autonav/autonav.egg-info
[0.924s] writing ../../build/autonav/autonav.egg-info/PKG-INFO
[0.924s] writing dependency_links to ../../build/autonav/autonav.egg-info/dependency_links.txt
[0.924s] writing entry points to ../../build/autonav/autonav.egg-info/entry_points.txt
[0.924s] writing requirements to ../../build/autonav/autonav.egg-info/requires.txt
[0.925s] writing top-level names to ../../build/autonav/autonav.egg-info/top_level.txt
[0.925s] writing manifest file '../../build/autonav/autonav.egg-info/SOURCES.txt'
[0.926s] reading manifest file '../../build/autonav/autonav.egg-info/SOURCES.txt'
[0.927s] writing manifest file '../../build/autonav/autonav.egg-info/SOURCES.txt'
[0.927s] running build
[0.927s] running build_py
[0.927s] creating /home/w-ok-e/autonav/build/autonav/build
[0.927s] creating /home/w-ok-e/autonav/build/autonav/build/lib
[0.927s] creating /home/w-ok-e/autonav/build/autonav/build/lib/autonav
[0.927s] copying autonav/__init__.py -> /home/w-ok-e/autonav/build/autonav/build/lib/autonav
[0.927s] running install
[0.928s] running install_lib
[0.928s] creating /home/w-ok-e/autonav/install/autonav/lib/python3.10/site-packages/autonav
[0.928s] copying /home/w-ok-e/autonav/build/autonav/build/lib/autonav/__init__.py -> /home/w-ok-e/autonav/install/autonav/lib/python3.10/site-packages/autonav
[0.929s] byte-compiling /home/w-ok-e/autonav/install/autonav/lib/python3.10/site-packages/autonav/__init__.py to __init__.cpython-310.pyc
[0.929s] running install_data
[0.929s] creating /home/w-ok-e/autonav/install/autonav/share/ament_index
[0.929s] creating /home/w-ok-e/autonav/install/autonav/share/ament_index/resource_index
[0.930s] creating /home/w-ok-e/autonav/install/autonav/share/ament_index/resource_index/packages
[0.930s] copying resource/autonav -> /home/w-ok-e/autonav/install/autonav/share/ament_index/resource_index/packages
[0.930s] copying package.xml -> /home/w-ok-e/autonav/install/autonav/share/autonav
[0.930s] running install_egg_info
[0.933s] Copying ../../build/autonav/autonav.egg-info to /home/w-ok-e/autonav/install/autonav/lib/python3.10/site-packages/autonav-0.0.0-py3.10.egg-info
[0.933s] running install_scripts
[0.962s] writing list of installed files to '/home/w-ok-e/autonav/build/autonav/install.log'
[0.990s] Invoked command in '/home/w-ok-e/autonav/src/autonav' returned '0': CONDA_PROMPT_MODIFIER=(base) PYTHONPATH=/home/w-ok-e/autonav/build/autonav/prefix_override:/usr/lib/python3/dist-packages/colcon_core/task/python/colcon_distutils_commands:/home/w-ok-e/autonav/install/autonav/lib/python3.10/site-packages:${PYTHONPATH} /usr/bin/python3 -W ignore:setup.py install is deprecated -W ignore:easy_install command is deprecated setup.py egg_info --egg-base ../../build/autonav build --build-base /home/w-ok-e/autonav/build/autonav/build install --record /home/w-ok-e/autonav/build/autonav/install.log --single-version-externally-managed install_data
