[2.901s] Invoking command in '/home/w-ok-e/autonav/src/turtlebot3/turtlebot3_teleop': CONDA_PROMPT_MODIFIER=(base) PYTHONPATH=/home/w-ok-e/autonav/build/turtlebot3_teleop/prefix_override:/usr/lib/python3/dist-packages/colcon_core/task/python/colcon_distutils_commands:/home/w-ok-e/autonav/install/turtlebot3_teleop/lib/python3.10/site-packages:${PYTHONPATH} /usr/bin/python3 -W ignore:setup.py install is deprecated -W ignore:easy_install command is deprecated setup.py egg_info --egg-base ../../../build/turtlebot3_teleop build --build-base /home/w-ok-e/autonav/build/turtlebot3_teleop/build install --record /home/w-ok-e/autonav/build/turtlebot3_teleop/install.log --single-version-externally-managed install_data
[3.553s] running egg_info
[3.555s] creating ../../../build/turtlebot3_teleop/turtlebot3_teleop.egg-info
[3.556s] writing ../../../build/turtlebot3_teleop/turtlebot3_teleop.egg-info/PKG-INFO
[3.557s] writing dependency_links to ../../../build/turtlebot3_teleop/turtlebot3_teleop.egg-info/dependency_links.txt
[3.557s] writing entry points to ../../../build/turtlebot3_teleop/turtlebot3_teleop.egg-info/entry_points.txt
[3.558s] writing requirements to ../../../build/turtlebot3_teleop/turtlebot3_teleop.egg-info/requires.txt
[3.558s] writing top-level names to ../../../build/turtlebot3_teleop/turtlebot3_teleop.egg-info/top_level.txt
[3.559s] writing manifest file '../../../build/turtlebot3_teleop/turtlebot3_teleop.egg-info/SOURCES.txt'
[3.562s] reading manifest file '../../../build/turtlebot3_teleop/turtlebot3_teleop.egg-info/SOURCES.txt'
[3.565s] writing manifest file '../../../build/turtlebot3_teleop/turtlebot3_teleop.egg-info/SOURCES.txt'
[3.566s] running build
[3.566s] running build_py
[3.567s] creating /home/w-ok-e/autonav/build/turtlebot3_teleop/build
[3.570s] creating /home/w-ok-e/autonav/build/turtlebot3_teleop/build/lib
[3.570s] creating /home/w-ok-e/autonav/build/turtlebot3_teleop/build/lib/turtlebot3_teleop
[3.571s] copying turtlebot3_teleop/__init__.py -> /home/w-ok-e/autonav/build/turtlebot3_teleop/build/lib/turtlebot3_teleop
[3.571s] creating /home/w-ok-e/autonav/build/turtlebot3_teleop/build/lib/turtlebot3_teleop/script
[3.572s] copying turtlebot3_teleop/script/teleop_keyboard.py -> /home/w-ok-e/autonav/build/turtlebot3_teleop/build/lib/turtlebot3_teleop/script
[3.572s] copying turtlebot3_teleop/script/__init__.py -> /home/w-ok-e/autonav/build/turtlebot3_teleop/build/lib/turtlebot3_teleop/script
[3.573s] running install
[3.573s] running install_lib
[3.574s] creating /home/w-ok-e/autonav/install/turtlebot3_teleop/lib/python3.10/site-packages/turtlebot3_teleop
[3.574s] creating /home/w-ok-e/autonav/install/turtlebot3_teleop/lib/python3.10/site-packages/turtlebot3_teleop/script
[3.574s] copying /home/w-ok-e/autonav/build/turtlebot3_teleop/build/lib/turtlebot3_teleop/script/teleop_keyboard.py -> /home/w-ok-e/autonav/install/turtlebot3_teleop/lib/python3.10/site-packages/turtlebot3_teleop/script
[3.578s] copying /home/w-ok-e/autonav/build/turtlebot3_teleop/build/lib/turtlebot3_teleop/script/__init__.py -> /home/w-ok-e/autonav/install/turtlebot3_teleop/lib/python3.10/site-packages/turtlebot3_teleop/script
[3.578s] copying /home/w-ok-e/autonav/build/turtlebot3_teleop/build/lib/turtlebot3_teleop/__init__.py -> /home/w-ok-e/autonav/install/turtlebot3_teleop/lib/python3.10/site-packages/turtlebot3_teleop
[3.578s] byte-compiling /home/w-ok-e/autonav/install/turtlebot3_teleop/lib/python3.10/site-packages/turtlebot3_teleop/script/teleop_keyboard.py to teleop_keyboard.cpython-310.pyc
[3.582s] byte-compiling /home/w-ok-e/autonav/install/turtlebot3_teleop/lib/python3.10/site-packages/turtlebot3_teleop/script/__init__.py to __init__.cpython-310.pyc
[3.583s] byte-compiling /home/w-ok-e/autonav/install/turtlebot3_teleop/lib/python3.10/site-packages/turtlebot3_teleop/__init__.py to __init__.cpython-310.pyc
[3.584s] running install_data
[3.585s] creating /home/w-ok-e/autonav/install/turtlebot3_teleop/share/ament_index
[3.585s] creating /home/w-ok-e/autonav/install/turtlebot3_teleop/share/ament_index/resource_index
[3.585s] creating /home/w-ok-e/autonav/install/turtlebot3_teleop/share/ament_index/resource_index/packages
[3.585s] copying resource/turtlebot3_teleop -> /home/w-ok-e/autonav/install/turtlebot3_teleop/share/ament_index/resource_index/packages
[3.585s] copying package.xml -> /home/w-ok-e/autonav/install/turtlebot3_teleop/share/turtlebot3_teleop
[3.585s] running install_egg_info
[3.589s] Copying ../../../build/turtlebot3_teleop/turtlebot3_teleop.egg-info to /home/w-ok-e/autonav/install/turtlebot3_teleop/lib/python3.10/site-packages/turtlebot3_teleop-2.2.6-py3.10.egg-info
[3.593s] running install_scripts
[3.663s] Installing teleop_keyboard script to /home/w-ok-e/autonav/install/turtlebot3_teleop/lib/turtlebot3_teleop
[3.664s] writing list of installed files to '/home/w-ok-e/autonav/build/turtlebot3_teleop/install.log'
[3.741s] Invoked command in '/home/w-ok-e/autonav/src/turtlebot3/turtlebot3_teleop' returned '0': CONDA_PROMPT_MODIFIER=(base) PYTHONPATH=/home/w-ok-e/autonav/build/turtlebot3_teleop/prefix_override:/usr/lib/python3/dist-packages/colcon_core/task/python/colcon_distutils_commands:/home/w-ok-e/autonav/install/turtlebot3_teleop/lib/python3.10/site-packages:${PYTHONPATH} /usr/bin/python3 -W ignore:setup.py install is deprecated -W ignore:easy_install command is deprecated setup.py egg_info --egg-base ../../../build/turtlebot3_teleop build --build-base /home/w-ok-e/autonav/build/turtlebot3_teleop/build install --record /home/w-ok-e/autonav/build/turtlebot3_teleop/install.log --single-version-externally-managed install_data
